[1.908s] DEBUG:colcon:Command line arguments: ['/usr/bin/colcon', 'build', '--symlink-install']
[1.908s] DEBUG:colcon:Parsed command line arguments: Namespace(log_base=None, log_level=None, verb_name='build', build_base='build', install_base='install', merge_install=False, symlink_install=True, test_result_base=None, continue_on_error=False, executor='parallel', parallel_workers=4, event_handlers=None, ignore_user_meta=False, metas=['./colcon.meta'], base_paths=['.'], packages_ignore=None, packages_ignore_regex=None, paths=None, packages_up_to=None, packages_up_to_regex=None, packages_above=None, packages_above_and_dependencies=None, packages_above_depth=None, packages_select_by_dep=None, packages_skip_by_dep=None, packages_skip_up_to=None, packages_select_build_failed=False, packages_skip_build_finished=False, packages_select_test_failures=False, packages_skip_test_passed=False, packages_select=None, packages_skip=None, packages_select_regex=None, packages_skip_regex=None, packages_start=None, packages_end=None, allow_overriding=[], cmake_args=None, cmake_target=None, cmake_target_skip_unavailable=False, cmake_clean_cache=False, cmake_clean_first=False, cmake_force_configure=False, ament_cmake_args=None, catkin_cmake_args=None, catkin_skip_building_tests=False, verb_parser=<colcon_defaults.argument_parser.defaults.DefaultArgumentsDecorator object at 0x7fde721958d0>, verb_extension=<colcon_core.verb.build.BuildVerb object at 0x7fde721b6230>, main=<bound method BuildVerb.main of <colcon_core.verb.build.BuildVerb object at 0x7fde721b6230>>)
[1.993s] Level 1:colcon.colcon_core.package_discovery:discover_packages(colcon_meta) check parameters
[1.993s] Level 1:colcon.colcon_core.package_discovery:discover_packages(recursive) check parameters
[1.993s] Level 1:colcon.colcon_core.package_discovery:discover_packages(ignore) check parameters
[1.993s] Level 1:colcon.colcon_core.package_discovery:discover_packages(path) check parameters
[1.993s] Level 1:colcon.colcon_core.package_discovery:discover_packages(colcon_meta) discover
[1.993s] Level 1:colcon.colcon_core.package_discovery:discover_packages(recursive) discover
[1.993s] INFO:colcon.colcon_core.package_discovery:Crawling recursively for packages in '/home/edgar/Desktop/ldlidar_ros2_ws'
[1.993s] Level 1:colcon.colcon_core.package_identification:_identify(.) by extensions ['ignore', 'ignore_ament_install']
[1.994s] Level 1:colcon.colcon_core.package_identification:_identify(.) by extension 'ignore'
[1.994s] Level 1:colcon.colcon_core.package_identification:_identify(.) by extension 'ignore_ament_install'
[1.994s] Level 1:colcon.colcon_core.package_identification:_identify(.) by extensions ['colcon_pkg']
[1.994s] Level 1:colcon.colcon_core.package_identification:_identify(.) by extension 'colcon_pkg'
[1.994s] Level 1:colcon.colcon_core.package_identification:_identify(.) by extensions ['colcon_meta']
[1.994s] Level 1:colcon.colcon_core.package_identification:_identify(.) by extension 'colcon_meta'
[1.994s] Level 1:colcon.colcon_core.package_identification:_identify(.) by extensions ['ros']
[1.994s] Level 1:colcon.colcon_core.package_identification:_identify(.) by extension 'ros'
[2.015s] Level 1:colcon.colcon_core.package_identification:_identify(.) by extensions ['cmake', 'python']
[2.015s] Level 1:colcon.colcon_core.package_identification:_identify(.) by extension 'cmake'
[2.016s] Level 1:colcon.colcon_core.package_identification:_identify(.) by extension 'python'
[2.016s] Level 1:colcon.colcon_core.package_identification:_identify(.) by extensions ['python_setup_py']
[2.016s] Level 1:colcon.colcon_core.package_identification:_identify(.) by extension 'python_setup_py'
[2.016s] Level 1:colcon.colcon_core.package_identification:_identify(build) by extensions ['ignore', 'ignore_ament_install']
[2.016s] Level 1:colcon.colcon_core.package_identification:_identify(build) by extension 'ignore'
[2.016s] Level 1:colcon.colcon_core.package_identification:_identify(build) ignored
[2.016s] Level 1:colcon.colcon_core.package_identification:_identify(install) by extensions ['ignore', 'ignore_ament_install']
[2.017s] Level 1:colcon.colcon_core.package_identification:_identify(install) by extension 'ignore'
[2.017s] Level 1:colcon.colcon_core.package_identification:_identify(install) ignored
[2.017s] Level 1:colcon.colcon_core.package_identification:_identify(log) by extensions ['ignore', 'ignore_ament_install']
[2.017s] Level 1:colcon.colcon_core.package_identification:_identify(log) by extension 'ignore'
[2.017s] Level 1:colcon.colcon_core.package_identification:_identify(log) ignored
[2.017s] Level 1:colcon.colcon_core.package_identification:_identify(src) by extensions ['ignore', 'ignore_ament_install']
[2.017s] Level 1:colcon.colcon_core.package_identification:_identify(src) by extension 'ignore'
[2.018s] Level 1:colcon.colcon_core.package_identification:_identify(src) by extension 'ignore_ament_install'
[2.018s] Level 1:colcon.colcon_core.package_identification:_identify(src) by extensions ['colcon_pkg']
[2.018s] Level 1:colcon.colcon_core.package_identification:_identify(src) by extension 'colcon_pkg'
[2.018s] Level 1:colcon.colcon_core.package_identification:_identify(src) by extensions ['colcon_meta']
[2.018s] Level 1:colcon.colcon_core.package_identification:_identify(src) by extension 'colcon_meta'
[2.018s] Level 1:colcon.colcon_core.package_identification:_identify(src) by extensions ['ros']
[2.018s] Level 1:colcon.colcon_core.package_identification:_identify(src) by extension 'ros'
[2.018s] Level 1:colcon.colcon_core.package_identification:_identify(src) by extensions ['cmake', 'python']
[2.018s] Level 1:colcon.colcon_core.package_identification:_identify(src) by extension 'cmake'
[2.018s] Level 1:colcon.colcon_core.package_identification:_identify(src) by extension 'python'
[2.018s] Level 1:colcon.colcon_core.package_identification:_identify(src) by extensions ['python_setup_py']
[2.018s] Level 1:colcon.colcon_core.package_identification:_identify(src) by extension 'python_setup_py'
[2.019s] Level 1:colcon.colcon_core.package_identification:_identify(src/laser_consumer) by extensions ['ignore', 'ignore_ament_install']
[2.019s] Level 1:colcon.colcon_core.package_identification:_identify(src/laser_consumer) by extension 'ignore'
[2.019s] Level 1:colcon.colcon_core.package_identification:_identify(src/laser_consumer) by extension 'ignore_ament_install'
[2.019s] Level 1:colcon.colcon_core.package_identification:_identify(src/laser_consumer) by extensions ['colcon_pkg']
[2.019s] Level 1:colcon.colcon_core.package_identification:_identify(src/laser_consumer) by extension 'colcon_pkg'
[2.019s] Level 1:colcon.colcon_core.package_identification:_identify(src/laser_consumer) by extensions ['colcon_meta']
[2.019s] Level 1:colcon.colcon_core.package_identification:_identify(src/laser_consumer) by extension 'colcon_meta'
[2.019s] Level 1:colcon.colcon_core.package_identification:_identify(src/laser_consumer) by extensions ['ros']
[2.019s] Level 1:colcon.colcon_core.package_identification:_identify(src/laser_consumer) by extension 'ros'
[2.024s] DEBUG:colcon.colcon_core.package_identification:Package 'src/laser_consumer' with type 'ros.ament_cmake' and name 'laser_consumer'
[2.024s] Level 1:colcon.colcon_core.package_identification:_identify(src/ldlidar_stl_ros2) by extensions ['ignore', 'ignore_ament_install']
[2.025s] Level 1:colcon.colcon_core.package_identification:_identify(src/ldlidar_stl_ros2) by extension 'ignore'
[2.025s] Level 1:colcon.colcon_core.package_identification:_identify(src/ldlidar_stl_ros2) by extension 'ignore_ament_install'
[2.025s] Level 1:colcon.colcon_core.package_identification:_identify(src/ldlidar_stl_ros2) by extensions ['colcon_pkg']
[2.025s] Level 1:colcon.colcon_core.package_identification:_identify(src/ldlidar_stl_ros2) by extension 'colcon_pkg'
[2.025s] Level 1:colcon.colcon_core.package_identification:_identify(src/ldlidar_stl_ros2) by extensions ['colcon_meta']
[2.025s] Level 1:colcon.colcon_core.package_identification:_identify(src/ldlidar_stl_ros2) by extension 'colcon_meta'
[2.025s] Level 1:colcon.colcon_core.package_identification:_identify(src/ldlidar_stl_ros2) by extensions ['ros']
[2.025s] Level 1:colcon.colcon_core.package_identification:_identify(src/ldlidar_stl_ros2) by extension 'ros'
[2.027s] DEBUG:colcon.colcon_core.package_identification:Package 'src/ldlidar_stl_ros2' with type 'ros.ament_cmake' and name 'ldlidar_stl_ros2'
[2.027s] Level 1:colcon.colcon_core.package_discovery:discover_packages(recursive) using defaults
[2.027s] Level 1:colcon.colcon_core.package_discovery:discover_packages(ignore) discover
[2.027s] Level 1:colcon.colcon_core.package_discovery:discover_packages(ignore) using defaults
[2.027s] Level 1:colcon.colcon_core.package_discovery:discover_packages(path) discover
[2.027s] Level 1:colcon.colcon_core.package_discovery:discover_packages(path) using defaults
[2.199s] Level 1:colcon.colcon_core.package_discovery:discover_packages(prefix_path) check parameters
[2.199s] Level 1:colcon.colcon_core.package_discovery:discover_packages(prefix_path) discover
[2.257s] DEBUG:colcon.colcon_installed_package_information.package_discovery:Found 281 installed packages in /opt/ros/iron
[2.260s] Level 1:colcon.colcon_core.package_discovery:discover_packages(prefix_path) using defaults
[2.433s] Level 5:colcon.colcon_core.verb:set package 'laser_consumer' build argument 'cmake_args' from command line to 'None'
[2.433s] Level 5:colcon.colcon_core.verb:set package 'laser_consumer' build argument 'cmake_target' from command line to 'None'
[2.433s] Level 5:colcon.colcon_core.verb:set package 'laser_consumer' build argument 'cmake_target_skip_unavailable' from command line to 'False'
[2.433s] Level 5:colcon.colcon_core.verb:set package 'laser_consumer' build argument 'cmake_clean_cache' from command line to 'False'
[2.433s] Level 5:colcon.colcon_core.verb:set package 'laser_consumer' build argument 'cmake_clean_first' from command line to 'False'
[2.433s] Level 5:colcon.colcon_core.verb:set package 'laser_consumer' build argument 'cmake_force_configure' from command line to 'False'
[2.434s] Level 5:colcon.colcon_core.verb:set package 'laser_consumer' build argument 'ament_cmake_args' from command line to 'None'
[2.434s] Level 5:colcon.colcon_core.verb:set package 'laser_consumer' build argument 'catkin_cmake_args' from command line to 'None'
[2.434s] Level 5:colcon.colcon_core.verb:set package 'laser_consumer' build argument 'catkin_skip_building_tests' from command line to 'False'
[2.434s] DEBUG:colcon.colcon_core.verb:Building package 'laser_consumer' with the following arguments: {'ament_cmake_args': None, 'build_base': '/home/edgar/Desktop/ldlidar_ros2_ws/build/laser_consumer', 'catkin_cmake_args': None, 'catkin_skip_building_tests': False, 'cmake_args': None, 'cmake_clean_cache': False, 'cmake_clean_first': False, 'cmake_force_configure': False, 'cmake_target': None, 'cmake_target_skip_unavailable': False, 'install_base': '/home/edgar/Desktop/ldlidar_ros2_ws/install/laser_consumer', 'merge_install': False, 'path': '/home/edgar/Desktop/ldlidar_ros2_ws/src/laser_consumer', 'symlink_install': True, 'test_result_base': None}
[2.461s] Level 5:colcon.colcon_core.verb:set package 'ldlidar_stl_ros2' build argument 'cmake_args' from command line to 'None'
[2.461s] Level 5:colcon.colcon_core.verb:set package 'ldlidar_stl_ros2' build argument 'cmake_target' from command line to 'None'
[2.461s] Level 5:colcon.colcon_core.verb:set package 'ldlidar_stl_ros2' build argument 'cmake_target_skip_unavailable' from command line to 'False'
[2.461s] Level 5:colcon.colcon_core.verb:set package 'ldlidar_stl_ros2' build argument 'cmake_clean_cache' from command line to 'False'
[2.461s] Level 5:colcon.colcon_core.verb:set package 'ldlidar_stl_ros2' build argument 'cmake_clean_first' from command line to 'False'
[2.461s] Level 5:colcon.colcon_core.verb:set package 'ldlidar_stl_ros2' build argument 'cmake_force_configure' from command line to 'False'
[2.461s] Level 5:colcon.colcon_core.verb:set package 'ldlidar_stl_ros2' build argument 'ament_cmake_args' from command line to 'None'
[2.461s] Level 5:colcon.colcon_core.verb:set package 'ldlidar_stl_ros2' build argument 'catkin_cmake_args' from command line to 'None'
[2.461s] Level 5:colcon.colcon_core.verb:set package 'ldlidar_stl_ros2' build argument 'catkin_skip_building_tests' from command line to 'False'
[2.461s] DEBUG:colcon.colcon_core.verb:Building package 'ldlidar_stl_ros2' with the following arguments: {'ament_cmake_args': None, 'build_base': '/home/edgar/Desktop/ldlidar_ros2_ws/build/ldlidar_stl_ros2', 'catkin_cmake_args': None, 'catkin_skip_building_tests': False, 'cmake_args': None, 'cmake_clean_cache': False, 'cmake_clean_first': False, 'cmake_force_configure': False, 'cmake_target': None, 'cmake_target_skip_unavailable': False, 'install_base': '/home/edgar/Desktop/ldlidar_ros2_ws/install/ldlidar_stl_ros2', 'merge_install': False, 'path': '/home/edgar/Desktop/ldlidar_ros2_ws/src/ldlidar_stl_ros2', 'symlink_install': True, 'test_result_base': None}
[2.489s] INFO:colcon.colcon_core.executor:Executing jobs using 'parallel' executor
[2.518s] DEBUG:colcon.colcon_parallel_executor.executor.parallel:run_until_complete
[2.519s] INFO:colcon.colcon_ros.task.ament_cmake.build:Building ROS package in '/home/edgar/Desktop/ldlidar_ros2_ws/src/laser_consumer' with build type 'ament_cmake'
[2.519s] INFO:colcon.colcon_cmake.task.cmake.build:Building CMake package in '/home/edgar/Desktop/ldlidar_ros2_ws/src/laser_consumer'
[2.549s] INFO:colcon.colcon_core.plugin_system:Skipping extension 'colcon_core.shell.bat': Not used on non-Windows systems
[2.549s] INFO:colcon.colcon_core.shell:Skip shell extension 'powershell' for command environment: Not usable outside of PowerShell
[2.549s] DEBUG:colcon.colcon_core.shell:Skip shell extension 'dsv' for command environment
[2.611s] INFO:colcon.colcon_ros.task.ament_cmake.build:Building ROS package in '/home/edgar/Desktop/ldlidar_ros2_ws/src/ldlidar_stl_ros2' with build type 'ament_cmake'
[2.611s] INFO:colcon.colcon_cmake.task.cmake.build:Building CMake package in '/home/edgar/Desktop/ldlidar_ros2_ws/src/ldlidar_stl_ros2'
[2.641s] INFO:colcon.colcon_core.shell:Skip shell extension 'powershell' for command environment: Not usable outside of PowerShell
[2.641s] DEBUG:colcon.colcon_core.shell:Skip shell extension 'dsv' for command environment
[2.710s] DEBUG:colcon.colcon_core.event_handler.log_command:Invoking command in '/home/edgar/Desktop/ldlidar_ros2_ws/build/laser_consumer': CMAKE_PREFIX_PATH=/opt/ros/iron /usr/bin/cmake --build /home/edgar/Desktop/ldlidar_ros2_ws/build/laser_consumer -- -j4 -l4
[2.720s] DEBUG:colcon.colcon_core.event_handler.log_command:Invoking command in '/home/edgar/Desktop/ldlidar_ros2_ws/build/ldlidar_stl_ros2': CMAKE_PREFIX_PATH=/opt/ros/iron /usr/bin/cmake --build /home/edgar/Desktop/ldlidar_ros2_ws/build/ldlidar_stl_ros2 -- -j4 -l4
[2.817s] DEBUG:colcon.colcon_core.event_handler.log_command:Invoked command in '/home/edgar/Desktop/ldlidar_ros2_ws/build/ldlidar_stl_ros2' returned '0': CMAKE_PREFIX_PATH=/opt/ros/iron /usr/bin/cmake --build /home/edgar/Desktop/ldlidar_ros2_ws/build/ldlidar_stl_ros2 -- -j4 -l4
[2.946s] DEBUG:colcon.colcon_core.event_handler.log_command:Invoking command in '/home/edgar/Desktop/ldlidar_ros2_ws/build/ldlidar_stl_ros2': CMAKE_PREFIX_PATH=/opt/ros/iron /usr/bin/cmake --install /home/edgar/Desktop/ldlidar_ros2_ws/build/ldlidar_stl_ros2
[3.005s] Level 1:colcon.colcon_core.environment:create_environment_scripts_only(ldlidar_stl_ros2)
[3.077s] DEBUG:colcon.colcon_core.event_handler.log_command:Invoked command in '/home/edgar/Desktop/ldlidar_ros2_ws/build/ldlidar_stl_ros2' returned '0': CMAKE_PREFIX_PATH=/opt/ros/iron /usr/bin/cmake --install /home/edgar/Desktop/ldlidar_ros2_ws/build/ldlidar_stl_ros2
[3.090s] Level 1:colcon.colcon_core.environment:checking '/home/edgar/Desktop/ldlidar_ros2_ws/install/ldlidar_stl_ros2' for CMake module files
[3.092s] Level 1:colcon.colcon_core.environment:checking '/home/edgar/Desktop/ldlidar_ros2_ws/install/ldlidar_stl_ros2' for CMake config files
[3.093s] Level 1:colcon.colcon_core.shell:create_environment_hook('ldlidar_stl_ros2', 'cmake_prefix_path')
[3.133s] INFO:colcon.colcon_core.shell:Creating environment hook '/home/edgar/Desktop/ldlidar_ros2_ws/install/ldlidar_stl_ros2/share/ldlidar_stl_ros2/hook/cmake_prefix_path.ps1'
[3.134s] INFO:colcon.colcon_core.shell:Creating environment descriptor '/home/edgar/Desktop/ldlidar_ros2_ws/install/ldlidar_stl_ros2/share/ldlidar_stl_ros2/hook/cmake_prefix_path.dsv'
[3.135s] INFO:colcon.colcon_core.shell:Creating environment hook '/home/edgar/Desktop/ldlidar_ros2_ws/install/ldlidar_stl_ros2/share/ldlidar_stl_ros2/hook/cmake_prefix_path.sh'
[3.137s] Level 1:colcon.colcon_core.environment:checking '/home/edgar/Desktop/ldlidar_ros2_ws/install/ldlidar_stl_ros2/lib'
[3.137s] Level 1:colcon.colcon_core.environment:checking '/home/edgar/Desktop/ldlidar_ros2_ws/install/ldlidar_stl_ros2/bin'
[3.137s] Level 1:colcon.colcon_core.environment:checking '/home/edgar/Desktop/ldlidar_ros2_ws/install/ldlidar_stl_ros2/lib/pkgconfig/ldlidar_stl_ros2.pc'
[3.138s] Level 1:colcon.colcon_core.environment:checking '/home/edgar/Desktop/ldlidar_ros2_ws/install/ldlidar_stl_ros2/lib/python3.10/site-packages'
[3.138s] Level 1:colcon.colcon_core.environment:checking '/home/edgar/Desktop/ldlidar_ros2_ws/install/ldlidar_stl_ros2/bin'
[3.181s] INFO:colcon.colcon_core.shell:Creating package script '/home/edgar/Desktop/ldlidar_ros2_ws/install/ldlidar_stl_ros2/share/ldlidar_stl_ros2/package.ps1'
[3.183s] INFO:colcon.colcon_core.shell:Creating package descriptor '/home/edgar/Desktop/ldlidar_ros2_ws/install/ldlidar_stl_ros2/share/ldlidar_stl_ros2/package.dsv'
[3.184s] INFO:colcon.colcon_core.shell:Creating package script '/home/edgar/Desktop/ldlidar_ros2_ws/install/ldlidar_stl_ros2/share/ldlidar_stl_ros2/package.sh'
[3.186s] INFO:colcon.colcon_core.shell:Creating package script '/home/edgar/Desktop/ldlidar_ros2_ws/install/ldlidar_stl_ros2/share/ldlidar_stl_ros2/package.bash'
[3.188s] INFO:colcon.colcon_core.shell:Creating package script '/home/edgar/Desktop/ldlidar_ros2_ws/install/ldlidar_stl_ros2/share/ldlidar_stl_ros2/package.zsh'
[3.189s] Level 1:colcon.colcon_core.environment:create_file_with_runtime_dependencies(/home/edgar/Desktop/ldlidar_ros2_ws/install/ldlidar_stl_ros2/share/colcon-core/packages/ldlidar_stl_ros2)
[3.385s] Level 1:colcon.colcon_core.environment:create_environment_scripts_only(ldlidar_stl_ros2)
[3.426s] Level 1:colcon.colcon_core.environment:checking '/home/edgar/Desktop/ldlidar_ros2_ws/install/ldlidar_stl_ros2' for CMake module files
[3.427s] Level 1:colcon.colcon_core.environment:checking '/home/edgar/Desktop/ldlidar_ros2_ws/install/ldlidar_stl_ros2' for CMake config files
[3.428s] Level 1:colcon.colcon_core.shell:create_environment_hook('ldlidar_stl_ros2', 'cmake_prefix_path')
[3.470s] INFO:colcon.colcon_core.shell:Creating environment hook '/home/edgar/Desktop/ldlidar_ros2_ws/install/ldlidar_stl_ros2/share/ldlidar_stl_ros2/hook/cmake_prefix_path.ps1'
[3.470s] INFO:colcon.colcon_core.shell:Creating environment descriptor '/home/edgar/Desktop/ldlidar_ros2_ws/install/ldlidar_stl_ros2/share/ldlidar_stl_ros2/hook/cmake_prefix_path.dsv'
[3.471s] INFO:colcon.colcon_core.shell:Creating environment hook '/home/edgar/Desktop/ldlidar_ros2_ws/install/ldlidar_stl_ros2/share/ldlidar_stl_ros2/hook/cmake_prefix_path.sh'
[3.472s] Level 1:colcon.colcon_core.environment:checking '/home/edgar/Desktop/ldlidar_ros2_ws/install/ldlidar_stl_ros2/lib'
[3.472s] Level 1:colcon.colcon_core.environment:checking '/home/edgar/Desktop/ldlidar_ros2_ws/install/ldlidar_stl_ros2/bin'
[3.472s] Level 1:colcon.colcon_core.environment:checking '/home/edgar/Desktop/ldlidar_ros2_ws/install/ldlidar_stl_ros2/lib/pkgconfig/ldlidar_stl_ros2.pc'
[3.473s] Level 1:colcon.colcon_core.environment:checking '/home/edgar/Desktop/ldlidar_ros2_ws/install/ldlidar_stl_ros2/lib/python3.10/site-packages'
[3.473s] Level 1:colcon.colcon_core.environment:checking '/home/edgar/Desktop/ldlidar_ros2_ws/install/ldlidar_stl_ros2/bin'
[3.514s] INFO:colcon.colcon_core.shell:Creating package script '/home/edgar/Desktop/ldlidar_ros2_ws/install/ldlidar_stl_ros2/share/ldlidar_stl_ros2/package.ps1'
[3.515s] INFO:colcon.colcon_core.shell:Creating package descriptor '/home/edgar/Desktop/ldlidar_ros2_ws/install/ldlidar_stl_ros2/share/ldlidar_stl_ros2/package.dsv'
[3.516s] INFO:colcon.colcon_core.shell:Creating package script '/home/edgar/Desktop/ldlidar_ros2_ws/install/ldlidar_stl_ros2/share/ldlidar_stl_ros2/package.sh'
[3.517s] INFO:colcon.colcon_core.shell:Creating package script '/home/edgar/Desktop/ldlidar_ros2_ws/install/ldlidar_stl_ros2/share/ldlidar_stl_ros2/package.bash'
[3.518s] INFO:colcon.colcon_core.shell:Creating package script '/home/edgar/Desktop/ldlidar_ros2_ws/install/ldlidar_stl_ros2/share/ldlidar_stl_ros2/package.zsh'
[3.519s] Level 1:colcon.colcon_core.environment:create_file_with_runtime_dependencies(/home/edgar/Desktop/ldlidar_ros2_ws/install/ldlidar_stl_ros2/share/colcon-core/packages/ldlidar_stl_ros2)
[18.618s] DEBUG:colcon.colcon_core.event_handler.log_command:Invoked command in '/home/edgar/Desktop/ldlidar_ros2_ws/build/laser_consumer' returned '0': CMAKE_PREFIX_PATH=/opt/ros/iron /usr/bin/cmake --build /home/edgar/Desktop/ldlidar_ros2_ws/build/laser_consumer -- -j4 -l4
[18.702s] DEBUG:colcon.colcon_core.event_handler.log_command:Invoking command in '/home/edgar/Desktop/ldlidar_ros2_ws/build/laser_consumer': CMAKE_PREFIX_PATH=/opt/ros/iron /usr/bin/cmake --install /home/edgar/Desktop/ldlidar_ros2_ws/build/laser_consumer
[18.764s] Level 1:colcon.colcon_core.environment:create_environment_scripts_only(laser_consumer)
[18.765s] DEBUG:colcon.colcon_core.event_handler.log_command:Invoked command in '/home/edgar/Desktop/ldlidar_ros2_ws/build/laser_consumer' returned '0': CMAKE_PREFIX_PATH=/opt/ros/iron /usr/bin/cmake --install /home/edgar/Desktop/ldlidar_ros2_ws/build/laser_consumer
[18.806s] Level 1:colcon.colcon_core.environment:checking '/home/edgar/Desktop/ldlidar_ros2_ws/install/laser_consumer' for CMake module files
[18.808s] Level 1:colcon.colcon_core.environment:checking '/home/edgar/Desktop/ldlidar_ros2_ws/install/laser_consumer' for CMake config files
[18.809s] Level 1:colcon.colcon_core.shell:create_environment_hook('laser_consumer', 'cmake_prefix_path')
[18.849s] INFO:colcon.colcon_core.shell:Creating environment hook '/home/edgar/Desktop/ldlidar_ros2_ws/install/laser_consumer/share/laser_consumer/hook/cmake_prefix_path.ps1'
[18.849s] INFO:colcon.colcon_core.shell:Creating environment descriptor '/home/edgar/Desktop/ldlidar_ros2_ws/install/laser_consumer/share/laser_consumer/hook/cmake_prefix_path.dsv'
[18.850s] INFO:colcon.colcon_core.shell:Creating environment hook '/home/edgar/Desktop/ldlidar_ros2_ws/install/laser_consumer/share/laser_consumer/hook/cmake_prefix_path.sh'
[18.851s] Level 1:colcon.colcon_core.environment:checking '/home/edgar/Desktop/ldlidar_ros2_ws/install/laser_consumer/lib'
[18.851s] Level 1:colcon.colcon_core.environment:checking '/home/edgar/Desktop/ldlidar_ros2_ws/install/laser_consumer/bin'
[18.851s] Level 1:colcon.colcon_core.environment:checking '/home/edgar/Desktop/ldlidar_ros2_ws/install/laser_consumer/lib/pkgconfig/laser_consumer.pc'
[18.852s] Level 1:colcon.colcon_core.environment:checking '/home/edgar/Desktop/ldlidar_ros2_ws/install/laser_consumer/lib/python3.10/site-packages'
[18.852s] Level 1:colcon.colcon_core.environment:checking '/home/edgar/Desktop/ldlidar_ros2_ws/install/laser_consumer/bin'
[18.893s] INFO:colcon.colcon_core.shell:Creating package script '/home/edgar/Desktop/ldlidar_ros2_ws/install/laser_consumer/share/laser_consumer/package.ps1'
[18.894s] INFO:colcon.colcon_core.shell:Creating package descriptor '/home/edgar/Desktop/ldlidar_ros2_ws/install/laser_consumer/share/laser_consumer/package.dsv'
[18.895s] INFO:colcon.colcon_core.shell:Creating package script '/home/edgar/Desktop/ldlidar_ros2_ws/install/laser_consumer/share/laser_consumer/package.sh'
[18.895s] INFO:colcon.colcon_core.shell:Creating package script '/home/edgar/Desktop/ldlidar_ros2_ws/install/laser_consumer/share/laser_consumer/package.bash'
[18.896s] INFO:colcon.colcon_core.shell:Creating package script '/home/edgar/Desktop/ldlidar_ros2_ws/install/laser_consumer/share/laser_consumer/package.zsh'
[18.897s] Level 1:colcon.colcon_core.environment:create_file_with_runtime_dependencies(/home/edgar/Desktop/ldlidar_ros2_ws/install/laser_consumer/share/colcon-core/packages/laser_consumer)
[19.113s] Level 1:colcon.colcon_core.environment:create_environment_scripts_only(laser_consumer)
[19.154s] Level 1:colcon.colcon_core.environment:checking '/home/edgar/Desktop/ldlidar_ros2_ws/install/laser_consumer' for CMake module files
[19.155s] Level 1:colcon.colcon_core.environment:checking '/home/edgar/Desktop/ldlidar_ros2_ws/install/laser_consumer' for CMake config files
[19.156s] Level 1:colcon.colcon_core.shell:create_environment_hook('laser_consumer', 'cmake_prefix_path')
[19.197s] INFO:colcon.colcon_core.shell:Creating environment hook '/home/edgar/Desktop/ldlidar_ros2_ws/install/laser_consumer/share/laser_consumer/hook/cmake_prefix_path.ps1'
[19.198s] INFO:colcon.colcon_core.shell:Creating environment descriptor '/home/edgar/Desktop/ldlidar_ros2_ws/install/laser_consumer/share/laser_consumer/hook/cmake_prefix_path.dsv'
[19.198s] INFO:colcon.colcon_core.shell:Creating environment hook '/home/edgar/Desktop/ldlidar_ros2_ws/install/laser_consumer/share/laser_consumer/hook/cmake_prefix_path.sh'
[19.199s] Level 1:colcon.colcon_core.environment:checking '/home/edgar/Desktop/ldlidar_ros2_ws/install/laser_consumer/lib'
[19.199s] Level 1:colcon.colcon_core.environment:checking '/home/edgar/Desktop/ldlidar_ros2_ws/install/laser_consumer/bin'
[19.199s] Level 1:colcon.colcon_core.environment:checking '/home/edgar/Desktop/ldlidar_ros2_ws/install/laser_consumer/lib/pkgconfig/laser_consumer.pc'
[19.200s] Level 1:colcon.colcon_core.environment:checking '/home/edgar/Desktop/ldlidar_ros2_ws/install/laser_consumer/lib/python3.10/site-packages'
[19.200s] Level 1:colcon.colcon_core.environment:checking '/home/edgar/Desktop/ldlidar_ros2_ws/install/laser_consumer/bin'
[19.241s] INFO:colcon.colcon_core.shell:Creating package script '/home/edgar/Desktop/ldlidar_ros2_ws/install/laser_consumer/share/laser_consumer/package.ps1'
[19.243s] INFO:colcon.colcon_core.shell:Creating package descriptor '/home/edgar/Desktop/ldlidar_ros2_ws/install/laser_consumer/share/laser_consumer/package.dsv'
[19.244s] INFO:colcon.colcon_core.shell:Creating package script '/home/edgar/Desktop/ldlidar_ros2_ws/install/laser_consumer/share/laser_consumer/package.sh'
[19.244s] INFO:colcon.colcon_core.shell:Creating package script '/home/edgar/Desktop/ldlidar_ros2_ws/install/laser_consumer/share/laser_consumer/package.bash'
[19.245s] INFO:colcon.colcon_core.shell:Creating package script '/home/edgar/Desktop/ldlidar_ros2_ws/install/laser_consumer/share/laser_consumer/package.zsh'
[19.246s] Level 1:colcon.colcon_core.environment:create_file_with_runtime_dependencies(/home/edgar/Desktop/ldlidar_ros2_ws/install/laser_consumer/share/colcon-core/packages/laser_consumer)
[19.247s] DEBUG:colcon.colcon_parallel_executor.executor.parallel:closing loop
[19.248s] DEBUG:colcon.colcon_parallel_executor.executor.parallel:loop closed
[19.248s] DEBUG:colcon.colcon_parallel_executor.executor.parallel:run_until_complete finished with '0'
[19.248s] DEBUG:colcon.colcon_core.event_reactor:joining thread
[19.313s] INFO:colcon.colcon_core.plugin_system:Skipping extension 'colcon_notification.desktop_notification.terminal_notifier': Not used on non-Darwin systems
[19.313s] INFO:colcon.colcon_core.plugin_system:Skipping extension 'colcon_notification.desktop_notification.win32': Not used on non-Windows systems
[19.313s] INFO:colcon.colcon_notification.desktop_notification:Sending desktop notification using 'notify2'
[19.874s] DEBUG:colcon.colcon_core.event_reactor:joined thread
[19.897s] INFO:colcon.colcon_core.shell:Creating prefix script '/home/edgar/Desktop/ldlidar_ros2_ws/install/local_setup.ps1'
[19.898s] INFO:colcon.colcon_core.shell:Creating prefix util module '/home/edgar/Desktop/ldlidar_ros2_ws/install/_local_setup_util_ps1.py'
[19.902s] INFO:colcon.colcon_core.shell:Creating prefix chain script '/home/edgar/Desktop/ldlidar_ros2_ws/install/setup.ps1'
[19.930s] INFO:colcon.colcon_core.shell:Creating prefix script '/home/edgar/Desktop/ldlidar_ros2_ws/install/local_setup.sh'
[19.931s] INFO:colcon.colcon_core.shell:Creating prefix util module '/home/edgar/Desktop/ldlidar_ros2_ws/install/_local_setup_util_sh.py'
[19.932s] INFO:colcon.colcon_core.shell:Creating prefix chain script '/home/edgar/Desktop/ldlidar_ros2_ws/install/setup.sh'
[19.960s] INFO:colcon.colcon_core.shell:Creating prefix script '/home/edgar/Desktop/ldlidar_ros2_ws/install/local_setup.bash'
[19.961s] INFO:colcon.colcon_core.shell:Creating prefix chain script '/home/edgar/Desktop/ldlidar_ros2_ws/install/setup.bash'
[19.990s] INFO:colcon.colcon_core.shell:Creating prefix script '/home/edgar/Desktop/ldlidar_ros2_ws/install/local_setup.zsh'
[19.990s] INFO:colcon.colcon_core.shell:Creating prefix chain script '/home/edgar/Desktop/ldlidar_ros2_ws/install/setup.zsh'
