[4.267s] DEBUG:colcon:Command line arguments: ['/usr/bin/colcon', 'build', '--symlink-install']
[4.267s] DEBUG:colcon:Parsed command line arguments: Namespace(log_base=None, log_level=None, verb_name='build', build_base='build', install_base='install', merge_install=False, symlink_install=True, test_result_base=None, continue_on_error=False, executor='parallel', parallel_workers=4, event_handlers=None, ignore_user_meta=False, metas=['./colcon.meta'], base_paths=['.'], packages_ignore=None, packages_ignore_regex=None, paths=None, packages_up_to=None, packages_up_to_regex=None, packages_above=None, packages_above_and_dependencies=None, packages_above_depth=None, packages_select_by_dep=None, packages_skip_by_dep=None, packages_skip_up_to=None, packages_select_build_failed=False, packages_skip_build_finished=False, packages_select_test_failures=False, packages_skip_test_passed=False, packages_select=None, packages_skip=None, packages_select_regex=None, packages_skip_regex=None, packages_start=None, packages_end=None, allow_overriding=[], cmake_args=None, cmake_target=None, cmake_target_skip_unavailable=False, cmake_clean_cache=False, cmake_clean_first=False, cmake_force_configure=False, ament_cmake_args=None, catkin_cmake_args=None, catkin_skip_building_tests=False, verb_parser=<colcon_defaults.argument_parser.defaults.DefaultArgumentsDecorator object at 0x7fd79bf3f7c0>, verb_extension=<colcon_core.verb.build.BuildVerb object at 0x7fd79bf5e230>, main=<bound method BuildVerb.main of <colcon_core.verb.build.BuildVerb object at 0x7fd79bf5e230>>)
[4.353s] Level 1:colcon.colcon_core.package_discovery:discover_packages(colcon_meta) check parameters
[4.353s] Level 1:colcon.colcon_core.package_discovery:discover_packages(recursive) check parameters
[4.353s] Level 1:colcon.colcon_core.package_discovery:discover_packages(ignore) check parameters
[4.353s] Level 1:colcon.colcon_core.package_discovery:discover_packages(path) check parameters
[4.353s] Level 1:colcon.colcon_core.package_discovery:discover_packages(colcon_meta) discover
[4.353s] Level 1:colcon.colcon_core.package_discovery:discover_packages(recursive) discover
[4.353s] INFO:colcon.colcon_core.package_discovery:Crawling recursively for packages in '/home/edgar/Desktop/ldlidar_ros2_ws'
[4.353s] Level 1:colcon.colcon_core.package_identification:_identify(.) by extensions ['ignore', 'ignore_ament_install']
[4.354s] Level 1:colcon.colcon_core.package_identification:_identify(.) by extension 'ignore'
[4.354s] Level 1:colcon.colcon_core.package_identification:_identify(.) by extension 'ignore_ament_install'
[4.354s] Level 1:colcon.colcon_core.package_identification:_identify(.) by extensions ['colcon_pkg']
[4.354s] Level 1:colcon.colcon_core.package_identification:_identify(.) by extension 'colcon_pkg'
[4.354s] Level 1:colcon.colcon_core.package_identification:_identify(.) by extensions ['colcon_meta']
[4.354s] Level 1:colcon.colcon_core.package_identification:_identify(.) by extension 'colcon_meta'
[4.354s] Level 1:colcon.colcon_core.package_identification:_identify(.) by extensions ['ros']
[4.354s] Level 1:colcon.colcon_core.package_identification:_identify(.) by extension 'ros'
[4.375s] Level 1:colcon.colcon_core.package_identification:_identify(.) by extensions ['cmake', 'python']
[4.375s] Level 1:colcon.colcon_core.package_identification:_identify(.) by extension 'cmake'
[4.375s] Level 1:colcon.colcon_core.package_identification:_identify(.) by extension 'python'
[4.375s] Level 1:colcon.colcon_core.package_identification:_identify(.) by extensions ['python_setup_py']
[4.375s] Level 1:colcon.colcon_core.package_identification:_identify(.) by extension 'python_setup_py'
[4.375s] Level 1:colcon.colcon_core.package_identification:_identify(build) by extensions ['ignore', 'ignore_ament_install']
[4.376s] Level 1:colcon.colcon_core.package_identification:_identify(build) by extension 'ignore'
[4.376s] Level 1:colcon.colcon_core.package_identification:_identify(build) ignored
[4.376s] Level 1:colcon.colcon_core.package_identification:_identify(install) by extensions ['ignore', 'ignore_ament_install']
[4.376s] Level 1:colcon.colcon_core.package_identification:_identify(install) by extension 'ignore'
[4.376s] Level 1:colcon.colcon_core.package_identification:_identify(install) ignored
[4.376s] Level 1:colcon.colcon_core.package_identification:_identify(log) by extensions ['ignore', 'ignore_ament_install']
[4.376s] Level 1:colcon.colcon_core.package_identification:_identify(log) by extension 'ignore'
[4.376s] Level 1:colcon.colcon_core.package_identification:_identify(log) ignored
[4.377s] Level 1:colcon.colcon_core.package_identification:_identify(src) by extensions ['ignore', 'ignore_ament_install']
[4.377s] Level 1:colcon.colcon_core.package_identification:_identify(src) by extension 'ignore'
[4.377s] Level 1:colcon.colcon_core.package_identification:_identify(src) by extension 'ignore_ament_install'
[4.377s] Level 1:colcon.colcon_core.package_identification:_identify(src) by extensions ['colcon_pkg']
[4.377s] Level 1:colcon.colcon_core.package_identification:_identify(src) by extension 'colcon_pkg'
[4.377s] Level 1:colcon.colcon_core.package_identification:_identify(src) by extensions ['colcon_meta']
[4.377s] Level 1:colcon.colcon_core.package_identification:_identify(src) by extension 'colcon_meta'
[4.377s] Level 1:colcon.colcon_core.package_identification:_identify(src) by extensions ['ros']
[4.377s] Level 1:colcon.colcon_core.package_identification:_identify(src) by extension 'ros'
[4.377s] Level 1:colcon.colcon_core.package_identification:_identify(src) by extensions ['cmake', 'python']
[4.377s] Level 1:colcon.colcon_core.package_identification:_identify(src) by extension 'cmake'
[4.378s] Level 1:colcon.colcon_core.package_identification:_identify(src) by extension 'python'
[4.378s] Level 1:colcon.colcon_core.package_identification:_identify(src) by extensions ['python_setup_py']
[4.378s] Level 1:colcon.colcon_core.package_identification:_identify(src) by extension 'python_setup_py'
[4.378s] Level 1:colcon.colcon_core.package_identification:_identify(src/laser_consumer) by extensions ['ignore', 'ignore_ament_install']
[4.378s] Level 1:colcon.colcon_core.package_identification:_identify(src/laser_consumer) by extension 'ignore'
[4.378s] Level 1:colcon.colcon_core.package_identification:_identify(src/laser_consumer) by extension 'ignore_ament_install'
[4.378s] Level 1:colcon.colcon_core.package_identification:_identify(src/laser_consumer) by extensions ['colcon_pkg']
[4.378s] Level 1:colcon.colcon_core.package_identification:_identify(src/laser_consumer) by extension 'colcon_pkg'
[4.378s] Level 1:colcon.colcon_core.package_identification:_identify(src/laser_consumer) by extensions ['colcon_meta']
[4.378s] Level 1:colcon.colcon_core.package_identification:_identify(src/laser_consumer) by extension 'colcon_meta'
[4.379s] Level 1:colcon.colcon_core.package_identification:_identify(src/laser_consumer) by extensions ['ros']
[4.379s] Level 1:colcon.colcon_core.package_identification:_identify(src/laser_consumer) by extension 'ros'
[4.384s] DEBUG:colcon.colcon_core.package_identification:Package 'src/laser_consumer' with type 'ros.ament_cmake' and name 'laser_consumer'
[4.384s] Level 1:colcon.colcon_core.package_identification:_identify(src/ldlidar_stl_ros2) by extensions ['ignore', 'ignore_ament_install']
[4.384s] Level 1:colcon.colcon_core.package_identification:_identify(src/ldlidar_stl_ros2) by extension 'ignore'
[4.384s] Level 1:colcon.colcon_core.package_identification:_identify(src/ldlidar_stl_ros2) by extension 'ignore_ament_install'
[4.384s] Level 1:colcon.colcon_core.package_identification:_identify(src/ldlidar_stl_ros2) by extensions ['colcon_pkg']
[4.384s] Level 1:colcon.colcon_core.package_identification:_identify(src/ldlidar_stl_ros2) by extension 'colcon_pkg'
[4.384s] Level 1:colcon.colcon_core.package_identification:_identify(src/ldlidar_stl_ros2) by extensions ['colcon_meta']
[4.384s] Level 1:colcon.colcon_core.package_identification:_identify(src/ldlidar_stl_ros2) by extension 'colcon_meta'
[4.385s] Level 1:colcon.colcon_core.package_identification:_identify(src/ldlidar_stl_ros2) by extensions ['ros']
[4.385s] Level 1:colcon.colcon_core.package_identification:_identify(src/ldlidar_stl_ros2) by extension 'ros'
[4.386s] DEBUG:colcon.colcon_core.package_identification:Package 'src/ldlidar_stl_ros2' with type 'ros.ament_cmake' and name 'ldlidar_stl_ros2'
[4.386s] Level 1:colcon.colcon_core.package_discovery:discover_packages(recursive) using defaults
[4.386s] Level 1:colcon.colcon_core.package_discovery:discover_packages(ignore) discover
[4.386s] Level 1:colcon.colcon_core.package_discovery:discover_packages(ignore) using defaults
[4.386s] Level 1:colcon.colcon_core.package_discovery:discover_packages(path) discover
[4.386s] Level 1:colcon.colcon_core.package_discovery:discover_packages(path) using defaults
[4.562s] Level 1:colcon.colcon_core.package_discovery:discover_packages(prefix_path) check parameters
[4.562s] Level 1:colcon.colcon_core.package_discovery:discover_packages(prefix_path) discover
[4.622s] DEBUG:colcon.colcon_installed_package_information.package_discovery:Found 281 installed packages in /opt/ros/iron
[4.626s] Level 1:colcon.colcon_core.package_discovery:discover_packages(prefix_path) using defaults
[4.804s] Level 5:colcon.colcon_core.verb:set package 'laser_consumer' build argument 'cmake_args' from command line to 'None'
[4.804s] Level 5:colcon.colcon_core.verb:set package 'laser_consumer' build argument 'cmake_target' from command line to 'None'
[4.804s] Level 5:colcon.colcon_core.verb:set package 'laser_consumer' build argument 'cmake_target_skip_unavailable' from command line to 'False'
[4.804s] Level 5:colcon.colcon_core.verb:set package 'laser_consumer' build argument 'cmake_clean_cache' from command line to 'False'
[4.804s] Level 5:colcon.colcon_core.verb:set package 'laser_consumer' build argument 'cmake_clean_first' from command line to 'False'
[4.804s] Level 5:colcon.colcon_core.verb:set package 'laser_consumer' build argument 'cmake_force_configure' from command line to 'False'
[4.804s] Level 5:colcon.colcon_core.verb:set package 'laser_consumer' build argument 'ament_cmake_args' from command line to 'None'
[4.804s] Level 5:colcon.colcon_core.verb:set package 'laser_consumer' build argument 'catkin_cmake_args' from command line to 'None'
[4.804s] Level 5:colcon.colcon_core.verb:set package 'laser_consumer' build argument 'catkin_skip_building_tests' from command line to 'False'
[4.804s] DEBUG:colcon.colcon_core.verb:Building package 'laser_consumer' with the following arguments: {'ament_cmake_args': None, 'build_base': '/home/edgar/Desktop/ldlidar_ros2_ws/build/laser_consumer', 'catkin_cmake_args': None, 'catkin_skip_building_tests': False, 'cmake_args': None, 'cmake_clean_cache': False, 'cmake_clean_first': False, 'cmake_force_configure': False, 'cmake_target': None, 'cmake_target_skip_unavailable': False, 'install_base': '/home/edgar/Desktop/ldlidar_ros2_ws/install/laser_consumer', 'merge_install': False, 'path': '/home/edgar/Desktop/ldlidar_ros2_ws/src/laser_consumer', 'symlink_install': True, 'test_result_base': None}
[4.831s] Level 5:colcon.colcon_core.verb:set package 'ldlidar_stl_ros2' build argument 'cmake_args' from command line to 'None'
[4.831s] Level 5:colcon.colcon_core.verb:set package 'ldlidar_stl_ros2' build argument 'cmake_target' from command line to 'None'
[4.831s] Level 5:colcon.colcon_core.verb:set package 'ldlidar_stl_ros2' build argument 'cmake_target_skip_unavailable' from command line to 'False'
[4.831s] Level 5:colcon.colcon_core.verb:set package 'ldlidar_stl_ros2' build argument 'cmake_clean_cache' from command line to 'False'
[4.831s] Level 5:colcon.colcon_core.verb:set package 'ldlidar_stl_ros2' build argument 'cmake_clean_first' from command line to 'False'
[4.831s] Level 5:colcon.colcon_core.verb:set package 'ldlidar_stl_ros2' build argument 'cmake_force_configure' from command line to 'False'
[4.832s] Level 5:colcon.colcon_core.verb:set package 'ldlidar_stl_ros2' build argument 'ament_cmake_args' from command line to 'None'
[4.832s] Level 5:colcon.colcon_core.verb:set package 'ldlidar_stl_ros2' build argument 'catkin_cmake_args' from command line to 'None'
[4.832s] Level 5:colcon.colcon_core.verb:set package 'ldlidar_stl_ros2' build argument 'catkin_skip_building_tests' from command line to 'False'
[4.832s] DEBUG:colcon.colcon_core.verb:Building package 'ldlidar_stl_ros2' with the following arguments: {'ament_cmake_args': None, 'build_base': '/home/edgar/Desktop/ldlidar_ros2_ws/build/ldlidar_stl_ros2', 'catkin_cmake_args': None, 'catkin_skip_building_tests': False, 'cmake_args': None, 'cmake_clean_cache': False, 'cmake_clean_first': False, 'cmake_force_configure': False, 'cmake_target': None, 'cmake_target_skip_unavailable': False, 'install_base': '/home/edgar/Desktop/ldlidar_ros2_ws/install/ldlidar_stl_ros2', 'merge_install': False, 'path': '/home/edgar/Desktop/ldlidar_ros2_ws/src/ldlidar_stl_ros2', 'symlink_install': True, 'test_result_base': None}
[4.860s] INFO:colcon.colcon_core.executor:Executing jobs using 'parallel' executor
[4.888s] DEBUG:colcon.colcon_parallel_executor.executor.parallel:run_until_complete
[4.888s] INFO:colcon.colcon_ros.task.ament_cmake.build:Building ROS package in '/home/edgar/Desktop/ldlidar_ros2_ws/src/laser_consumer' with build type 'ament_cmake'
[4.888s] INFO:colcon.colcon_cmake.task.cmake.build:Building CMake package in '/home/edgar/Desktop/ldlidar_ros2_ws/src/laser_consumer'
[4.919s] INFO:colcon.colcon_core.plugin_system:Skipping extension 'colcon_core.shell.bat': Not used on non-Windows systems
[4.919s] INFO:colcon.colcon_core.shell:Skip shell extension 'powershell' for command environment: Not usable outside of PowerShell
[4.919s] DEBUG:colcon.colcon_core.shell:Skip shell extension 'dsv' for command environment
[4.982s] INFO:colcon.colcon_ros.task.ament_cmake.build:Building ROS package in '/home/edgar/Desktop/ldlidar_ros2_ws/src/ldlidar_stl_ros2' with build type 'ament_cmake'
[4.982s] INFO:colcon.colcon_cmake.task.cmake.build:Building CMake package in '/home/edgar/Desktop/ldlidar_ros2_ws/src/ldlidar_stl_ros2'
[5.013s] INFO:colcon.colcon_core.shell:Skip shell extension 'powershell' for command environment: Not usable outside of PowerShell
[5.013s] DEBUG:colcon.colcon_core.shell:Skip shell extension 'dsv' for command environment
[5.083s] DEBUG:colcon.colcon_core.event_handler.log_command:Invoking command in '/home/edgar/Desktop/ldlidar_ros2_ws/build/laser_consumer': CMAKE_PREFIX_PATH=/opt/ros/iron /usr/bin/cmake --build /home/edgar/Desktop/ldlidar_ros2_ws/build/laser_consumer -- -j4 -l4
[5.103s] DEBUG:colcon.colcon_core.event_handler.log_command:Invoking command in '/home/edgar/Desktop/ldlidar_ros2_ws/build/ldlidar_stl_ros2': CMAKE_PREFIX_PATH=/opt/ros/iron /usr/bin/cmake --build /home/edgar/Desktop/ldlidar_ros2_ws/build/ldlidar_stl_ros2 -- -j4 -l4
[5.310s] DEBUG:colcon.colcon_core.event_handler.log_command:Invoked command in '/home/edgar/Desktop/ldlidar_ros2_ws/build/ldlidar_stl_ros2' returned '0': CMAKE_PREFIX_PATH=/opt/ros/iron /usr/bin/cmake --build /home/edgar/Desktop/ldlidar_ros2_ws/build/ldlidar_stl_ros2 -- -j4 -l4
[5.483s] DEBUG:colcon.colcon_core.event_handler.log_command:Invoking command in '/home/edgar/Desktop/ldlidar_ros2_ws/build/ldlidar_stl_ros2': CMAKE_PREFIX_PATH=/opt/ros/iron /usr/bin/cmake --install /home/edgar/Desktop/ldlidar_ros2_ws/build/ldlidar_stl_ros2
[5.508s] Level 1:colcon.colcon_core.environment:create_environment_scripts_only(ldlidar_stl_ros2)
[5.531s] DEBUG:colcon.colcon_core.event_handler.log_command:Invoked command in '/home/edgar/Desktop/ldlidar_ros2_ws/build/ldlidar_stl_ros2' returned '0': CMAKE_PREFIX_PATH=/opt/ros/iron /usr/bin/cmake --install /home/edgar/Desktop/ldlidar_ros2_ws/build/ldlidar_stl_ros2
[5.567s] Level 1:colcon.colcon_core.environment:checking '/home/edgar/Desktop/ldlidar_ros2_ws/install/ldlidar_stl_ros2' for CMake module files
[5.568s] Level 1:colcon.colcon_core.environment:checking '/home/edgar/Desktop/ldlidar_ros2_ws/install/ldlidar_stl_ros2' for CMake config files
[5.569s] Level 1:colcon.colcon_core.shell:create_environment_hook('ldlidar_stl_ros2', 'cmake_prefix_path')
[5.613s] INFO:colcon.colcon_core.shell:Creating environment hook '/home/edgar/Desktop/ldlidar_ros2_ws/install/ldlidar_stl_ros2/share/ldlidar_stl_ros2/hook/cmake_prefix_path.ps1'
[5.614s] INFO:colcon.colcon_core.shell:Creating environment descriptor '/home/edgar/Desktop/ldlidar_ros2_ws/install/ldlidar_stl_ros2/share/ldlidar_stl_ros2/hook/cmake_prefix_path.dsv'
[5.615s] INFO:colcon.colcon_core.shell:Creating environment hook '/home/edgar/Desktop/ldlidar_ros2_ws/install/ldlidar_stl_ros2/share/ldlidar_stl_ros2/hook/cmake_prefix_path.sh'
[5.617s] Level 1:colcon.colcon_core.environment:checking '/home/edgar/Desktop/ldlidar_ros2_ws/install/ldlidar_stl_ros2/lib'
[5.617s] Level 1:colcon.colcon_core.environment:checking '/home/edgar/Desktop/ldlidar_ros2_ws/install/ldlidar_stl_ros2/bin'
[5.618s] Level 1:colcon.colcon_core.environment:checking '/home/edgar/Desktop/ldlidar_ros2_ws/install/ldlidar_stl_ros2/lib/pkgconfig/ldlidar_stl_ros2.pc'
[5.618s] Level 1:colcon.colcon_core.environment:checking '/home/edgar/Desktop/ldlidar_ros2_ws/install/ldlidar_stl_ros2/lib/python3.10/site-packages'
[5.619s] Level 1:colcon.colcon_core.environment:checking '/home/edgar/Desktop/ldlidar_ros2_ws/install/ldlidar_stl_ros2/bin'
[5.662s] INFO:colcon.colcon_core.shell:Creating package script '/home/edgar/Desktop/ldlidar_ros2_ws/install/ldlidar_stl_ros2/share/ldlidar_stl_ros2/package.ps1'
[5.664s] INFO:colcon.colcon_core.shell:Creating package descriptor '/home/edgar/Desktop/ldlidar_ros2_ws/install/ldlidar_stl_ros2/share/ldlidar_stl_ros2/package.dsv'
[5.665s] INFO:colcon.colcon_core.shell:Creating package script '/home/edgar/Desktop/ldlidar_ros2_ws/install/ldlidar_stl_ros2/share/ldlidar_stl_ros2/package.sh'
[5.667s] INFO:colcon.colcon_core.shell:Creating package script '/home/edgar/Desktop/ldlidar_ros2_ws/install/ldlidar_stl_ros2/share/ldlidar_stl_ros2/package.bash'
[5.668s] INFO:colcon.colcon_core.shell:Creating package script '/home/edgar/Desktop/ldlidar_ros2_ws/install/ldlidar_stl_ros2/share/ldlidar_stl_ros2/package.zsh'
[5.669s] Level 1:colcon.colcon_core.environment:create_file_with_runtime_dependencies(/home/edgar/Desktop/ldlidar_ros2_ws/install/ldlidar_stl_ros2/share/colcon-core/packages/ldlidar_stl_ros2)
[5.964s] Level 1:colcon.colcon_core.environment:create_environment_scripts_only(ldlidar_stl_ros2)
[6.034s] Level 1:colcon.colcon_core.environment:checking '/home/edgar/Desktop/ldlidar_ros2_ws/install/ldlidar_stl_ros2' for CMake module files
[6.035s] Level 1:colcon.colcon_core.environment:checking '/home/edgar/Desktop/ldlidar_ros2_ws/install/ldlidar_stl_ros2' for CMake config files
[6.035s] Level 1:colcon.colcon_core.shell:create_environment_hook('ldlidar_stl_ros2', 'cmake_prefix_path')
[6.072s] INFO:colcon.colcon_core.shell:Creating environment hook '/home/edgar/Desktop/ldlidar_ros2_ws/install/ldlidar_stl_ros2/share/ldlidar_stl_ros2/hook/cmake_prefix_path.ps1'
[6.073s] INFO:colcon.colcon_core.shell:Creating environment descriptor '/home/edgar/Desktop/ldlidar_ros2_ws/install/ldlidar_stl_ros2/share/ldlidar_stl_ros2/hook/cmake_prefix_path.dsv'
[6.074s] INFO:colcon.colcon_core.shell:Creating environment hook '/home/edgar/Desktop/ldlidar_ros2_ws/install/ldlidar_stl_ros2/share/ldlidar_stl_ros2/hook/cmake_prefix_path.sh'
[6.075s] Level 1:colcon.colcon_core.environment:checking '/home/edgar/Desktop/ldlidar_ros2_ws/install/ldlidar_stl_ros2/lib'
[6.075s] Level 1:colcon.colcon_core.environment:checking '/home/edgar/Desktop/ldlidar_ros2_ws/install/ldlidar_stl_ros2/bin'
[6.075s] Level 1:colcon.colcon_core.environment:checking '/home/edgar/Desktop/ldlidar_ros2_ws/install/ldlidar_stl_ros2/lib/pkgconfig/ldlidar_stl_ros2.pc'
[6.076s] Level 1:colcon.colcon_core.environment:checking '/home/edgar/Desktop/ldlidar_ros2_ws/install/ldlidar_stl_ros2/lib/python3.10/site-packages'
[6.076s] Level 1:colcon.colcon_core.environment:checking '/home/edgar/Desktop/ldlidar_ros2_ws/install/ldlidar_stl_ros2/bin'
[6.154s] INFO:colcon.colcon_core.shell:Creating package script '/home/edgar/Desktop/ldlidar_ros2_ws/install/ldlidar_stl_ros2/share/ldlidar_stl_ros2/package.ps1'
[6.155s] INFO:colcon.colcon_core.shell:Creating package descriptor '/home/edgar/Desktop/ldlidar_ros2_ws/install/ldlidar_stl_ros2/share/ldlidar_stl_ros2/package.dsv'
[6.156s] INFO:colcon.colcon_core.shell:Creating package script '/home/edgar/Desktop/ldlidar_ros2_ws/install/ldlidar_stl_ros2/share/ldlidar_stl_ros2/package.sh'
[6.157s] INFO:colcon.colcon_core.shell:Creating package script '/home/edgar/Desktop/ldlidar_ros2_ws/install/ldlidar_stl_ros2/share/ldlidar_stl_ros2/package.bash'
[6.157s] INFO:colcon.colcon_core.shell:Creating package script '/home/edgar/Desktop/ldlidar_ros2_ws/install/ldlidar_stl_ros2/share/ldlidar_stl_ros2/package.zsh'
[6.158s] Level 1:colcon.colcon_core.environment:create_file_with_runtime_dependencies(/home/edgar/Desktop/ldlidar_ros2_ws/install/ldlidar_stl_ros2/share/colcon-core/packages/ldlidar_stl_ros2)
[29.715s] DEBUG:colcon.colcon_core.event_handler.log_command:Invoked command in '/home/edgar/Desktop/ldlidar_ros2_ws/build/laser_consumer' returned '0': CMAKE_PREFIX_PATH=/opt/ros/iron /usr/bin/cmake --build /home/edgar/Desktop/ldlidar_ros2_ws/build/laser_consumer -- -j4 -l4
[29.850s] DEBUG:colcon.colcon_core.event_handler.log_command:Invoking command in '/home/edgar/Desktop/ldlidar_ros2_ws/build/laser_consumer': CMAKE_PREFIX_PATH=/opt/ros/iron /usr/bin/cmake --install /home/edgar/Desktop/ldlidar_ros2_ws/build/laser_consumer
[29.870s] Level 1:colcon.colcon_core.environment:create_environment_scripts_only(laser_consumer)
[29.871s] DEBUG:colcon.colcon_core.event_handler.log_command:Invoked command in '/home/edgar/Desktop/ldlidar_ros2_ws/build/laser_consumer' returned '0': CMAKE_PREFIX_PATH=/opt/ros/iron /usr/bin/cmake --install /home/edgar/Desktop/ldlidar_ros2_ws/build/laser_consumer
[29.899s] Level 1:colcon.colcon_core.environment:checking '/home/edgar/Desktop/ldlidar_ros2_ws/install/laser_consumer' for CMake module files
[29.900s] Level 1:colcon.colcon_core.environment:checking '/home/edgar/Desktop/ldlidar_ros2_ws/install/laser_consumer' for CMake config files
[29.900s] Level 1:colcon.colcon_core.shell:create_environment_hook('laser_consumer', 'cmake_prefix_path')
[29.928s] INFO:colcon.colcon_core.shell:Creating environment hook '/home/edgar/Desktop/ldlidar_ros2_ws/install/laser_consumer/share/laser_consumer/hook/cmake_prefix_path.ps1'
[29.928s] INFO:colcon.colcon_core.shell:Creating environment descriptor '/home/edgar/Desktop/ldlidar_ros2_ws/install/laser_consumer/share/laser_consumer/hook/cmake_prefix_path.dsv'
[29.929s] INFO:colcon.colcon_core.shell:Creating environment hook '/home/edgar/Desktop/ldlidar_ros2_ws/install/laser_consumer/share/laser_consumer/hook/cmake_prefix_path.sh'
[29.930s] Level 1:colcon.colcon_core.environment:checking '/home/edgar/Desktop/ldlidar_ros2_ws/install/laser_consumer/lib'
[29.930s] Level 1:colcon.colcon_core.environment:checking '/home/edgar/Desktop/ldlidar_ros2_ws/install/laser_consumer/bin'
[29.930s] Level 1:colcon.colcon_core.environment:checking '/home/edgar/Desktop/ldlidar_ros2_ws/install/laser_consumer/lib/pkgconfig/laser_consumer.pc'
[29.930s] Level 1:colcon.colcon_core.environment:checking '/home/edgar/Desktop/ldlidar_ros2_ws/install/laser_consumer/lib/python3.10/site-packages'
[29.931s] Level 1:colcon.colcon_core.environment:checking '/home/edgar/Desktop/ldlidar_ros2_ws/install/laser_consumer/bin'
[29.961s] INFO:colcon.colcon_core.shell:Creating package script '/home/edgar/Desktop/ldlidar_ros2_ws/install/laser_consumer/share/laser_consumer/package.ps1'
[29.962s] INFO:colcon.colcon_core.shell:Creating package descriptor '/home/edgar/Desktop/ldlidar_ros2_ws/install/laser_consumer/share/laser_consumer/package.dsv'
[29.963s] INFO:colcon.colcon_core.shell:Creating package script '/home/edgar/Desktop/ldlidar_ros2_ws/install/laser_consumer/share/laser_consumer/package.sh'
[29.963s] INFO:colcon.colcon_core.shell:Creating package script '/home/edgar/Desktop/ldlidar_ros2_ws/install/laser_consumer/share/laser_consumer/package.bash'
[29.964s] INFO:colcon.colcon_core.shell:Creating package script '/home/edgar/Desktop/ldlidar_ros2_ws/install/laser_consumer/share/laser_consumer/package.zsh'
[29.964s] Level 1:colcon.colcon_core.environment:create_file_with_runtime_dependencies(/home/edgar/Desktop/ldlidar_ros2_ws/install/laser_consumer/share/colcon-core/packages/laser_consumer)
[30.072s] Level 1:colcon.colcon_core.environment:create_environment_scripts_only(laser_consumer)
[30.100s] Level 1:colcon.colcon_core.environment:checking '/home/edgar/Desktop/ldlidar_ros2_ws/install/laser_consumer' for CMake module files
[30.101s] Level 1:colcon.colcon_core.environment:checking '/home/edgar/Desktop/ldlidar_ros2_ws/install/laser_consumer' for CMake config files
[30.101s] Level 1:colcon.colcon_core.shell:create_environment_hook('laser_consumer', 'cmake_prefix_path')
[30.130s] INFO:colcon.colcon_core.shell:Creating environment hook '/home/edgar/Desktop/ldlidar_ros2_ws/install/laser_consumer/share/laser_consumer/hook/cmake_prefix_path.ps1'
[30.131s] INFO:colcon.colcon_core.shell:Creating environment descriptor '/home/edgar/Desktop/ldlidar_ros2_ws/install/laser_consumer/share/laser_consumer/hook/cmake_prefix_path.dsv'
[30.131s] INFO:colcon.colcon_core.shell:Creating environment hook '/home/edgar/Desktop/ldlidar_ros2_ws/install/laser_consumer/share/laser_consumer/hook/cmake_prefix_path.sh'
[30.132s] Level 1:colcon.colcon_core.environment:checking '/home/edgar/Desktop/ldlidar_ros2_ws/install/laser_consumer/lib'
[30.132s] Level 1:colcon.colcon_core.environment:checking '/home/edgar/Desktop/ldlidar_ros2_ws/install/laser_consumer/bin'
[30.132s] Level 1:colcon.colcon_core.environment:checking '/home/edgar/Desktop/ldlidar_ros2_ws/install/laser_consumer/lib/pkgconfig/laser_consumer.pc'
[30.133s] Level 1:colcon.colcon_core.environment:checking '/home/edgar/Desktop/ldlidar_ros2_ws/install/laser_consumer/lib/python3.10/site-packages'
[30.133s] Level 1:colcon.colcon_core.environment:checking '/home/edgar/Desktop/ldlidar_ros2_ws/install/laser_consumer/bin'
[30.162s] INFO:colcon.colcon_core.shell:Creating package script '/home/edgar/Desktop/ldlidar_ros2_ws/install/laser_consumer/share/laser_consumer/package.ps1'
[30.163s] INFO:colcon.colcon_core.shell:Creating package descriptor '/home/edgar/Desktop/ldlidar_ros2_ws/install/laser_consumer/share/laser_consumer/package.dsv'
[30.164s] INFO:colcon.colcon_core.shell:Creating package script '/home/edgar/Desktop/ldlidar_ros2_ws/install/laser_consumer/share/laser_consumer/package.sh'
[30.165s] INFO:colcon.colcon_core.shell:Creating package script '/home/edgar/Desktop/ldlidar_ros2_ws/install/laser_consumer/share/laser_consumer/package.bash'
[30.165s] INFO:colcon.colcon_core.shell:Creating package script '/home/edgar/Desktop/ldlidar_ros2_ws/install/laser_consumer/share/laser_consumer/package.zsh'
[30.166s] Level 1:colcon.colcon_core.environment:create_file_with_runtime_dependencies(/home/edgar/Desktop/ldlidar_ros2_ws/install/laser_consumer/share/colcon-core/packages/laser_consumer)
[30.166s] DEBUG:colcon.colcon_parallel_executor.executor.parallel:closing loop
[30.167s] DEBUG:colcon.colcon_parallel_executor.executor.parallel:loop closed
[30.167s] DEBUG:colcon.colcon_parallel_executor.executor.parallel:run_until_complete finished with '0'
[30.167s] DEBUG:colcon.colcon_core.event_reactor:joining thread
[30.353s] INFO:colcon.colcon_core.plugin_system:Skipping extension 'colcon_notification.desktop_notification.terminal_notifier': Not used on non-Darwin systems
[30.354s] INFO:colcon.colcon_core.plugin_system:Skipping extension 'colcon_notification.desktop_notification.win32': Not used on non-Windows systems
[30.354s] INFO:colcon.colcon_notification.desktop_notification:Sending desktop notification using 'notify2'
[30.417s] DEBUG:colcon.colcon_core.event_reactor:joined thread
[30.450s] INFO:colcon.colcon_core.shell:Creating prefix script '/home/edgar/Desktop/ldlidar_ros2_ws/install/local_setup.ps1'
[30.453s] INFO:colcon.colcon_core.shell:Creating prefix util module '/home/edgar/Desktop/ldlidar_ros2_ws/install/_local_setup_util_ps1.py'
[30.456s] INFO:colcon.colcon_core.shell:Creating prefix chain script '/home/edgar/Desktop/ldlidar_ros2_ws/install/setup.ps1'
[30.493s] INFO:colcon.colcon_core.shell:Creating prefix script '/home/edgar/Desktop/ldlidar_ros2_ws/install/local_setup.sh'
[30.494s] INFO:colcon.colcon_core.shell:Creating prefix util module '/home/edgar/Desktop/ldlidar_ros2_ws/install/_local_setup_util_sh.py'
[30.495s] INFO:colcon.colcon_core.shell:Creating prefix chain script '/home/edgar/Desktop/ldlidar_ros2_ws/install/setup.sh'
[30.536s] INFO:colcon.colcon_core.shell:Creating prefix script '/home/edgar/Desktop/ldlidar_ros2_ws/install/local_setup.bash'
[30.537s] INFO:colcon.colcon_core.shell:Creating prefix chain script '/home/edgar/Desktop/ldlidar_ros2_ws/install/setup.bash'
[30.574s] INFO:colcon.colcon_core.shell:Creating prefix script '/home/edgar/Desktop/ldlidar_ros2_ws/install/local_setup.zsh'
[30.576s] INFO:colcon.colcon_core.shell:Creating prefix chain script '/home/edgar/Desktop/ldlidar_ros2_ws/install/setup.zsh'
