[1.909s] DEBUG:colcon:Command line arguments: ['/usr/bin/colcon', 'build', '--symlink-install']
[1.909s] DEBUG:colcon:Parsed command line arguments: Namespace(log_base=None, log_level=None, verb_name='build', build_base='build', install_base='install', merge_install=False, symlink_install=True, test_result_base=None, continue_on_error=False, executor='parallel', parallel_workers=4, event_handlers=None, ignore_user_meta=False, metas=['./colcon.meta'], base_paths=['.'], packages_ignore=None, packages_ignore_regex=None, paths=None, packages_up_to=None, packages_up_to_regex=None, packages_above=None, packages_above_and_dependencies=None, packages_above_depth=None, packages_select_by_dep=None, packages_skip_by_dep=None, packages_skip_up_to=None, packages_select_build_failed=False, packages_skip_build_finished=False, packages_select_test_failures=False, packages_skip_test_passed=False, packages_select=None, packages_skip=None, packages_select_regex=None, packages_skip_regex=None, packages_start=None, packages_end=None, allow_overriding=[], cmake_args=None, cmake_target=None, cmake_target_skip_unavailable=False, cmake_clean_cache=False, cmake_clean_first=False, cmake_force_configure=False, ament_cmake_args=None, catkin_cmake_args=None, catkin_skip_building_tests=False, verb_parser=<colcon_defaults.argument_parser.defaults.DefaultArgumentsDecorator object at 0x7f5334c7ec20>, verb_extension=<colcon_core.verb.build.BuildVerb object at 0x7f5334c9e230>, main=<bound method BuildVerb.main of <colcon_core.verb.build.BuildVerb object at 0x7f5334c9e230>>)
[1.994s] Level 1:colcon.colcon_core.package_discovery:discover_packages(colcon_meta) check parameters
[1.994s] Level 1:colcon.colcon_core.package_discovery:discover_packages(recursive) check parameters
[1.994s] Level 1:colcon.colcon_core.package_discovery:discover_packages(ignore) check parameters
[1.994s] Level 1:colcon.colcon_core.package_discovery:discover_packages(path) check parameters
[1.994s] Level 1:colcon.colcon_core.package_discovery:discover_packages(colcon_meta) discover
[1.994s] Level 1:colcon.colcon_core.package_discovery:discover_packages(recursive) discover
[1.995s] INFO:colcon.colcon_core.package_discovery:Crawling recursively for packages in '/home/edgar/Desktop/ldlidar_ros2_ws'
[1.995s] Level 1:colcon.colcon_core.package_identification:_identify(.) by extensions ['ignore', 'ignore_ament_install']
[1.995s] Level 1:colcon.colcon_core.package_identification:_identify(.) by extension 'ignore'
[1.995s] Level 1:colcon.colcon_core.package_identification:_identify(.) by extension 'ignore_ament_install'
[1.995s] Level 1:colcon.colcon_core.package_identification:_identify(.) by extensions ['colcon_pkg']
[1.995s] Level 1:colcon.colcon_core.package_identification:_identify(.) by extension 'colcon_pkg'
[1.995s] Level 1:colcon.colcon_core.package_identification:_identify(.) by extensions ['colcon_meta']
[1.995s] Level 1:colcon.colcon_core.package_identification:_identify(.) by extension 'colcon_meta'
[1.995s] Level 1:colcon.colcon_core.package_identification:_identify(.) by extensions ['ros']
[1.995s] Level 1:colcon.colcon_core.package_identification:_identify(.) by extension 'ros'
[2.016s] Level 1:colcon.colcon_core.package_identification:_identify(.) by extensions ['cmake', 'python']
[2.016s] Level 1:colcon.colcon_core.package_identification:_identify(.) by extension 'cmake'
[2.016s] Level 1:colcon.colcon_core.package_identification:_identify(.) by extension 'python'
[2.017s] Level 1:colcon.colcon_core.package_identification:_identify(.) by extensions ['python_setup_py']
[2.017s] Level 1:colcon.colcon_core.package_identification:_identify(.) by extension 'python_setup_py'
[2.017s] Level 1:colcon.colcon_core.package_identification:_identify(build) by extensions ['ignore', 'ignore_ament_install']
[2.017s] Level 1:colcon.colcon_core.package_identification:_identify(build) by extension 'ignore'
[2.017s] Level 1:colcon.colcon_core.package_identification:_identify(build) ignored
[2.017s] Level 1:colcon.colcon_core.package_identification:_identify(install) by extensions ['ignore', 'ignore_ament_install']
[2.017s] Level 1:colcon.colcon_core.package_identification:_identify(install) by extension 'ignore'
[2.017s] Level 1:colcon.colcon_core.package_identification:_identify(install) ignored
[2.018s] Level 1:colcon.colcon_core.package_identification:_identify(log) by extensions ['ignore', 'ignore_ament_install']
[2.018s] Level 1:colcon.colcon_core.package_identification:_identify(log) by extension 'ignore'
[2.018s] Level 1:colcon.colcon_core.package_identification:_identify(log) ignored
[2.018s] Level 1:colcon.colcon_core.package_identification:_identify(src) by extensions ['ignore', 'ignore_ament_install']
[2.018s] Level 1:colcon.colcon_core.package_identification:_identify(src) by extension 'ignore'
[2.018s] Level 1:colcon.colcon_core.package_identification:_identify(src) by extension 'ignore_ament_install'
[2.018s] Level 1:colcon.colcon_core.package_identification:_identify(src) by extensions ['colcon_pkg']
[2.018s] Level 1:colcon.colcon_core.package_identification:_identify(src) by extension 'colcon_pkg'
[2.018s] Level 1:colcon.colcon_core.package_identification:_identify(src) by extensions ['colcon_meta']
[2.018s] Level 1:colcon.colcon_core.package_identification:_identify(src) by extension 'colcon_meta'
[2.019s] Level 1:colcon.colcon_core.package_identification:_identify(src) by extensions ['ros']
[2.019s] Level 1:colcon.colcon_core.package_identification:_identify(src) by extension 'ros'
[2.019s] Level 1:colcon.colcon_core.package_identification:_identify(src) by extensions ['cmake', 'python']
[2.019s] Level 1:colcon.colcon_core.package_identification:_identify(src) by extension 'cmake'
[2.019s] Level 1:colcon.colcon_core.package_identification:_identify(src) by extension 'python'
[2.019s] Level 1:colcon.colcon_core.package_identification:_identify(src) by extensions ['python_setup_py']
[2.019s] Level 1:colcon.colcon_core.package_identification:_identify(src) by extension 'python_setup_py'
[2.019s] Level 1:colcon.colcon_core.package_identification:_identify(src/laser_consumer) by extensions ['ignore', 'ignore_ament_install']
[2.019s] Level 1:colcon.colcon_core.package_identification:_identify(src/laser_consumer) by extension 'ignore'
[2.019s] Level 1:colcon.colcon_core.package_identification:_identify(src/laser_consumer) by extension 'ignore_ament_install'
[2.020s] Level 1:colcon.colcon_core.package_identification:_identify(src/laser_consumer) by extensions ['colcon_pkg']
[2.020s] Level 1:colcon.colcon_core.package_identification:_identify(src/laser_consumer) by extension 'colcon_pkg'
[2.020s] Level 1:colcon.colcon_core.package_identification:_identify(src/laser_consumer) by extensions ['colcon_meta']
[2.020s] Level 1:colcon.colcon_core.package_identification:_identify(src/laser_consumer) by extension 'colcon_meta'
[2.020s] Level 1:colcon.colcon_core.package_identification:_identify(src/laser_consumer) by extensions ['ros']
[2.020s] Level 1:colcon.colcon_core.package_identification:_identify(src/laser_consumer) by extension 'ros'
[2.025s] DEBUG:colcon.colcon_core.package_identification:Package 'src/laser_consumer' with type 'ros.ament_cmake' and name 'laser_consumer'
[2.025s] Level 1:colcon.colcon_core.package_identification:_identify(src/ldlidar_stl_ros2) by extensions ['ignore', 'ignore_ament_install']
[2.025s] Level 1:colcon.colcon_core.package_identification:_identify(src/ldlidar_stl_ros2) by extension 'ignore'
[2.025s] Level 1:colcon.colcon_core.package_identification:_identify(src/ldlidar_stl_ros2) by extension 'ignore_ament_install'
[2.025s] Level 1:colcon.colcon_core.package_identification:_identify(src/ldlidar_stl_ros2) by extensions ['colcon_pkg']
[2.025s] Level 1:colcon.colcon_core.package_identification:_identify(src/ldlidar_stl_ros2) by extension 'colcon_pkg'
[2.025s] Level 1:colcon.colcon_core.package_identification:_identify(src/ldlidar_stl_ros2) by extensions ['colcon_meta']
[2.025s] Level 1:colcon.colcon_core.package_identification:_identify(src/ldlidar_stl_ros2) by extension 'colcon_meta'
[2.025s] Level 1:colcon.colcon_core.package_identification:_identify(src/ldlidar_stl_ros2) by extensions ['ros']
[2.026s] Level 1:colcon.colcon_core.package_identification:_identify(src/ldlidar_stl_ros2) by extension 'ros'
[2.027s] DEBUG:colcon.colcon_core.package_identification:Package 'src/ldlidar_stl_ros2' with type 'ros.ament_cmake' and name 'ldlidar_stl_ros2'
[2.027s] Level 1:colcon.colcon_core.package_discovery:discover_packages(recursive) using defaults
[2.027s] Level 1:colcon.colcon_core.package_discovery:discover_packages(ignore) discover
[2.027s] Level 1:colcon.colcon_core.package_discovery:discover_packages(ignore) using defaults
[2.027s] Level 1:colcon.colcon_core.package_discovery:discover_packages(path) discover
[2.027s] Level 1:colcon.colcon_core.package_discovery:discover_packages(path) using defaults
[2.199s] Level 1:colcon.colcon_core.package_discovery:discover_packages(prefix_path) check parameters
[2.199s] Level 1:colcon.colcon_core.package_discovery:discover_packages(prefix_path) discover
[2.259s] DEBUG:colcon.colcon_installed_package_information.package_discovery:Found 281 installed packages in /opt/ros/iron
[2.263s] Level 1:colcon.colcon_core.package_discovery:discover_packages(prefix_path) using defaults
[2.440s] Level 5:colcon.colcon_core.verb:set package 'laser_consumer' build argument 'cmake_args' from command line to 'None'
[2.440s] Level 5:colcon.colcon_core.verb:set package 'laser_consumer' build argument 'cmake_target' from command line to 'None'
[2.440s] Level 5:colcon.colcon_core.verb:set package 'laser_consumer' build argument 'cmake_target_skip_unavailable' from command line to 'False'
[2.440s] Level 5:colcon.colcon_core.verb:set package 'laser_consumer' build argument 'cmake_clean_cache' from command line to 'False'
[2.440s] Level 5:colcon.colcon_core.verb:set package 'laser_consumer' build argument 'cmake_clean_first' from command line to 'False'
[2.440s] Level 5:colcon.colcon_core.verb:set package 'laser_consumer' build argument 'cmake_force_configure' from command line to 'False'
[2.440s] Level 5:colcon.colcon_core.verb:set package 'laser_consumer' build argument 'ament_cmake_args' from command line to 'None'
[2.440s] Level 5:colcon.colcon_core.verb:set package 'laser_consumer' build argument 'catkin_cmake_args' from command line to 'None'
[2.440s] Level 5:colcon.colcon_core.verb:set package 'laser_consumer' build argument 'catkin_skip_building_tests' from command line to 'False'
[2.441s] DEBUG:colcon.colcon_core.verb:Building package 'laser_consumer' with the following arguments: {'ament_cmake_args': None, 'build_base': '/home/edgar/Desktop/ldlidar_ros2_ws/build/laser_consumer', 'catkin_cmake_args': None, 'catkin_skip_building_tests': False, 'cmake_args': None, 'cmake_clean_cache': False, 'cmake_clean_first': False, 'cmake_force_configure': False, 'cmake_target': None, 'cmake_target_skip_unavailable': False, 'install_base': '/home/edgar/Desktop/ldlidar_ros2_ws/install/laser_consumer', 'merge_install': False, 'path': '/home/edgar/Desktop/ldlidar_ros2_ws/src/laser_consumer', 'symlink_install': True, 'test_result_base': None}
[2.469s] Level 5:colcon.colcon_core.verb:set package 'ldlidar_stl_ros2' build argument 'cmake_args' from command line to 'None'
[2.469s] Level 5:colcon.colcon_core.verb:set package 'ldlidar_stl_ros2' build argument 'cmake_target' from command line to 'None'
[2.469s] Level 5:colcon.colcon_core.verb:set package 'ldlidar_stl_ros2' build argument 'cmake_target_skip_unavailable' from command line to 'False'
[2.469s] Level 5:colcon.colcon_core.verb:set package 'ldlidar_stl_ros2' build argument 'cmake_clean_cache' from command line to 'False'
[2.469s] Level 5:colcon.colcon_core.verb:set package 'ldlidar_stl_ros2' build argument 'cmake_clean_first' from command line to 'False'
[2.469s] Level 5:colcon.colcon_core.verb:set package 'ldlidar_stl_ros2' build argument 'cmake_force_configure' from command line to 'False'
[2.469s] Level 5:colcon.colcon_core.verb:set package 'ldlidar_stl_ros2' build argument 'ament_cmake_args' from command line to 'None'
[2.469s] Level 5:colcon.colcon_core.verb:set package 'ldlidar_stl_ros2' build argument 'catkin_cmake_args' from command line to 'None'
[2.469s] Level 5:colcon.colcon_core.verb:set package 'ldlidar_stl_ros2' build argument 'catkin_skip_building_tests' from command line to 'False'
[2.469s] DEBUG:colcon.colcon_core.verb:Building package 'ldlidar_stl_ros2' with the following arguments: {'ament_cmake_args': None, 'build_base': '/home/edgar/Desktop/ldlidar_ros2_ws/build/ldlidar_stl_ros2', 'catkin_cmake_args': None, 'catkin_skip_building_tests': False, 'cmake_args': None, 'cmake_clean_cache': False, 'cmake_clean_first': False, 'cmake_force_configure': False, 'cmake_target': None, 'cmake_target_skip_unavailable': False, 'install_base': '/home/edgar/Desktop/ldlidar_ros2_ws/install/ldlidar_stl_ros2', 'merge_install': False, 'path': '/home/edgar/Desktop/ldlidar_ros2_ws/src/ldlidar_stl_ros2', 'symlink_install': True, 'test_result_base': None}
[2.497s] INFO:colcon.colcon_core.executor:Executing jobs using 'parallel' executor
[2.530s] DEBUG:colcon.colcon_parallel_executor.executor.parallel:run_until_complete
[2.531s] INFO:colcon.colcon_ros.task.ament_cmake.build:Building ROS package in '/home/edgar/Desktop/ldlidar_ros2_ws/src/laser_consumer' with build type 'ament_cmake'
[2.531s] INFO:colcon.colcon_cmake.task.cmake.build:Building CMake package in '/home/edgar/Desktop/ldlidar_ros2_ws/src/laser_consumer'
[2.572s] INFO:colcon.colcon_core.plugin_system:Skipping extension 'colcon_core.shell.bat': Not used on non-Windows systems
[2.572s] INFO:colcon.colcon_core.shell:Skip shell extension 'powershell' for command environment: Not usable outside of PowerShell
[2.573s] DEBUG:colcon.colcon_core.shell:Skip shell extension 'dsv' for command environment
[2.639s] INFO:colcon.colcon_ros.task.ament_cmake.build:Building ROS package in '/home/edgar/Desktop/ldlidar_ros2_ws/src/ldlidar_stl_ros2' with build type 'ament_cmake'
[2.639s] INFO:colcon.colcon_cmake.task.cmake.build:Building CMake package in '/home/edgar/Desktop/ldlidar_ros2_ws/src/ldlidar_stl_ros2'
[2.671s] INFO:colcon.colcon_core.shell:Skip shell extension 'powershell' for command environment: Not usable outside of PowerShell
[2.671s] DEBUG:colcon.colcon_core.shell:Skip shell extension 'dsv' for command environment
[2.742s] DEBUG:colcon.colcon_core.event_handler.log_command:Invoking command in '/home/edgar/Desktop/ldlidar_ros2_ws/build/laser_consumer': CMAKE_PREFIX_PATH=/opt/ros/iron /usr/bin/cmake --build /home/edgar/Desktop/ldlidar_ros2_ws/build/laser_consumer -- -j4 -l4
[2.757s] DEBUG:colcon.colcon_core.event_handler.log_command:Invoking command in '/home/edgar/Desktop/ldlidar_ros2_ws/build/ldlidar_stl_ros2': CMAKE_PREFIX_PATH=/opt/ros/iron /usr/bin/cmake --build /home/edgar/Desktop/ldlidar_ros2_ws/build/ldlidar_stl_ros2 -- -j4 -l4
[2.867s] DEBUG:colcon.colcon_core.event_handler.log_command:Invoked command in '/home/edgar/Desktop/ldlidar_ros2_ws/build/ldlidar_stl_ros2' returned '0': CMAKE_PREFIX_PATH=/opt/ros/iron /usr/bin/cmake --build /home/edgar/Desktop/ldlidar_ros2_ws/build/ldlidar_stl_ros2 -- -j4 -l4
[2.960s] DEBUG:colcon.colcon_core.event_handler.log_command:Invoking command in '/home/edgar/Desktop/ldlidar_ros2_ws/build/ldlidar_stl_ros2': CMAKE_PREFIX_PATH=/opt/ros/iron /usr/bin/cmake --install /home/edgar/Desktop/ldlidar_ros2_ws/build/ldlidar_stl_ros2
[2.993s] Level 1:colcon.colcon_core.environment:create_environment_scripts_only(ldlidar_stl_ros2)
[2.995s] DEBUG:colcon.colcon_core.event_handler.log_command:Invoked command in '/home/edgar/Desktop/ldlidar_ros2_ws/build/ldlidar_stl_ros2' returned '0': CMAKE_PREFIX_PATH=/opt/ros/iron /usr/bin/cmake --install /home/edgar/Desktop/ldlidar_ros2_ws/build/ldlidar_stl_ros2
[3.027s] Level 1:colcon.colcon_core.environment:checking '/home/edgar/Desktop/ldlidar_ros2_ws/install/ldlidar_stl_ros2' for CMake module files
[3.028s] Level 1:colcon.colcon_core.environment:checking '/home/edgar/Desktop/ldlidar_ros2_ws/install/ldlidar_stl_ros2' for CMake config files
[3.029s] Level 1:colcon.colcon_core.shell:create_environment_hook('ldlidar_stl_ros2', 'cmake_prefix_path')
[3.056s] INFO:colcon.colcon_core.shell:Creating environment hook '/home/edgar/Desktop/ldlidar_ros2_ws/install/ldlidar_stl_ros2/share/ldlidar_stl_ros2/hook/cmake_prefix_path.ps1'
[3.057s] INFO:colcon.colcon_core.shell:Creating environment descriptor '/home/edgar/Desktop/ldlidar_ros2_ws/install/ldlidar_stl_ros2/share/ldlidar_stl_ros2/hook/cmake_prefix_path.dsv'
[3.058s] INFO:colcon.colcon_core.shell:Creating environment hook '/home/edgar/Desktop/ldlidar_ros2_ws/install/ldlidar_stl_ros2/share/ldlidar_stl_ros2/hook/cmake_prefix_path.sh'
[3.059s] Level 1:colcon.colcon_core.environment:checking '/home/edgar/Desktop/ldlidar_ros2_ws/install/ldlidar_stl_ros2/lib'
[3.060s] Level 1:colcon.colcon_core.environment:checking '/home/edgar/Desktop/ldlidar_ros2_ws/install/ldlidar_stl_ros2/bin'
[3.060s] Level 1:colcon.colcon_core.environment:checking '/home/edgar/Desktop/ldlidar_ros2_ws/install/ldlidar_stl_ros2/lib/pkgconfig/ldlidar_stl_ros2.pc'
[3.060s] Level 1:colcon.colcon_core.environment:checking '/home/edgar/Desktop/ldlidar_ros2_ws/install/ldlidar_stl_ros2/lib/python3.10/site-packages'
[3.061s] Level 1:colcon.colcon_core.environment:checking '/home/edgar/Desktop/ldlidar_ros2_ws/install/ldlidar_stl_ros2/bin'
[3.088s] INFO:colcon.colcon_core.shell:Creating package script '/home/edgar/Desktop/ldlidar_ros2_ws/install/ldlidar_stl_ros2/share/ldlidar_stl_ros2/package.ps1'
[3.090s] INFO:colcon.colcon_core.shell:Creating package descriptor '/home/edgar/Desktop/ldlidar_ros2_ws/install/ldlidar_stl_ros2/share/ldlidar_stl_ros2/package.dsv'
[3.091s] INFO:colcon.colcon_core.shell:Creating package script '/home/edgar/Desktop/ldlidar_ros2_ws/install/ldlidar_stl_ros2/share/ldlidar_stl_ros2/package.sh'
[3.092s] INFO:colcon.colcon_core.shell:Creating package script '/home/edgar/Desktop/ldlidar_ros2_ws/install/ldlidar_stl_ros2/share/ldlidar_stl_ros2/package.bash'
[3.093s] INFO:colcon.colcon_core.shell:Creating package script '/home/edgar/Desktop/ldlidar_ros2_ws/install/ldlidar_stl_ros2/share/ldlidar_stl_ros2/package.zsh'
[3.095s] Level 1:colcon.colcon_core.environment:create_file_with_runtime_dependencies(/home/edgar/Desktop/ldlidar_ros2_ws/install/ldlidar_stl_ros2/share/colcon-core/packages/ldlidar_stl_ros2)
[4.195s] Level 1:colcon.colcon_core.environment:create_environment_scripts_only(ldlidar_stl_ros2)
[4.224s] Level 1:colcon.colcon_core.environment:checking '/home/edgar/Desktop/ldlidar_ros2_ws/install/ldlidar_stl_ros2' for CMake module files
[4.225s] Level 1:colcon.colcon_core.environment:checking '/home/edgar/Desktop/ldlidar_ros2_ws/install/ldlidar_stl_ros2' for CMake config files
[4.226s] Level 1:colcon.colcon_core.shell:create_environment_hook('ldlidar_stl_ros2', 'cmake_prefix_path')
[4.254s] INFO:colcon.colcon_core.shell:Creating environment hook '/home/edgar/Desktop/ldlidar_ros2_ws/install/ldlidar_stl_ros2/share/ldlidar_stl_ros2/hook/cmake_prefix_path.ps1'
[4.255s] INFO:colcon.colcon_core.shell:Creating environment descriptor '/home/edgar/Desktop/ldlidar_ros2_ws/install/ldlidar_stl_ros2/share/ldlidar_stl_ros2/hook/cmake_prefix_path.dsv'
[4.255s] INFO:colcon.colcon_core.shell:Creating environment hook '/home/edgar/Desktop/ldlidar_ros2_ws/install/ldlidar_stl_ros2/share/ldlidar_stl_ros2/hook/cmake_prefix_path.sh'
[4.256s] Level 1:colcon.colcon_core.environment:checking '/home/edgar/Desktop/ldlidar_ros2_ws/install/ldlidar_stl_ros2/lib'
[4.256s] Level 1:colcon.colcon_core.environment:checking '/home/edgar/Desktop/ldlidar_ros2_ws/install/ldlidar_stl_ros2/bin'
[4.256s] Level 1:colcon.colcon_core.environment:checking '/home/edgar/Desktop/ldlidar_ros2_ws/install/ldlidar_stl_ros2/lib/pkgconfig/ldlidar_stl_ros2.pc'
[4.257s] Level 1:colcon.colcon_core.environment:checking '/home/edgar/Desktop/ldlidar_ros2_ws/install/ldlidar_stl_ros2/lib/python3.10/site-packages'
[4.257s] Level 1:colcon.colcon_core.environment:checking '/home/edgar/Desktop/ldlidar_ros2_ws/install/ldlidar_stl_ros2/bin'
[4.286s] INFO:colcon.colcon_core.shell:Creating package script '/home/edgar/Desktop/ldlidar_ros2_ws/install/ldlidar_stl_ros2/share/ldlidar_stl_ros2/package.ps1'
[4.286s] INFO:colcon.colcon_core.shell:Creating package descriptor '/home/edgar/Desktop/ldlidar_ros2_ws/install/ldlidar_stl_ros2/share/ldlidar_stl_ros2/package.dsv'
[4.287s] INFO:colcon.colcon_core.shell:Creating package script '/home/edgar/Desktop/ldlidar_ros2_ws/install/ldlidar_stl_ros2/share/ldlidar_stl_ros2/package.sh'
[4.288s] INFO:colcon.colcon_core.shell:Creating package script '/home/edgar/Desktop/ldlidar_ros2_ws/install/ldlidar_stl_ros2/share/ldlidar_stl_ros2/package.bash'
[4.288s] INFO:colcon.colcon_core.shell:Creating package script '/home/edgar/Desktop/ldlidar_ros2_ws/install/ldlidar_stl_ros2/share/ldlidar_stl_ros2/package.zsh'
[4.289s] Level 1:colcon.colcon_core.environment:create_file_with_runtime_dependencies(/home/edgar/Desktop/ldlidar_ros2_ws/install/ldlidar_stl_ros2/share/colcon-core/packages/ldlidar_stl_ros2)
[21.352s] DEBUG:colcon.colcon_core.event_handler.log_command:Invoked command in '/home/edgar/Desktop/ldlidar_ros2_ws/build/laser_consumer' returned '0': CMAKE_PREFIX_PATH=/opt/ros/iron /usr/bin/cmake --build /home/edgar/Desktop/ldlidar_ros2_ws/build/laser_consumer -- -j4 -l4
[21.546s] Level 1:colcon.colcon_core.environment:create_environment_scripts_only(laser_consumer)
[21.549s] DEBUG:colcon.colcon_core.event_handler.log_command:Invoking command in '/home/edgar/Desktop/ldlidar_ros2_ws/build/laser_consumer': CMAKE_PREFIX_PATH=/opt/ros/iron /usr/bin/cmake --install /home/edgar/Desktop/ldlidar_ros2_ws/build/laser_consumer
[21.627s] Level 1:colcon.colcon_core.environment:checking '/home/edgar/Desktop/ldlidar_ros2_ws/install/laser_consumer' for CMake module files
[21.628s] Level 1:colcon.colcon_core.environment:checking '/home/edgar/Desktop/ldlidar_ros2_ws/install/laser_consumer' for CMake config files
[21.628s] Level 1:colcon.colcon_core.shell:create_environment_hook('laser_consumer', 'cmake_prefix_path')
[21.687s] INFO:colcon.colcon_core.shell:Creating environment hook '/home/edgar/Desktop/ldlidar_ros2_ws/install/laser_consumer/share/laser_consumer/hook/cmake_prefix_path.ps1'
[21.688s] INFO:colcon.colcon_core.shell:Creating environment descriptor '/home/edgar/Desktop/ldlidar_ros2_ws/install/laser_consumer/share/laser_consumer/hook/cmake_prefix_path.dsv'
[21.690s] INFO:colcon.colcon_core.shell:Creating environment hook '/home/edgar/Desktop/ldlidar_ros2_ws/install/laser_consumer/share/laser_consumer/hook/cmake_prefix_path.sh'
[21.693s] DEBUG:colcon.colcon_core.event_handler.log_command:Invoked command in '/home/edgar/Desktop/ldlidar_ros2_ws/build/laser_consumer' returned '0': CMAKE_PREFIX_PATH=/opt/ros/iron /usr/bin/cmake --install /home/edgar/Desktop/ldlidar_ros2_ws/build/laser_consumer
[21.695s] Level 1:colcon.colcon_core.environment:checking '/home/edgar/Desktop/ldlidar_ros2_ws/install/laser_consumer/lib'
[21.697s] Level 1:colcon.colcon_core.environment:checking '/home/edgar/Desktop/ldlidar_ros2_ws/install/laser_consumer/bin'
[21.698s] Level 1:colcon.colcon_core.environment:checking '/home/edgar/Desktop/ldlidar_ros2_ws/install/laser_consumer/lib/pkgconfig/laser_consumer.pc'
[21.698s] Level 1:colcon.colcon_core.environment:checking '/home/edgar/Desktop/ldlidar_ros2_ws/install/laser_consumer/lib/python3.10/site-packages'
[21.698s] Level 1:colcon.colcon_core.environment:checking '/home/edgar/Desktop/ldlidar_ros2_ws/install/laser_consumer/bin'
[21.729s] INFO:colcon.colcon_core.shell:Creating package script '/home/edgar/Desktop/ldlidar_ros2_ws/install/laser_consumer/share/laser_consumer/package.ps1'
[21.729s] INFO:colcon.colcon_core.shell:Creating package descriptor '/home/edgar/Desktop/ldlidar_ros2_ws/install/laser_consumer/share/laser_consumer/package.dsv'
[21.730s] INFO:colcon.colcon_core.shell:Creating package script '/home/edgar/Desktop/ldlidar_ros2_ws/install/laser_consumer/share/laser_consumer/package.sh'
[21.730s] INFO:colcon.colcon_core.shell:Creating package script '/home/edgar/Desktop/ldlidar_ros2_ws/install/laser_consumer/share/laser_consumer/package.bash'
[21.731s] INFO:colcon.colcon_core.shell:Creating package script '/home/edgar/Desktop/ldlidar_ros2_ws/install/laser_consumer/share/laser_consumer/package.zsh'
[21.731s] Level 1:colcon.colcon_core.environment:create_file_with_runtime_dependencies(/home/edgar/Desktop/ldlidar_ros2_ws/install/laser_consumer/share/colcon-core/packages/laser_consumer)
[21.842s] Level 1:colcon.colcon_core.environment:create_environment_scripts_only(laser_consumer)
[21.882s] Level 1:colcon.colcon_core.environment:checking '/home/edgar/Desktop/ldlidar_ros2_ws/install/laser_consumer' for CMake module files
[21.883s] Level 1:colcon.colcon_core.environment:checking '/home/edgar/Desktop/ldlidar_ros2_ws/install/laser_consumer' for CMake config files
[21.884s] Level 1:colcon.colcon_core.shell:create_environment_hook('laser_consumer', 'cmake_prefix_path')
[21.924s] INFO:colcon.colcon_core.shell:Creating environment hook '/home/edgar/Desktop/ldlidar_ros2_ws/install/laser_consumer/share/laser_consumer/hook/cmake_prefix_path.ps1'
[21.925s] INFO:colcon.colcon_core.shell:Creating environment descriptor '/home/edgar/Desktop/ldlidar_ros2_ws/install/laser_consumer/share/laser_consumer/hook/cmake_prefix_path.dsv'
[21.925s] INFO:colcon.colcon_core.shell:Creating environment hook '/home/edgar/Desktop/ldlidar_ros2_ws/install/laser_consumer/share/laser_consumer/hook/cmake_prefix_path.sh'
[21.926s] Level 1:colcon.colcon_core.environment:checking '/home/edgar/Desktop/ldlidar_ros2_ws/install/laser_consumer/lib'
[21.926s] Level 1:colcon.colcon_core.environment:checking '/home/edgar/Desktop/ldlidar_ros2_ws/install/laser_consumer/bin'
[21.926s] Level 1:colcon.colcon_core.environment:checking '/home/edgar/Desktop/ldlidar_ros2_ws/install/laser_consumer/lib/pkgconfig/laser_consumer.pc'
[21.927s] Level 1:colcon.colcon_core.environment:checking '/home/edgar/Desktop/ldlidar_ros2_ws/install/laser_consumer/lib/python3.10/site-packages'
[21.927s] Level 1:colcon.colcon_core.environment:checking '/home/edgar/Desktop/ldlidar_ros2_ws/install/laser_consumer/bin'
[21.967s] INFO:colcon.colcon_core.shell:Creating package script '/home/edgar/Desktop/ldlidar_ros2_ws/install/laser_consumer/share/laser_consumer/package.ps1'
[21.968s] INFO:colcon.colcon_core.shell:Creating package descriptor '/home/edgar/Desktop/ldlidar_ros2_ws/install/laser_consumer/share/laser_consumer/package.dsv'
[21.969s] INFO:colcon.colcon_core.shell:Creating package script '/home/edgar/Desktop/ldlidar_ros2_ws/install/laser_consumer/share/laser_consumer/package.sh'
[21.970s] INFO:colcon.colcon_core.shell:Creating package script '/home/edgar/Desktop/ldlidar_ros2_ws/install/laser_consumer/share/laser_consumer/package.bash'
[21.971s] INFO:colcon.colcon_core.shell:Creating package script '/home/edgar/Desktop/ldlidar_ros2_ws/install/laser_consumer/share/laser_consumer/package.zsh'
[21.972s] Level 1:colcon.colcon_core.environment:create_file_with_runtime_dependencies(/home/edgar/Desktop/ldlidar_ros2_ws/install/laser_consumer/share/colcon-core/packages/laser_consumer)
[21.972s] DEBUG:colcon.colcon_parallel_executor.executor.parallel:closing loop
[21.973s] DEBUG:colcon.colcon_parallel_executor.executor.parallel:loop closed
[21.973s] DEBUG:colcon.colcon_parallel_executor.executor.parallel:run_until_complete finished with '0'
[21.973s] DEBUG:colcon.colcon_core.event_reactor:joining thread
[22.017s] INFO:colcon.colcon_core.plugin_system:Skipping extension 'colcon_notification.desktop_notification.terminal_notifier': Not used on non-Darwin systems
[22.017s] INFO:colcon.colcon_core.plugin_system:Skipping extension 'colcon_notification.desktop_notification.win32': Not used on non-Windows systems
[22.018s] INFO:colcon.colcon_notification.desktop_notification:Sending desktop notification using 'notify2'
[22.308s] DEBUG:colcon.colcon_core.event_reactor:joined thread
[22.347s] INFO:colcon.colcon_core.shell:Creating prefix script '/home/edgar/Desktop/ldlidar_ros2_ws/install/local_setup.ps1'
[22.349s] INFO:colcon.colcon_core.shell:Creating prefix util module '/home/edgar/Desktop/ldlidar_ros2_ws/install/_local_setup_util_ps1.py'
[22.352s] INFO:colcon.colcon_core.shell:Creating prefix chain script '/home/edgar/Desktop/ldlidar_ros2_ws/install/setup.ps1'
[22.393s] INFO:colcon.colcon_core.shell:Creating prefix script '/home/edgar/Desktop/ldlidar_ros2_ws/install/local_setup.sh'
[22.395s] INFO:colcon.colcon_core.shell:Creating prefix util module '/home/edgar/Desktop/ldlidar_ros2_ws/install/_local_setup_util_sh.py'
[22.395s] INFO:colcon.colcon_core.shell:Creating prefix chain script '/home/edgar/Desktop/ldlidar_ros2_ws/install/setup.sh'
[22.437s] INFO:colcon.colcon_core.shell:Creating prefix script '/home/edgar/Desktop/ldlidar_ros2_ws/install/local_setup.bash'
[22.438s] INFO:colcon.colcon_core.shell:Creating prefix chain script '/home/edgar/Desktop/ldlidar_ros2_ws/install/setup.bash'
[22.479s] INFO:colcon.colcon_core.shell:Creating prefix script '/home/edgar/Desktop/ldlidar_ros2_ws/install/local_setup.zsh'
[22.480s] INFO:colcon.colcon_core.shell:Creating prefix chain script '/home/edgar/Desktop/ldlidar_ros2_ws/install/setup.zsh'
