[0.222s] Invoking command in '/home/edgar/Desktop/ldlidar_ros2_ws/build/laser_consumer': CMAKE_PREFIX_PATH=/opt/ros/iron /usr/bin/cmake --build /home/edgar/Desktop/ldlidar_ros2_ws/build/laser_consumer -- -j4 -l4
[0.329s] [35m[1mConsolidate compiler generated dependencies of target laser_consumer[0m
[0.377s] [ 50%] [32mBuilding CXX object CMakeFiles/laser_consumer.dir/src/laser_consumer.cpp.o[0m
[15.793s] [100%] [32m[1mLinking CXX executable laser_consumer[0m
[16.970s] [100%] Built target laser_consumer
[16.999s] Invoked command in '/home/edgar/Desktop/ldlidar_ros2_ws/build/laser_consumer' returned '0': CMAKE_PREFIX_PATH=/opt/ros/iron /usr/bin/cmake --build /home/edgar/Desktop/ldlidar_ros2_ws/build/laser_consumer -- -j4 -l4
[17.210s] Invoking command in '/home/edgar/Desktop/ldlidar_ros2_ws/build/laser_consumer': CMAKE_PREFIX_PATH=/opt/ros/iron /usr/bin/cmake --install /home/edgar/Desktop/ldlidar_ros2_ws/build/laser_consumer
[17.236s] -- Install configuration: ""
[17.239s] -- Execute custom install script
[17.239s] -- Up-to-date symlink: /home/edgar/Desktop/ldlidar_ros2_ws/install/laser_consumer/lib/laser_consumer/laser_consumer
[17.240s] -- Up-to-date symlink: /home/edgar/Desktop/ldlidar_ros2_ws/install/laser_consumer/share/ament_index/resource_index/package_run_dependencies/laser_consumer
[17.240s] -- Up-to-date symlink: /home/edgar/Desktop/ldlidar_ros2_ws/install/laser_consumer/share/ament_index/resource_index/parent_prefix_path/laser_consumer
[17.240s] -- Up-to-date symlink: /home/edgar/Desktop/ldlidar_ros2_ws/install/laser_consumer/share/laser_consumer/environment/ament_prefix_path.sh
[17.240s] -- Up-to-date symlink: /home/edgar/Desktop/ldlidar_ros2_ws/install/laser_consumer/share/laser_consumer/environment/ament_prefix_path.dsv
[17.240s] -- Up-to-date symlink: /home/edgar/Desktop/ldlidar_ros2_ws/install/laser_consumer/share/laser_consumer/environment/path.sh
[17.240s] -- Up-to-date symlink: /home/edgar/Desktop/ldlidar_ros2_ws/install/laser_consumer/share/laser_consumer/environment/path.dsv
[17.241s] -- Up-to-date symlink: /home/edgar/Desktop/ldlidar_ros2_ws/install/laser_consumer/share/laser_consumer/local_setup.bash
[17.241s] -- Up-to-date symlink: /home/edgar/Desktop/ldlidar_ros2_ws/install/laser_consumer/share/laser_consumer/local_setup.sh
[17.241s] -- Up-to-date symlink: /home/edgar/Desktop/ldlidar_ros2_ws/install/laser_consumer/share/laser_consumer/local_setup.zsh
[17.241s] -- Up-to-date symlink: /home/edgar/Desktop/ldlidar_ros2_ws/install/laser_consumer/share/laser_consumer/local_setup.dsv
[17.241s] -- Symlinking: /home/edgar/Desktop/ldlidar_ros2_ws/install/laser_consumer/share/laser_consumer/package.dsv
[17.253s] -- Up-to-date symlink: /home/edgar/Desktop/ldlidar_ros2_ws/install/laser_consumer/share/ament_index/resource_index/packages/laser_consumer
[17.254s] -- Up-to-date symlink: /home/edgar/Desktop/ldlidar_ros2_ws/install/laser_consumer/share/laser_consumer/cmake/laser_consumerConfig.cmake
[17.254s] -- Up-to-date symlink: /home/edgar/Desktop/ldlidar_ros2_ws/install/laser_consumer/share/laser_consumer/cmake/laser_consumerConfig-version.cmake
[17.255s] -- Up-to-date symlink: /home/edgar/Desktop/ldlidar_ros2_ws/install/laser_consumer/share/laser_consumer/package.xml
[17.258s] Invoked command in '/home/edgar/Desktop/ldlidar_ros2_ws/build/laser_consumer' returned '0': CMAKE_PREFIX_PATH=/opt/ros/iron /usr/bin/cmake --install /home/edgar/Desktop/ldlidar_ros2_ws/build/laser_consumer
