[3.743s] DEBUG:colcon:Command line arguments: ['/usr/bin/colcon', 'build', '--symlink-install']
[3.744s] DEBUG:colcon:Parsed command line arguments: Namespace(log_base=None, log_level=None, verb_name='build', build_base='build', install_base='install', merge_install=False, symlink_install=True, test_result_base=None, continue_on_error=False, executor='parallel', parallel_workers=4, event_handlers=None, ignore_user_meta=False, metas=['./colcon.meta'], base_paths=['.'], packages_ignore=None, packages_ignore_regex=None, paths=None, packages_up_to=None, packages_up_to_regex=None, packages_above=None, packages_above_and_dependencies=None, packages_above_depth=None, packages_select_by_dep=None, packages_skip_by_dep=None, packages_skip_up_to=None, packages_select_build_failed=False, packages_skip_build_finished=False, packages_select_test_failures=False, packages_skip_test_passed=False, packages_select=None, packages_skip=None, packages_select_regex=None, packages_skip_regex=None, packages_start=None, packages_end=None, allow_overriding=[], cmake_args=None, cmake_target=None, cmake_target_skip_unavailable=False, cmake_clean_cache=False, cmake_clean_first=False, cmake_force_configure=False, ament_cmake_args=None, catkin_cmake_args=None, catkin_skip_building_tests=False, verb_parser=<colcon_defaults.argument_parser.defaults.DefaultArgumentsDecorator object at 0x7f4a5d6da680>, verb_extension=<colcon_core.verb.build.BuildVerb object at 0x7f4a5d6fa200>, main=<bound method BuildVerb.main of <colcon_core.verb.build.BuildVerb object at 0x7f4a5d6fa200>>)
[3.860s] Level 1:colcon.colcon_core.package_discovery:discover_packages(colcon_meta) check parameters
[3.861s] Level 1:colcon.colcon_core.package_discovery:discover_packages(recursive) check parameters
[3.861s] Level 1:colcon.colcon_core.package_discovery:discover_packages(ignore) check parameters
[3.861s] Level 1:colcon.colcon_core.package_discovery:discover_packages(path) check parameters
[3.861s] Level 1:colcon.colcon_core.package_discovery:discover_packages(colcon_meta) discover
[3.861s] Level 1:colcon.colcon_core.package_discovery:discover_packages(recursive) discover
[3.861s] INFO:colcon.colcon_core.package_discovery:Crawling recursively for packages in '/home/edgar/Desktop/Repo/LaserScanCar'
[3.861s] Level 1:colcon.colcon_core.package_identification:_identify(.) by extensions ['ignore', 'ignore_ament_install']
[3.861s] Level 1:colcon.colcon_core.package_identification:_identify(.) by extension 'ignore'
[3.864s] Level 1:colcon.colcon_core.package_identification:_identify(.) by extension 'ignore_ament_install'
[3.868s] Level 1:colcon.colcon_core.package_identification:_identify(.) by extensions ['colcon_pkg']
[3.870s] Level 1:colcon.colcon_core.package_identification:_identify(.) by extension 'colcon_pkg'
[3.873s] Level 1:colcon.colcon_core.package_identification:_identify(.) by extensions ['colcon_meta']
[3.875s] Level 1:colcon.colcon_core.package_identification:_identify(.) by extension 'colcon_meta'
[3.878s] Level 1:colcon.colcon_core.package_identification:_identify(.) by extensions ['ros']
[3.879s] Level 1:colcon.colcon_core.package_identification:_identify(.) by extension 'ros'
[3.968s] Level 1:colcon.colcon_core.package_identification:_identify(.) by extensions ['cmake', 'python']
[3.969s] Level 1:colcon.colcon_core.package_identification:_identify(.) by extension 'cmake'
[3.969s] Level 1:colcon.colcon_core.package_identification:_identify(.) by extension 'python'
[3.969s] Level 1:colcon.colcon_core.package_identification:_identify(.) by extensions ['python_setup_py']
[3.969s] Level 1:colcon.colcon_core.package_identification:_identify(.) by extension 'python_setup_py'
[3.969s] Level 1:colcon.colcon_core.package_identification:_identify(build) by extensions ['ignore', 'ignore_ament_install']
[3.969s] Level 1:colcon.colcon_core.package_identification:_identify(build) by extension 'ignore'
[3.969s] Level 1:colcon.colcon_core.package_identification:_identify(build) ignored
[3.970s] Level 1:colcon.colcon_core.package_identification:_identify(install) by extensions ['ignore', 'ignore_ament_install']
[3.970s] Level 1:colcon.colcon_core.package_identification:_identify(install) by extension 'ignore'
[3.970s] Level 1:colcon.colcon_core.package_identification:_identify(install) ignored
[3.971s] Level 1:colcon.colcon_core.package_identification:_identify(log) by extensions ['ignore', 'ignore_ament_install']
[3.971s] Level 1:colcon.colcon_core.package_identification:_identify(log) by extension 'ignore'
[3.971s] Level 1:colcon.colcon_core.package_identification:_identify(log) ignored
[3.971s] Level 1:colcon.colcon_core.package_identification:_identify(src) by extensions ['ignore', 'ignore_ament_install']
[3.971s] Level 1:colcon.colcon_core.package_identification:_identify(src) by extension 'ignore'
[3.971s] Level 1:colcon.colcon_core.package_identification:_identify(src) by extension 'ignore_ament_install'
[3.971s] Level 1:colcon.colcon_core.package_identification:_identify(src) by extensions ['colcon_pkg']
[3.972s] Level 1:colcon.colcon_core.package_identification:_identify(src) by extension 'colcon_pkg'
[3.972s] Level 1:colcon.colcon_core.package_identification:_identify(src) by extensions ['colcon_meta']
[3.972s] Level 1:colcon.colcon_core.package_identification:_identify(src) by extension 'colcon_meta'
[3.972s] Level 1:colcon.colcon_core.package_identification:_identify(src) by extensions ['ros']
[3.972s] Level 1:colcon.colcon_core.package_identification:_identify(src) by extension 'ros'
[3.972s] Level 1:colcon.colcon_core.package_identification:_identify(src) by extensions ['cmake', 'python']
[3.972s] Level 1:colcon.colcon_core.package_identification:_identify(src) by extension 'cmake'
[3.972s] Level 1:colcon.colcon_core.package_identification:_identify(src) by extension 'python'
[3.972s] Level 1:colcon.colcon_core.package_identification:_identify(src) by extensions ['python_setup_py']
[3.972s] Level 1:colcon.colcon_core.package_identification:_identify(src) by extension 'python_setup_py'
[3.973s] Level 1:colcon.colcon_core.package_identification:_identify(src/laser_consumer) by extensions ['ignore', 'ignore_ament_install']
[3.973s] Level 1:colcon.colcon_core.package_identification:_identify(src/laser_consumer) by extension 'ignore'
[3.973s] Level 1:colcon.colcon_core.package_identification:_identify(src/laser_consumer) by extension 'ignore_ament_install'
[3.973s] Level 1:colcon.colcon_core.package_identification:_identify(src/laser_consumer) by extensions ['colcon_pkg']
[3.973s] Level 1:colcon.colcon_core.package_identification:_identify(src/laser_consumer) by extension 'colcon_pkg'
[3.973s] Level 1:colcon.colcon_core.package_identification:_identify(src/laser_consumer) by extensions ['colcon_meta']
[3.973s] Level 1:colcon.colcon_core.package_identification:_identify(src/laser_consumer) by extension 'colcon_meta'
[3.973s] Level 1:colcon.colcon_core.package_identification:_identify(src/laser_consumer) by extensions ['ros']
[3.974s] Level 1:colcon.colcon_core.package_identification:_identify(src/laser_consumer) by extension 'ros'
[3.980s] DEBUG:colcon.colcon_core.package_identification:Package 'src/laser_consumer' with type 'ros.ament_cmake' and name 'laser_consumer'
[3.980s] Level 1:colcon.colcon_core.package_identification:_identify(src/ldlidar_stl_ros2) by extensions ['ignore', 'ignore_ament_install']
[3.980s] Level 1:colcon.colcon_core.package_identification:_identify(src/ldlidar_stl_ros2) by extension 'ignore'
[3.980s] Level 1:colcon.colcon_core.package_identification:_identify(src/ldlidar_stl_ros2) by extension 'ignore_ament_install'
[3.980s] Level 1:colcon.colcon_core.package_identification:_identify(src/ldlidar_stl_ros2) by extensions ['colcon_pkg']
[3.980s] Level 1:colcon.colcon_core.package_identification:_identify(src/ldlidar_stl_ros2) by extension 'colcon_pkg'
[3.980s] Level 1:colcon.colcon_core.package_identification:_identify(src/ldlidar_stl_ros2) by extensions ['colcon_meta']
[3.981s] Level 1:colcon.colcon_core.package_identification:_identify(src/ldlidar_stl_ros2) by extension 'colcon_meta'
[3.981s] Level 1:colcon.colcon_core.package_identification:_identify(src/ldlidar_stl_ros2) by extensions ['ros']
[3.981s] Level 1:colcon.colcon_core.package_identification:_identify(src/ldlidar_stl_ros2) by extension 'ros'
[3.982s] DEBUG:colcon.colcon_core.package_identification:Package 'src/ldlidar_stl_ros2' with type 'ros.ament_cmake' and name 'ldlidar_stl_ros2'
[3.982s] Level 1:colcon.colcon_core.package_discovery:discover_packages(recursive) using defaults
[3.983s] Level 1:colcon.colcon_core.package_discovery:discover_packages(ignore) discover
[3.983s] Level 1:colcon.colcon_core.package_discovery:discover_packages(ignore) using defaults
[3.983s] Level 1:colcon.colcon_core.package_discovery:discover_packages(path) discover
[3.983s] Level 1:colcon.colcon_core.package_discovery:discover_packages(path) using defaults
[4.224s] Level 1:colcon.colcon_core.package_discovery:discover_packages(prefix_path) check parameters
[4.224s] Level 1:colcon.colcon_core.package_discovery:discover_packages(prefix_path) discover
[4.304s] DEBUG:colcon.colcon_installed_package_information.package_discovery:Found 2 installed packages in /home/edgar/Desktop/Repo/LaserScanCar/install
[4.348s] DEBUG:colcon.colcon_installed_package_information.package_discovery:Found 281 installed packages in /opt/ros/iron
[4.352s] Level 1:colcon.colcon_core.package_discovery:discover_packages(prefix_path) using defaults
[4.588s] Level 5:colcon.colcon_core.verb:set package 'laser_consumer' build argument 'cmake_args' from command line to 'None'
[4.588s] Level 5:colcon.colcon_core.verb:set package 'laser_consumer' build argument 'cmake_target' from command line to 'None'
[4.588s] Level 5:colcon.colcon_core.verb:set package 'laser_consumer' build argument 'cmake_target_skip_unavailable' from command line to 'False'
[4.589s] Level 5:colcon.colcon_core.verb:set package 'laser_consumer' build argument 'cmake_clean_cache' from command line to 'False'
[4.589s] Level 5:colcon.colcon_core.verb:set package 'laser_consumer' build argument 'cmake_clean_first' from command line to 'False'
[4.589s] Level 5:colcon.colcon_core.verb:set package 'laser_consumer' build argument 'cmake_force_configure' from command line to 'False'
[4.589s] Level 5:colcon.colcon_core.verb:set package 'laser_consumer' build argument 'ament_cmake_args' from command line to 'None'
[4.589s] Level 5:colcon.colcon_core.verb:set package 'laser_consumer' build argument 'catkin_cmake_args' from command line to 'None'
[4.589s] Level 5:colcon.colcon_core.verb:set package 'laser_consumer' build argument 'catkin_skip_building_tests' from command line to 'False'
[4.589s] DEBUG:colcon.colcon_core.verb:Building package 'laser_consumer' with the following arguments: {'ament_cmake_args': None, 'build_base': '/home/edgar/Desktop/Repo/LaserScanCar/build/laser_consumer', 'catkin_cmake_args': None, 'catkin_skip_building_tests': False, 'cmake_args': None, 'cmake_clean_cache': False, 'cmake_clean_first': False, 'cmake_force_configure': False, 'cmake_target': None, 'cmake_target_skip_unavailable': False, 'install_base': '/home/edgar/Desktop/Repo/LaserScanCar/install/laser_consumer', 'merge_install': False, 'path': '/home/edgar/Desktop/Repo/LaserScanCar/src/laser_consumer', 'symlink_install': True, 'test_result_base': None}
[4.628s] Level 5:colcon.colcon_core.verb:set package 'ldlidar_stl_ros2' build argument 'cmake_args' from command line to 'None'
[4.628s] Level 5:colcon.colcon_core.verb:set package 'ldlidar_stl_ros2' build argument 'cmake_target' from command line to 'None'
[4.628s] Level 5:colcon.colcon_core.verb:set package 'ldlidar_stl_ros2' build argument 'cmake_target_skip_unavailable' from command line to 'False'
[4.628s] Level 5:colcon.colcon_core.verb:set package 'ldlidar_stl_ros2' build argument 'cmake_clean_cache' from command line to 'False'
[4.629s] Level 5:colcon.colcon_core.verb:set package 'ldlidar_stl_ros2' build argument 'cmake_clean_first' from command line to 'False'
[4.629s] Level 5:colcon.colcon_core.verb:set package 'ldlidar_stl_ros2' build argument 'cmake_force_configure' from command line to 'False'
[4.629s] Level 5:colcon.colcon_core.verb:set package 'ldlidar_stl_ros2' build argument 'ament_cmake_args' from command line to 'None'
[4.629s] Level 5:colcon.colcon_core.verb:set package 'ldlidar_stl_ros2' build argument 'catkin_cmake_args' from command line to 'None'
[4.629s] Level 5:colcon.colcon_core.verb:set package 'ldlidar_stl_ros2' build argument 'catkin_skip_building_tests' from command line to 'False'
[4.629s] DEBUG:colcon.colcon_core.verb:Building package 'ldlidar_stl_ros2' with the following arguments: {'ament_cmake_args': None, 'build_base': '/home/edgar/Desktop/Repo/LaserScanCar/build/ldlidar_stl_ros2', 'catkin_cmake_args': None, 'catkin_skip_building_tests': False, 'cmake_args': None, 'cmake_clean_cache': False, 'cmake_clean_first': False, 'cmake_force_configure': False, 'cmake_target': None, 'cmake_target_skip_unavailable': False, 'install_base': '/home/edgar/Desktop/Repo/LaserScanCar/install/ldlidar_stl_ros2', 'merge_install': False, 'path': '/home/edgar/Desktop/Repo/LaserScanCar/src/ldlidar_stl_ros2', 'symlink_install': True, 'test_result_base': None}
[4.667s] INFO:colcon.colcon_core.executor:Executing jobs using 'parallel' executor
[4.707s] DEBUG:colcon.colcon_parallel_executor.executor.parallel:run_until_complete
[4.708s] INFO:colcon.colcon_ros.task.ament_cmake.build:Building ROS package in '/home/edgar/Desktop/Repo/LaserScanCar/src/laser_consumer' with build type 'ament_cmake'
[4.708s] INFO:colcon.colcon_cmake.task.cmake.build:Building CMake package in '/home/edgar/Desktop/Repo/LaserScanCar/src/laser_consumer'
[4.751s] INFO:colcon.colcon_core.plugin_system:Skipping extension 'colcon_core.shell.bat': Not used on non-Windows systems
[4.751s] INFO:colcon.colcon_core.shell:Skip shell extension 'powershell' for command environment: Not usable outside of PowerShell
[4.752s] DEBUG:colcon.colcon_core.shell:Skip shell extension 'dsv' for command environment
[4.880s] INFO:colcon.colcon_ros.task.ament_cmake.build:Building ROS package in '/home/edgar/Desktop/Repo/LaserScanCar/src/ldlidar_stl_ros2' with build type 'ament_cmake'
[4.880s] INFO:colcon.colcon_cmake.task.cmake.build:Building CMake package in '/home/edgar/Desktop/Repo/LaserScanCar/src/ldlidar_stl_ros2'
[4.901s] INFO:colcon.colcon_core.shell:Skip shell extension 'powershell' for command environment: Not usable outside of PowerShell
[4.901s] DEBUG:colcon.colcon_core.shell:Skip shell extension 'dsv' for command environment
[4.991s] DEBUG:colcon.colcon_core.event_handler.log_command:Invoking command in '/home/edgar/Desktop/Repo/LaserScanCar/build/laser_consumer': CMAKE_PREFIX_PATH=${CMAKE_PREFIX_PATH}:/opt/ros/iron /usr/bin/cmake --build /home/edgar/Desktop/Repo/LaserScanCar/build/laser_consumer -- -j4 -l4
[4.997s] DEBUG:colcon.colcon_core.event_handler.log_command:Invoking command in '/home/edgar/Desktop/Repo/LaserScanCar/build/ldlidar_stl_ros2': CMAKE_PREFIX_PATH=${CMAKE_PREFIX_PATH}:/opt/ros/iron /usr/bin/cmake --build /home/edgar/Desktop/Repo/LaserScanCar/build/ldlidar_stl_ros2 -- -j4 -l4
[9.678s] DEBUG:colcon.colcon_core.event_handler.log_command:Invoked command in '/home/edgar/Desktop/Repo/LaserScanCar/build/ldlidar_stl_ros2' returned '0': CMAKE_PREFIX_PATH=${CMAKE_PREFIX_PATH}:/opt/ros/iron /usr/bin/cmake --build /home/edgar/Desktop/Repo/LaserScanCar/build/ldlidar_stl_ros2 -- -j4 -l4
[9.730s] DEBUG:colcon.colcon_core.event_handler.log_command:Invoked command in '/home/edgar/Desktop/Repo/LaserScanCar/build/laser_consumer' returned '0': CMAKE_PREFIX_PATH=${CMAKE_PREFIX_PATH}:/opt/ros/iron /usr/bin/cmake --build /home/edgar/Desktop/Repo/LaserScanCar/build/laser_consumer -- -j4 -l4
[9.771s] DEBUG:colcon.colcon_core.event_handler.log_command:Invoking command in '/home/edgar/Desktop/Repo/LaserScanCar/build/laser_consumer': CMAKE_PREFIX_PATH=${CMAKE_PREFIX_PATH}:/opt/ros/iron /usr/bin/cmake --install /home/edgar/Desktop/Repo/LaserScanCar/build/laser_consumer
[9.792s] Level 1:colcon.colcon_core.environment:create_environment_scripts_only(laser_consumer)
[9.793s] DEBUG:colcon.colcon_core.event_handler.log_command:Invoked command in '/home/edgar/Desktop/Repo/LaserScanCar/build/laser_consumer' returned '0': CMAKE_PREFIX_PATH=${CMAKE_PREFIX_PATH}:/opt/ros/iron /usr/bin/cmake --install /home/edgar/Desktop/Repo/LaserScanCar/build/laser_consumer
[9.825s] Level 1:colcon.colcon_core.environment:checking '/home/edgar/Desktop/Repo/LaserScanCar/install/laser_consumer' for CMake module files
[9.826s] Level 1:colcon.colcon_core.environment:checking '/home/edgar/Desktop/Repo/LaserScanCar/install/laser_consumer' for CMake config files
[9.826s] Level 1:colcon.colcon_core.shell:create_environment_hook('laser_consumer', 'cmake_prefix_path')
[9.854s] INFO:colcon.colcon_core.shell:Creating environment hook '/home/edgar/Desktop/Repo/LaserScanCar/install/laser_consumer/share/laser_consumer/hook/cmake_prefix_path.ps1'
[9.856s] INFO:colcon.colcon_core.shell:Creating environment descriptor '/home/edgar/Desktop/Repo/LaserScanCar/install/laser_consumer/share/laser_consumer/hook/cmake_prefix_path.dsv'
[9.856s] INFO:colcon.colcon_core.shell:Creating environment hook '/home/edgar/Desktop/Repo/LaserScanCar/install/laser_consumer/share/laser_consumer/hook/cmake_prefix_path.sh'
[9.858s] Level 1:colcon.colcon_core.environment:checking '/home/edgar/Desktop/Repo/LaserScanCar/install/laser_consumer/lib'
[9.858s] Level 1:colcon.colcon_core.environment:checking '/home/edgar/Desktop/Repo/LaserScanCar/install/laser_consumer/bin'
[9.858s] Level 1:colcon.colcon_core.environment:checking '/home/edgar/Desktop/Repo/LaserScanCar/install/laser_consumer/lib/pkgconfig/laser_consumer.pc'
[9.859s] Level 1:colcon.colcon_core.environment:checking '/home/edgar/Desktop/Repo/LaserScanCar/install/laser_consumer/lib/python3.10/site-packages'
[9.859s] Level 1:colcon.colcon_core.environment:checking '/home/edgar/Desktop/Repo/LaserScanCar/install/laser_consumer/bin'
[9.886s] INFO:colcon.colcon_core.shell:Creating package script '/home/edgar/Desktop/Repo/LaserScanCar/install/laser_consumer/share/laser_consumer/package.ps1'
[9.888s] INFO:colcon.colcon_core.shell:Creating package descriptor '/home/edgar/Desktop/Repo/LaserScanCar/install/laser_consumer/share/laser_consumer/package.dsv'
[9.889s] INFO:colcon.colcon_core.shell:Creating package script '/home/edgar/Desktop/Repo/LaserScanCar/install/laser_consumer/share/laser_consumer/package.sh'
[9.890s] INFO:colcon.colcon_core.shell:Creating package script '/home/edgar/Desktop/Repo/LaserScanCar/install/laser_consumer/share/laser_consumer/package.bash'
[9.892s] INFO:colcon.colcon_core.shell:Creating package script '/home/edgar/Desktop/Repo/LaserScanCar/install/laser_consumer/share/laser_consumer/package.zsh'
[9.893s] Level 1:colcon.colcon_core.environment:create_file_with_runtime_dependencies(/home/edgar/Desktop/Repo/LaserScanCar/install/laser_consumer/share/colcon-core/packages/laser_consumer)
[9.898s] DEBUG:colcon.colcon_core.event_handler.log_command:Invoking command in '/home/edgar/Desktop/Repo/LaserScanCar/build/ldlidar_stl_ros2': CMAKE_PREFIX_PATH=${CMAKE_PREFIX_PATH}:/opt/ros/iron /usr/bin/cmake --install /home/edgar/Desktop/Repo/LaserScanCar/build/ldlidar_stl_ros2
[9.923s] Level 1:colcon.colcon_core.environment:create_environment_scripts_only(ldlidar_stl_ros2)
[9.925s] DEBUG:colcon.colcon_core.event_handler.log_command:Invoked command in '/home/edgar/Desktop/Repo/LaserScanCar/build/ldlidar_stl_ros2' returned '0': CMAKE_PREFIX_PATH=${CMAKE_PREFIX_PATH}:/opt/ros/iron /usr/bin/cmake --install /home/edgar/Desktop/Repo/LaserScanCar/build/ldlidar_stl_ros2
[9.954s] Level 1:colcon.colcon_core.environment:checking '/home/edgar/Desktop/Repo/LaserScanCar/install/ldlidar_stl_ros2' for CMake module files
[9.955s] Level 1:colcon.colcon_core.environment:checking '/home/edgar/Desktop/Repo/LaserScanCar/install/ldlidar_stl_ros2' for CMake config files
[9.956s] Level 1:colcon.colcon_core.shell:create_environment_hook('ldlidar_stl_ros2', 'cmake_prefix_path')
[9.983s] INFO:colcon.colcon_core.shell:Creating environment hook '/home/edgar/Desktop/Repo/LaserScanCar/install/ldlidar_stl_ros2/share/ldlidar_stl_ros2/hook/cmake_prefix_path.ps1'
[9.984s] INFO:colcon.colcon_core.shell:Creating environment descriptor '/home/edgar/Desktop/Repo/LaserScanCar/install/ldlidar_stl_ros2/share/ldlidar_stl_ros2/hook/cmake_prefix_path.dsv'
[9.984s] INFO:colcon.colcon_core.shell:Creating environment hook '/home/edgar/Desktop/Repo/LaserScanCar/install/ldlidar_stl_ros2/share/ldlidar_stl_ros2/hook/cmake_prefix_path.sh'
[9.985s] Level 1:colcon.colcon_core.environment:checking '/home/edgar/Desktop/Repo/LaserScanCar/install/ldlidar_stl_ros2/lib'
[9.985s] Level 1:colcon.colcon_core.environment:checking '/home/edgar/Desktop/Repo/LaserScanCar/install/ldlidar_stl_ros2/bin'
[9.985s] Level 1:colcon.colcon_core.environment:checking '/home/edgar/Desktop/Repo/LaserScanCar/install/ldlidar_stl_ros2/lib/pkgconfig/ldlidar_stl_ros2.pc'
[9.986s] Level 1:colcon.colcon_core.environment:checking '/home/edgar/Desktop/Repo/LaserScanCar/install/ldlidar_stl_ros2/lib/python3.10/site-packages'
[9.986s] Level 1:colcon.colcon_core.environment:checking '/home/edgar/Desktop/Repo/LaserScanCar/install/ldlidar_stl_ros2/bin'
[10.015s] INFO:colcon.colcon_core.shell:Creating package script '/home/edgar/Desktop/Repo/LaserScanCar/install/ldlidar_stl_ros2/share/ldlidar_stl_ros2/package.ps1'
[10.016s] INFO:colcon.colcon_core.shell:Creating package descriptor '/home/edgar/Desktop/Repo/LaserScanCar/install/ldlidar_stl_ros2/share/ldlidar_stl_ros2/package.dsv'
[10.016s] INFO:colcon.colcon_core.shell:Creating package script '/home/edgar/Desktop/Repo/LaserScanCar/install/ldlidar_stl_ros2/share/ldlidar_stl_ros2/package.sh'
[10.017s] INFO:colcon.colcon_core.shell:Creating package script '/home/edgar/Desktop/Repo/LaserScanCar/install/ldlidar_stl_ros2/share/ldlidar_stl_ros2/package.bash'
[10.017s] INFO:colcon.colcon_core.shell:Creating package script '/home/edgar/Desktop/Repo/LaserScanCar/install/ldlidar_stl_ros2/share/ldlidar_stl_ros2/package.zsh'
[10.018s] Level 1:colcon.colcon_core.environment:create_file_with_runtime_dependencies(/home/edgar/Desktop/Repo/LaserScanCar/install/ldlidar_stl_ros2/share/colcon-core/packages/ldlidar_stl_ros2)
[10.052s] Level 1:colcon.colcon_core.environment:create_environment_scripts_only(laser_consumer)
[10.079s] Level 1:colcon.colcon_core.environment:checking '/home/edgar/Desktop/Repo/LaserScanCar/install/laser_consumer' for CMake module files
[10.080s] Level 1:colcon.colcon_core.environment:checking '/home/edgar/Desktop/Repo/LaserScanCar/install/laser_consumer' for CMake config files
[10.081s] Level 1:colcon.colcon_core.shell:create_environment_hook('laser_consumer', 'cmake_prefix_path')
[10.108s] INFO:colcon.colcon_core.shell:Creating environment hook '/home/edgar/Desktop/Repo/LaserScanCar/install/laser_consumer/share/laser_consumer/hook/cmake_prefix_path.ps1'
[10.109s] INFO:colcon.colcon_core.shell:Creating environment descriptor '/home/edgar/Desktop/Repo/LaserScanCar/install/laser_consumer/share/laser_consumer/hook/cmake_prefix_path.dsv'
[10.110s] INFO:colcon.colcon_core.shell:Creating environment hook '/home/edgar/Desktop/Repo/LaserScanCar/install/laser_consumer/share/laser_consumer/hook/cmake_prefix_path.sh'
[10.110s] Level 1:colcon.colcon_core.environment:checking '/home/edgar/Desktop/Repo/LaserScanCar/install/laser_consumer/lib'
[10.111s] Level 1:colcon.colcon_core.environment:checking '/home/edgar/Desktop/Repo/LaserScanCar/install/laser_consumer/bin'
[10.111s] Level 1:colcon.colcon_core.environment:checking '/home/edgar/Desktop/Repo/LaserScanCar/install/laser_consumer/lib/pkgconfig/laser_consumer.pc'
[10.111s] Level 1:colcon.colcon_core.environment:checking '/home/edgar/Desktop/Repo/LaserScanCar/install/laser_consumer/lib/python3.10/site-packages'
[10.112s] Level 1:colcon.colcon_core.environment:checking '/home/edgar/Desktop/Repo/LaserScanCar/install/laser_consumer/bin'
[10.139s] INFO:colcon.colcon_core.shell:Creating package script '/home/edgar/Desktop/Repo/LaserScanCar/install/laser_consumer/share/laser_consumer/package.ps1'
[10.140s] INFO:colcon.colcon_core.shell:Creating package descriptor '/home/edgar/Desktop/Repo/LaserScanCar/install/laser_consumer/share/laser_consumer/package.dsv'
[10.140s] INFO:colcon.colcon_core.shell:Creating package script '/home/edgar/Desktop/Repo/LaserScanCar/install/laser_consumer/share/laser_consumer/package.sh'
[10.141s] INFO:colcon.colcon_core.shell:Creating package script '/home/edgar/Desktop/Repo/LaserScanCar/install/laser_consumer/share/laser_consumer/package.bash'
[10.142s] INFO:colcon.colcon_core.shell:Creating package script '/home/edgar/Desktop/Repo/LaserScanCar/install/laser_consumer/share/laser_consumer/package.zsh'
[10.142s] Level 1:colcon.colcon_core.environment:create_file_with_runtime_dependencies(/home/edgar/Desktop/Repo/LaserScanCar/install/laser_consumer/share/colcon-core/packages/laser_consumer)
[10.222s] Level 1:colcon.colcon_core.environment:create_environment_scripts_only(ldlidar_stl_ros2)
[10.263s] Level 1:colcon.colcon_core.environment:checking '/home/edgar/Desktop/Repo/LaserScanCar/install/ldlidar_stl_ros2' for CMake module files
[10.265s] Level 1:colcon.colcon_core.environment:checking '/home/edgar/Desktop/Repo/LaserScanCar/install/ldlidar_stl_ros2' for CMake config files
[10.266s] Level 1:colcon.colcon_core.shell:create_environment_hook('ldlidar_stl_ros2', 'cmake_prefix_path')
[10.321s] INFO:colcon.colcon_core.shell:Creating environment hook '/home/edgar/Desktop/Repo/LaserScanCar/install/ldlidar_stl_ros2/share/ldlidar_stl_ros2/hook/cmake_prefix_path.ps1'
[10.322s] INFO:colcon.colcon_core.shell:Creating environment descriptor '/home/edgar/Desktop/Repo/LaserScanCar/install/ldlidar_stl_ros2/share/ldlidar_stl_ros2/hook/cmake_prefix_path.dsv'
[10.323s] INFO:colcon.colcon_core.shell:Creating environment hook '/home/edgar/Desktop/Repo/LaserScanCar/install/ldlidar_stl_ros2/share/ldlidar_stl_ros2/hook/cmake_prefix_path.sh'
[10.324s] Level 1:colcon.colcon_core.environment:checking '/home/edgar/Desktop/Repo/LaserScanCar/install/ldlidar_stl_ros2/lib'
[10.324s] Level 1:colcon.colcon_core.environment:checking '/home/edgar/Desktop/Repo/LaserScanCar/install/ldlidar_stl_ros2/bin'
[10.324s] Level 1:colcon.colcon_core.environment:checking '/home/edgar/Desktop/Repo/LaserScanCar/install/ldlidar_stl_ros2/lib/pkgconfig/ldlidar_stl_ros2.pc'
[10.325s] Level 1:colcon.colcon_core.environment:checking '/home/edgar/Desktop/Repo/LaserScanCar/install/ldlidar_stl_ros2/lib/python3.10/site-packages'
[10.325s] Level 1:colcon.colcon_core.environment:checking '/home/edgar/Desktop/Repo/LaserScanCar/install/ldlidar_stl_ros2/bin'
[10.366s] INFO:colcon.colcon_core.shell:Creating package script '/home/edgar/Desktop/Repo/LaserScanCar/install/ldlidar_stl_ros2/share/ldlidar_stl_ros2/package.ps1'
[10.367s] INFO:colcon.colcon_core.shell:Creating package descriptor '/home/edgar/Desktop/Repo/LaserScanCar/install/ldlidar_stl_ros2/share/ldlidar_stl_ros2/package.dsv'
[10.368s] INFO:colcon.colcon_core.shell:Creating package script '/home/edgar/Desktop/Repo/LaserScanCar/install/ldlidar_stl_ros2/share/ldlidar_stl_ros2/package.sh'
[10.369s] INFO:colcon.colcon_core.shell:Creating package script '/home/edgar/Desktop/Repo/LaserScanCar/install/ldlidar_stl_ros2/share/ldlidar_stl_ros2/package.bash'
[10.370s] INFO:colcon.colcon_core.shell:Creating package script '/home/edgar/Desktop/Repo/LaserScanCar/install/ldlidar_stl_ros2/share/ldlidar_stl_ros2/package.zsh'
[10.371s] Level 1:colcon.colcon_core.environment:create_file_with_runtime_dependencies(/home/edgar/Desktop/Repo/LaserScanCar/install/ldlidar_stl_ros2/share/colcon-core/packages/ldlidar_stl_ros2)
[10.371s] DEBUG:colcon.colcon_parallel_executor.executor.parallel:closing loop
[10.371s] DEBUG:colcon.colcon_parallel_executor.executor.parallel:loop closed
[10.371s] DEBUG:colcon.colcon_parallel_executor.executor.parallel:run_until_complete finished with '0'
[10.371s] DEBUG:colcon.colcon_core.event_reactor:joining thread
[10.474s] INFO:colcon.colcon_core.plugin_system:Skipping extension 'colcon_notification.desktop_notification.terminal_notifier': Not used on non-Darwin systems
[10.474s] INFO:colcon.colcon_core.plugin_system:Skipping extension 'colcon_notification.desktop_notification.win32': Not used on non-Windows systems
[10.475s] INFO:colcon.colcon_notification.desktop_notification:Sending desktop notification using 'notify2'
[10.800s] DEBUG:colcon.colcon_core.event_reactor:joined thread
[10.849s] INFO:colcon.colcon_core.shell:Creating prefix script '/home/edgar/Desktop/Repo/LaserScanCar/install/local_setup.ps1'
[10.851s] INFO:colcon.colcon_core.shell:Creating prefix util module '/home/edgar/Desktop/Repo/LaserScanCar/install/_local_setup_util_ps1.py'
[10.855s] INFO:colcon.colcon_core.shell:Creating prefix chain script '/home/edgar/Desktop/Repo/LaserScanCar/install/setup.ps1'
[10.896s] INFO:colcon.colcon_core.shell:Creating prefix script '/home/edgar/Desktop/Repo/LaserScanCar/install/local_setup.sh'
[10.897s] INFO:colcon.colcon_core.shell:Creating prefix util module '/home/edgar/Desktop/Repo/LaserScanCar/install/_local_setup_util_sh.py'
[10.898s] INFO:colcon.colcon_core.shell:Creating prefix chain script '/home/edgar/Desktop/Repo/LaserScanCar/install/setup.sh'
[10.940s] INFO:colcon.colcon_core.shell:Creating prefix script '/home/edgar/Desktop/Repo/LaserScanCar/install/local_setup.bash'
[10.941s] INFO:colcon.colcon_core.shell:Creating prefix chain script '/home/edgar/Desktop/Repo/LaserScanCar/install/setup.bash'
[10.982s] INFO:colcon.colcon_core.shell:Creating prefix script '/home/edgar/Desktop/Repo/LaserScanCar/install/local_setup.zsh'
[10.984s] INFO:colcon.colcon_core.shell:Creating prefix chain script '/home/edgar/Desktop/Repo/LaserScanCar/install/setup.zsh'
