[0.234s] Invoking command in '/home/edgar/Desktop/ldlidar_ros2_ws/build/laser_consumer': CMAKE_PREFIX_PATH=/opt/ros/iron /usr/bin/cmake --build /home/edgar/Desktop/ldlidar_ros2_ws/build/laser_consumer -- -j4 -l4
[0.364s] -- Found ament_cmake: 2.0.3 (/opt/ros/iron/share/ament_cmake/cmake)
[0.692s] -- Override CMake install command with custom implementation using symlinks instead of copying resources
[0.721s] -- Found rclcpp: 21.0.4 (/opt/ros/iron/share/rclcpp/cmake)
[0.804s] -- Found rosidl_generator_c: 4.0.1 (/opt/ros/iron/share/rosidl_generator_c/cmake)
[0.834s] -- Found rosidl_generator_cpp: 4.0.1 (/opt/ros/iron/share/rosidl_generator_cpp/cmake)
[0.879s] -- Using all available rosidl_typesupport_c: rosidl_typesupport_fastrtps_c;rosidl_typesupport_introspection_c
[0.963s] -- Using all available rosidl_typesupport_cpp: rosidl_typesupport_fastrtps_cpp;rosidl_typesupport_introspection_cpp
[2.590s] -- Found rmw_implementation_cmake: 7.1.0 (/opt/ros/iron/share/rmw_implementation_cmake/cmake)
[2.591s] -- Found rmw_fastrtps_cpp: 7.1.2 (/opt/ros/iron/share/rmw_fastrtps_cpp/cmake)
[3.188s] -- Using RMW implementation 'rmw_fastrtps_cpp' as default
[3.633s] -- Found sensor_msgs: 5.0.0 (/opt/ros/iron/share/sensor_msgs/cmake)
[4.243s] [31mCMake Error at CMakeLists.txt:12 (find_package):
[4.243s]   By not providing "Findopencv.cmake" in CMAKE_MODULE_PATH this project has
[4.243s]   asked CMake to find a package configuration file provided by "opencv", but
[4.243s]   CMake did not find one.
[4.243s] 
[4.243s]   Could not find a package configuration file provided by "opencv" with any
[4.244s]   of the following names:
[4.244s] 
[4.244s]     opencvConfig.cmake
[4.244s]     opencv-config.cmake
[4.244s] 
[4.245s]   Add the installation prefix of "opencv" to CMAKE_PREFIX_PATH or set
[4.245s]   "opencv_DIR" to a directory containing one of the above files.  If "opencv"
[4.245s]   provides a separate development package or SDK, be sure it has been
[4.245s]   installed.
[4.246s] 
[4.246s] -- Configuring incomplete, errors occurred!
[4.246s] See also "/home/edgar/Desktop/ldlidar_ros2_ws/build/laser_consumer/CMakeFiles/CMakeOutput.log".
[4.246s] [0m
[4.253s] gmake: *** [Makefile:267: cmake_check_build_system] Error 1
[4.365s] Invoked command in '/home/edgar/Desktop/ldlidar_ros2_ws/build/laser_consumer' returned '2': CMAKE_PREFIX_PATH=/opt/ros/iron /usr/bin/cmake --build /home/edgar/Desktop/ldlidar_ros2_ws/build/laser_consumer -- -j4 -l4
