[1.119s] DEBUG:colcon:Command line arguments: ['/usr/bin/colcon', 'build', '--symlink-install']
[1.119s] DEBUG:colcon:Parsed command line arguments: Namespace(log_base=None, log_level=None, verb_name='build', build_base='build', install_base='install', merge_install=False, symlink_install=True, test_result_base=None, continue_on_error=False, executor='parallel', parallel_workers=4, event_handlers=None, ignore_user_meta=False, metas=['./colcon.meta'], base_paths=['.'], packages_ignore=None, packages_ignore_regex=None, paths=None, packages_up_to=None, packages_up_to_regex=None, packages_above=None, packages_above_and_dependencies=None, packages_above_depth=None, packages_select_by_dep=None, packages_skip_by_dep=None, packages_skip_up_to=None, packages_select_build_failed=False, packages_skip_build_finished=False, packages_select_test_failures=False, packages_skip_test_passed=False, packages_select=None, packages_skip=None, packages_select_regex=None, packages_skip_regex=None, packages_start=None, packages_end=None, allow_overriding=[], cmake_args=None, cmake_target=None, cmake_target_skip_unavailable=False, cmake_clean_cache=False, cmake_clean_first=False, cmake_force_configure=False, ament_cmake_args=None, catkin_cmake_args=None, catkin_skip_building_tests=False, verb_parser=<colcon_defaults.argument_parser.defaults.DefaultArgumentsDecorator object at 0x7f47dde110f0>, verb_extension=<colcon_core.verb.build.BuildVerb object at 0x7f47dde32230>, main=<bound method BuildVerb.main of <colcon_core.verb.build.BuildVerb object at 0x7f47dde32230>>)
[1.172s] Level 1:colcon.colcon_core.package_discovery:discover_packages(colcon_meta) check parameters
[1.172s] Level 1:colcon.colcon_core.package_discovery:discover_packages(recursive) check parameters
[1.172s] Level 1:colcon.colcon_core.package_discovery:discover_packages(ignore) check parameters
[1.172s] Level 1:colcon.colcon_core.package_discovery:discover_packages(path) check parameters
[1.172s] Level 1:colcon.colcon_core.package_discovery:discover_packages(colcon_meta) discover
[1.172s] Level 1:colcon.colcon_core.package_discovery:discover_packages(recursive) discover
[1.172s] INFO:colcon.colcon_core.package_discovery:Crawling recursively for packages in '/home/edgar/Desktop/ldlidar_ros2_ws'
[1.172s] Level 1:colcon.colcon_core.package_identification:_identify(.) by extensions ['ignore', 'ignore_ament_install']
[1.173s] Level 1:colcon.colcon_core.package_identification:_identify(.) by extension 'ignore'
[1.173s] Level 1:colcon.colcon_core.package_identification:_identify(.) by extension 'ignore_ament_install'
[1.173s] Level 1:colcon.colcon_core.package_identification:_identify(.) by extensions ['colcon_pkg']
[1.173s] Level 1:colcon.colcon_core.package_identification:_identify(.) by extension 'colcon_pkg'
[1.173s] Level 1:colcon.colcon_core.package_identification:_identify(.) by extensions ['colcon_meta']
[1.173s] Level 1:colcon.colcon_core.package_identification:_identify(.) by extension 'colcon_meta'
[1.173s] Level 1:colcon.colcon_core.package_identification:_identify(.) by extensions ['ros']
[1.173s] Level 1:colcon.colcon_core.package_identification:_identify(.) by extension 'ros'
[1.185s] Level 1:colcon.colcon_core.package_identification:_identify(.) by extensions ['cmake', 'python']
[1.186s] Level 1:colcon.colcon_core.package_identification:_identify(.) by extension 'cmake'
[1.186s] Level 1:colcon.colcon_core.package_identification:_identify(.) by extension 'python'
[1.186s] Level 1:colcon.colcon_core.package_identification:_identify(.) by extensions ['python_setup_py']
[1.186s] Level 1:colcon.colcon_core.package_identification:_identify(.) by extension 'python_setup_py'
[1.186s] Level 1:colcon.colcon_core.package_identification:_identify(build) by extensions ['ignore', 'ignore_ament_install']
[1.186s] Level 1:colcon.colcon_core.package_identification:_identify(build) by extension 'ignore'
[1.186s] Level 1:colcon.colcon_core.package_identification:_identify(build) ignored
[1.186s] Level 1:colcon.colcon_core.package_identification:_identify(install) by extensions ['ignore', 'ignore_ament_install']
[1.186s] Level 1:colcon.colcon_core.package_identification:_identify(install) by extension 'ignore'
[1.186s] Level 1:colcon.colcon_core.package_identification:_identify(install) ignored
[1.186s] Level 1:colcon.colcon_core.package_identification:_identify(log) by extensions ['ignore', 'ignore_ament_install']
[1.187s] Level 1:colcon.colcon_core.package_identification:_identify(log) by extension 'ignore'
[1.187s] Level 1:colcon.colcon_core.package_identification:_identify(log) ignored
[1.187s] Level 1:colcon.colcon_core.package_identification:_identify(src) by extensions ['ignore', 'ignore_ament_install']
[1.187s] Level 1:colcon.colcon_core.package_identification:_identify(src) by extension 'ignore'
[1.187s] Level 1:colcon.colcon_core.package_identification:_identify(src) by extension 'ignore_ament_install'
[1.187s] Level 1:colcon.colcon_core.package_identification:_identify(src) by extensions ['colcon_pkg']
[1.187s] Level 1:colcon.colcon_core.package_identification:_identify(src) by extension 'colcon_pkg'
[1.187s] Level 1:colcon.colcon_core.package_identification:_identify(src) by extensions ['colcon_meta']
[1.187s] Level 1:colcon.colcon_core.package_identification:_identify(src) by extension 'colcon_meta'
[1.187s] Level 1:colcon.colcon_core.package_identification:_identify(src) by extensions ['ros']
[1.187s] Level 1:colcon.colcon_core.package_identification:_identify(src) by extension 'ros'
[1.187s] Level 1:colcon.colcon_core.package_identification:_identify(src) by extensions ['cmake', 'python']
[1.187s] Level 1:colcon.colcon_core.package_identification:_identify(src) by extension 'cmake'
[1.187s] Level 1:colcon.colcon_core.package_identification:_identify(src) by extension 'python'
[1.187s] Level 1:colcon.colcon_core.package_identification:_identify(src) by extensions ['python_setup_py']
[1.187s] Level 1:colcon.colcon_core.package_identification:_identify(src) by extension 'python_setup_py'
[1.188s] Level 1:colcon.colcon_core.package_identification:_identify(src/laser_consumer) by extensions ['ignore', 'ignore_ament_install']
[1.188s] Level 1:colcon.colcon_core.package_identification:_identify(src/laser_consumer) by extension 'ignore'
[1.188s] Level 1:colcon.colcon_core.package_identification:_identify(src/laser_consumer) by extension 'ignore_ament_install'
[1.188s] Level 1:colcon.colcon_core.package_identification:_identify(src/laser_consumer) by extensions ['colcon_pkg']
[1.188s] Level 1:colcon.colcon_core.package_identification:_identify(src/laser_consumer) by extension 'colcon_pkg'
[1.188s] Level 1:colcon.colcon_core.package_identification:_identify(src/laser_consumer) by extensions ['colcon_meta']
[1.188s] Level 1:colcon.colcon_core.package_identification:_identify(src/laser_consumer) by extension 'colcon_meta'
[1.188s] Level 1:colcon.colcon_core.package_identification:_identify(src/laser_consumer) by extensions ['ros']
[1.188s] Level 1:colcon.colcon_core.package_identification:_identify(src/laser_consumer) by extension 'ros'
[1.191s] DEBUG:colcon.colcon_core.package_identification:Package 'src/laser_consumer' with type 'ros.ament_cmake' and name 'laser_consumer'
[1.191s] Level 1:colcon.colcon_core.package_identification:_identify(src/ldlidar_stl_ros2) by extensions ['ignore', 'ignore_ament_install']
[1.191s] Level 1:colcon.colcon_core.package_identification:_identify(src/ldlidar_stl_ros2) by extension 'ignore'
[1.191s] Level 1:colcon.colcon_core.package_identification:_identify(src/ldlidar_stl_ros2) by extension 'ignore_ament_install'
[1.191s] Level 1:colcon.colcon_core.package_identification:_identify(src/ldlidar_stl_ros2) by extensions ['colcon_pkg']
[1.191s] Level 1:colcon.colcon_core.package_identification:_identify(src/ldlidar_stl_ros2) by extension 'colcon_pkg'
[1.191s] Level 1:colcon.colcon_core.package_identification:_identify(src/ldlidar_stl_ros2) by extensions ['colcon_meta']
[1.191s] Level 1:colcon.colcon_core.package_identification:_identify(src/ldlidar_stl_ros2) by extension 'colcon_meta'
[1.191s] Level 1:colcon.colcon_core.package_identification:_identify(src/ldlidar_stl_ros2) by extensions ['ros']
[1.191s] Level 1:colcon.colcon_core.package_identification:_identify(src/ldlidar_stl_ros2) by extension 'ros'
[1.192s] DEBUG:colcon.colcon_core.package_identification:Package 'src/ldlidar_stl_ros2' with type 'ros.ament_cmake' and name 'ldlidar_stl_ros2'
[1.192s] Level 1:colcon.colcon_core.package_discovery:discover_packages(recursive) using defaults
[1.192s] Level 1:colcon.colcon_core.package_discovery:discover_packages(ignore) discover
[1.192s] Level 1:colcon.colcon_core.package_discovery:discover_packages(ignore) using defaults
[1.192s] Level 1:colcon.colcon_core.package_discovery:discover_packages(path) discover
[1.192s] Level 1:colcon.colcon_core.package_discovery:discover_packages(path) using defaults
[1.295s] Level 1:colcon.colcon_core.package_discovery:discover_packages(prefix_path) check parameters
[1.295s] Level 1:colcon.colcon_core.package_discovery:discover_packages(prefix_path) discover
[1.329s] DEBUG:colcon.colcon_installed_package_information.package_discovery:Found 281 installed packages in /opt/ros/iron
[1.331s] Level 1:colcon.colcon_core.package_discovery:discover_packages(prefix_path) using defaults
[1.425s] Level 5:colcon.colcon_core.verb:set package 'laser_consumer' build argument 'cmake_args' from command line to 'None'
[1.425s] Level 5:colcon.colcon_core.verb:set package 'laser_consumer' build argument 'cmake_target' from command line to 'None'
[1.425s] Level 5:colcon.colcon_core.verb:set package 'laser_consumer' build argument 'cmake_target_skip_unavailable' from command line to 'False'
[1.425s] Level 5:colcon.colcon_core.verb:set package 'laser_consumer' build argument 'cmake_clean_cache' from command line to 'False'
[1.426s] Level 5:colcon.colcon_core.verb:set package 'laser_consumer' build argument 'cmake_clean_first' from command line to 'False'
[1.426s] Level 5:colcon.colcon_core.verb:set package 'laser_consumer' build argument 'cmake_force_configure' from command line to 'False'
[1.426s] Level 5:colcon.colcon_core.verb:set package 'laser_consumer' build argument 'ament_cmake_args' from command line to 'None'
[1.426s] Level 5:colcon.colcon_core.verb:set package 'laser_consumer' build argument 'catkin_cmake_args' from command line to 'None'
[1.426s] Level 5:colcon.colcon_core.verb:set package 'laser_consumer' build argument 'catkin_skip_building_tests' from command line to 'False'
[1.426s] DEBUG:colcon.colcon_core.verb:Building package 'laser_consumer' with the following arguments: {'ament_cmake_args': None, 'build_base': '/home/edgar/Desktop/ldlidar_ros2_ws/build/laser_consumer', 'catkin_cmake_args': None, 'catkin_skip_building_tests': False, 'cmake_args': None, 'cmake_clean_cache': False, 'cmake_clean_first': False, 'cmake_force_configure': False, 'cmake_target': None, 'cmake_target_skip_unavailable': False, 'install_base': '/home/edgar/Desktop/ldlidar_ros2_ws/install/laser_consumer', 'merge_install': False, 'path': '/home/edgar/Desktop/ldlidar_ros2_ws/src/laser_consumer', 'symlink_install': True, 'test_result_base': None}
[1.442s] Level 5:colcon.colcon_core.verb:set package 'ldlidar_stl_ros2' build argument 'cmake_args' from command line to 'None'
[1.442s] Level 5:colcon.colcon_core.verb:set package 'ldlidar_stl_ros2' build argument 'cmake_target' from command line to 'None'
[1.442s] Level 5:colcon.colcon_core.verb:set package 'ldlidar_stl_ros2' build argument 'cmake_target_skip_unavailable' from command line to 'False'
[1.442s] Level 5:colcon.colcon_core.verb:set package 'ldlidar_stl_ros2' build argument 'cmake_clean_cache' from command line to 'False'
[1.442s] Level 5:colcon.colcon_core.verb:set package 'ldlidar_stl_ros2' build argument 'cmake_clean_first' from command line to 'False'
[1.442s] Level 5:colcon.colcon_core.verb:set package 'ldlidar_stl_ros2' build argument 'cmake_force_configure' from command line to 'False'
[1.442s] Level 5:colcon.colcon_core.verb:set package 'ldlidar_stl_ros2' build argument 'ament_cmake_args' from command line to 'None'
[1.442s] Level 5:colcon.colcon_core.verb:set package 'ldlidar_stl_ros2' build argument 'catkin_cmake_args' from command line to 'None'
[1.442s] Level 5:colcon.colcon_core.verb:set package 'ldlidar_stl_ros2' build argument 'catkin_skip_building_tests' from command line to 'False'
[1.443s] DEBUG:colcon.colcon_core.verb:Building package 'ldlidar_stl_ros2' with the following arguments: {'ament_cmake_args': None, 'build_base': '/home/edgar/Desktop/ldlidar_ros2_ws/build/ldlidar_stl_ros2', 'catkin_cmake_args': None, 'catkin_skip_building_tests': False, 'cmake_args': None, 'cmake_clean_cache': False, 'cmake_clean_first': False, 'cmake_force_configure': False, 'cmake_target': None, 'cmake_target_skip_unavailable': False, 'install_base': '/home/edgar/Desktop/ldlidar_ros2_ws/install/ldlidar_stl_ros2', 'merge_install': False, 'path': '/home/edgar/Desktop/ldlidar_ros2_ws/src/ldlidar_stl_ros2', 'symlink_install': True, 'test_result_base': None}
[1.458s] INFO:colcon.colcon_core.executor:Executing jobs using 'parallel' executor
[1.475s] DEBUG:colcon.colcon_parallel_executor.executor.parallel:run_until_complete
[1.475s] INFO:colcon.colcon_ros.task.ament_cmake.build:Building ROS package in '/home/edgar/Desktop/ldlidar_ros2_ws/src/laser_consumer' with build type 'ament_cmake'
[1.475s] INFO:colcon.colcon_cmake.task.cmake.build:Building CMake package in '/home/edgar/Desktop/ldlidar_ros2_ws/src/laser_consumer'
[1.494s] INFO:colcon.colcon_core.plugin_system:Skipping extension 'colcon_core.shell.bat': Not used on non-Windows systems
[1.495s] INFO:colcon.colcon_core.shell:Skip shell extension 'powershell' for command environment: Not usable outside of PowerShell
[1.495s] DEBUG:colcon.colcon_core.shell:Skip shell extension 'dsv' for command environment
[1.531s] INFO:colcon.colcon_ros.task.ament_cmake.build:Building ROS package in '/home/edgar/Desktop/ldlidar_ros2_ws/src/ldlidar_stl_ros2' with build type 'ament_cmake'
[1.532s] INFO:colcon.colcon_cmake.task.cmake.build:Building CMake package in '/home/edgar/Desktop/ldlidar_ros2_ws/src/ldlidar_stl_ros2'
[1.552s] INFO:colcon.colcon_core.shell:Skip shell extension 'powershell' for command environment: Not usable outside of PowerShell
[1.552s] DEBUG:colcon.colcon_core.shell:Skip shell extension 'dsv' for command environment
[1.599s] DEBUG:colcon.colcon_core.event_handler.log_command:Invoking command in '/home/edgar/Desktop/ldlidar_ros2_ws/build/laser_consumer': CMAKE_PREFIX_PATH=/opt/ros/iron /usr/bin/cmake --build /home/edgar/Desktop/ldlidar_ros2_ws/build/laser_consumer -- -j4 -l4
[1.605s] DEBUG:colcon.colcon_core.event_handler.log_command:Invoking command in '/home/edgar/Desktop/ldlidar_ros2_ws/build/ldlidar_stl_ros2': CMAKE_PREFIX_PATH=/opt/ros/iron /usr/bin/cmake --build /home/edgar/Desktop/ldlidar_ros2_ws/build/ldlidar_stl_ros2 -- -j4 -l4
[1.704s] DEBUG:colcon.colcon_core.event_handler.log_command:Invoked command in '/home/edgar/Desktop/ldlidar_ros2_ws/build/ldlidar_stl_ros2' returned '0': CMAKE_PREFIX_PATH=/opt/ros/iron /usr/bin/cmake --build /home/edgar/Desktop/ldlidar_ros2_ws/build/ldlidar_stl_ros2 -- -j4 -l4
[1.752s] DEBUG:colcon.colcon_core.event_handler.log_command:Invoking command in '/home/edgar/Desktop/ldlidar_ros2_ws/build/ldlidar_stl_ros2': CMAKE_PREFIX_PATH=/opt/ros/iron /usr/bin/cmake --install /home/edgar/Desktop/ldlidar_ros2_ws/build/ldlidar_stl_ros2
[1.777s] Level 1:colcon.colcon_core.environment:create_environment_scripts_only(ldlidar_stl_ros2)
[1.779s] DEBUG:colcon.colcon_core.event_handler.log_command:Invoked command in '/home/edgar/Desktop/ldlidar_ros2_ws/build/ldlidar_stl_ros2' returned '0': CMAKE_PREFIX_PATH=/opt/ros/iron /usr/bin/cmake --install /home/edgar/Desktop/ldlidar_ros2_ws/build/ldlidar_stl_ros2
[1.798s] Level 1:colcon.colcon_core.environment:checking '/home/edgar/Desktop/ldlidar_ros2_ws/install/ldlidar_stl_ros2' for CMake module files
[1.799s] Level 1:colcon.colcon_core.environment:checking '/home/edgar/Desktop/ldlidar_ros2_ws/install/ldlidar_stl_ros2' for CMake config files
[1.799s] Level 1:colcon.colcon_core.shell:create_environment_hook('ldlidar_stl_ros2', 'cmake_prefix_path')
[1.817s] INFO:colcon.colcon_core.shell:Creating environment hook '/home/edgar/Desktop/ldlidar_ros2_ws/install/ldlidar_stl_ros2/share/ldlidar_stl_ros2/hook/cmake_prefix_path.ps1'
[1.817s] INFO:colcon.colcon_core.shell:Creating environment descriptor '/home/edgar/Desktop/ldlidar_ros2_ws/install/ldlidar_stl_ros2/share/ldlidar_stl_ros2/hook/cmake_prefix_path.dsv'
[1.818s] INFO:colcon.colcon_core.shell:Creating environment hook '/home/edgar/Desktop/ldlidar_ros2_ws/install/ldlidar_stl_ros2/share/ldlidar_stl_ros2/hook/cmake_prefix_path.sh'
[1.819s] Level 1:colcon.colcon_core.environment:checking '/home/edgar/Desktop/ldlidar_ros2_ws/install/ldlidar_stl_ros2/lib'
[1.819s] Level 1:colcon.colcon_core.environment:checking '/home/edgar/Desktop/ldlidar_ros2_ws/install/ldlidar_stl_ros2/bin'
[1.819s] Level 1:colcon.colcon_core.environment:checking '/home/edgar/Desktop/ldlidar_ros2_ws/install/ldlidar_stl_ros2/lib/pkgconfig/ldlidar_stl_ros2.pc'
[1.819s] Level 1:colcon.colcon_core.environment:checking '/home/edgar/Desktop/ldlidar_ros2_ws/install/ldlidar_stl_ros2/lib/python3.10/site-packages'
[1.820s] Level 1:colcon.colcon_core.environment:checking '/home/edgar/Desktop/ldlidar_ros2_ws/install/ldlidar_stl_ros2/bin'
[1.836s] INFO:colcon.colcon_core.shell:Creating package script '/home/edgar/Desktop/ldlidar_ros2_ws/install/ldlidar_stl_ros2/share/ldlidar_stl_ros2/package.ps1'
[1.837s] INFO:colcon.colcon_core.shell:Creating package descriptor '/home/edgar/Desktop/ldlidar_ros2_ws/install/ldlidar_stl_ros2/share/ldlidar_stl_ros2/package.dsv'
[1.838s] INFO:colcon.colcon_core.shell:Creating package script '/home/edgar/Desktop/ldlidar_ros2_ws/install/ldlidar_stl_ros2/share/ldlidar_stl_ros2/package.sh'
[1.839s] INFO:colcon.colcon_core.shell:Creating package script '/home/edgar/Desktop/ldlidar_ros2_ws/install/ldlidar_stl_ros2/share/ldlidar_stl_ros2/package.bash'
[1.839s] INFO:colcon.colcon_core.shell:Creating package script '/home/edgar/Desktop/ldlidar_ros2_ws/install/ldlidar_stl_ros2/share/ldlidar_stl_ros2/package.zsh'
[1.840s] Level 1:colcon.colcon_core.environment:create_file_with_runtime_dependencies(/home/edgar/Desktop/ldlidar_ros2_ws/install/ldlidar_stl_ros2/share/colcon-core/packages/ldlidar_stl_ros2)
[1.897s] Level 1:colcon.colcon_core.environment:create_environment_scripts_only(ldlidar_stl_ros2)
[1.915s] Level 1:colcon.colcon_core.environment:checking '/home/edgar/Desktop/ldlidar_ros2_ws/install/ldlidar_stl_ros2' for CMake module files
[1.915s] Level 1:colcon.colcon_core.environment:checking '/home/edgar/Desktop/ldlidar_ros2_ws/install/ldlidar_stl_ros2' for CMake config files
[1.916s] Level 1:colcon.colcon_core.shell:create_environment_hook('ldlidar_stl_ros2', 'cmake_prefix_path')
[1.933s] INFO:colcon.colcon_core.shell:Creating environment hook '/home/edgar/Desktop/ldlidar_ros2_ws/install/ldlidar_stl_ros2/share/ldlidar_stl_ros2/hook/cmake_prefix_path.ps1'
[1.933s] INFO:colcon.colcon_core.shell:Creating environment descriptor '/home/edgar/Desktop/ldlidar_ros2_ws/install/ldlidar_stl_ros2/share/ldlidar_stl_ros2/hook/cmake_prefix_path.dsv'
[1.933s] INFO:colcon.colcon_core.shell:Creating environment hook '/home/edgar/Desktop/ldlidar_ros2_ws/install/ldlidar_stl_ros2/share/ldlidar_stl_ros2/hook/cmake_prefix_path.sh'
[1.934s] Level 1:colcon.colcon_core.environment:checking '/home/edgar/Desktop/ldlidar_ros2_ws/install/ldlidar_stl_ros2/lib'
[1.934s] Level 1:colcon.colcon_core.environment:checking '/home/edgar/Desktop/ldlidar_ros2_ws/install/ldlidar_stl_ros2/bin'
[1.934s] Level 1:colcon.colcon_core.environment:checking '/home/edgar/Desktop/ldlidar_ros2_ws/install/ldlidar_stl_ros2/lib/pkgconfig/ldlidar_stl_ros2.pc'
[1.934s] Level 1:colcon.colcon_core.environment:checking '/home/edgar/Desktop/ldlidar_ros2_ws/install/ldlidar_stl_ros2/lib/python3.10/site-packages'
[1.935s] Level 1:colcon.colcon_core.environment:checking '/home/edgar/Desktop/ldlidar_ros2_ws/install/ldlidar_stl_ros2/bin'
[1.951s] INFO:colcon.colcon_core.shell:Creating package script '/home/edgar/Desktop/ldlidar_ros2_ws/install/ldlidar_stl_ros2/share/ldlidar_stl_ros2/package.ps1'
[1.952s] INFO:colcon.colcon_core.shell:Creating package descriptor '/home/edgar/Desktop/ldlidar_ros2_ws/install/ldlidar_stl_ros2/share/ldlidar_stl_ros2/package.dsv'
[1.952s] INFO:colcon.colcon_core.shell:Creating package script '/home/edgar/Desktop/ldlidar_ros2_ws/install/ldlidar_stl_ros2/share/ldlidar_stl_ros2/package.sh'
[1.953s] INFO:colcon.colcon_core.shell:Creating package script '/home/edgar/Desktop/ldlidar_ros2_ws/install/ldlidar_stl_ros2/share/ldlidar_stl_ros2/package.bash'
[1.953s] INFO:colcon.colcon_core.shell:Creating package script '/home/edgar/Desktop/ldlidar_ros2_ws/install/ldlidar_stl_ros2/share/ldlidar_stl_ros2/package.zsh'
[1.954s] Level 1:colcon.colcon_core.environment:create_file_with_runtime_dependencies(/home/edgar/Desktop/ldlidar_ros2_ws/install/ldlidar_stl_ros2/share/colcon-core/packages/ldlidar_stl_ros2)
[11.295s] DEBUG:colcon.colcon_core.event_handler.log_command:Invoked command in '/home/edgar/Desktop/ldlidar_ros2_ws/build/laser_consumer' returned '0': CMAKE_PREFIX_PATH=/opt/ros/iron /usr/bin/cmake --build /home/edgar/Desktop/ldlidar_ros2_ws/build/laser_consumer -- -j4 -l4
[11.319s] DEBUG:colcon.colcon_core.event_handler.log_command:Invoking command in '/home/edgar/Desktop/ldlidar_ros2_ws/build/laser_consumer': CMAKE_PREFIX_PATH=/opt/ros/iron /usr/bin/cmake --install /home/edgar/Desktop/ldlidar_ros2_ws/build/laser_consumer
[11.341s] Level 1:colcon.colcon_core.environment:create_environment_scripts_only(laser_consumer)
[11.341s] DEBUG:colcon.colcon_core.event_handler.log_command:Invoked command in '/home/edgar/Desktop/ldlidar_ros2_ws/build/laser_consumer' returned '0': CMAKE_PREFIX_PATH=/opt/ros/iron /usr/bin/cmake --install /home/edgar/Desktop/ldlidar_ros2_ws/build/laser_consumer
[11.358s] Level 1:colcon.colcon_core.environment:checking '/home/edgar/Desktop/ldlidar_ros2_ws/install/laser_consumer' for CMake module files
[11.359s] Level 1:colcon.colcon_core.environment:checking '/home/edgar/Desktop/ldlidar_ros2_ws/install/laser_consumer' for CMake config files
[11.359s] Level 1:colcon.colcon_core.shell:create_environment_hook('laser_consumer', 'cmake_prefix_path')
[11.377s] INFO:colcon.colcon_core.shell:Creating environment hook '/home/edgar/Desktop/ldlidar_ros2_ws/install/laser_consumer/share/laser_consumer/hook/cmake_prefix_path.ps1'
[11.377s] INFO:colcon.colcon_core.shell:Creating environment descriptor '/home/edgar/Desktop/ldlidar_ros2_ws/install/laser_consumer/share/laser_consumer/hook/cmake_prefix_path.dsv'
[11.377s] INFO:colcon.colcon_core.shell:Creating environment hook '/home/edgar/Desktop/ldlidar_ros2_ws/install/laser_consumer/share/laser_consumer/hook/cmake_prefix_path.sh'
[11.378s] Level 1:colcon.colcon_core.environment:checking '/home/edgar/Desktop/ldlidar_ros2_ws/install/laser_consumer/lib'
[11.378s] Level 1:colcon.colcon_core.environment:checking '/home/edgar/Desktop/ldlidar_ros2_ws/install/laser_consumer/bin'
[11.378s] Level 1:colcon.colcon_core.environment:checking '/home/edgar/Desktop/ldlidar_ros2_ws/install/laser_consumer/lib/pkgconfig/laser_consumer.pc'
[11.378s] Level 1:colcon.colcon_core.environment:checking '/home/edgar/Desktop/ldlidar_ros2_ws/install/laser_consumer/lib/python3.10/site-packages'
[11.379s] Level 1:colcon.colcon_core.environment:checking '/home/edgar/Desktop/ldlidar_ros2_ws/install/laser_consumer/bin'
[11.395s] INFO:colcon.colcon_core.shell:Creating package script '/home/edgar/Desktop/ldlidar_ros2_ws/install/laser_consumer/share/laser_consumer/package.ps1'
[11.396s] INFO:colcon.colcon_core.shell:Creating package descriptor '/home/edgar/Desktop/ldlidar_ros2_ws/install/laser_consumer/share/laser_consumer/package.dsv'
[11.396s] INFO:colcon.colcon_core.shell:Creating package script '/home/edgar/Desktop/ldlidar_ros2_ws/install/laser_consumer/share/laser_consumer/package.sh'
[11.397s] INFO:colcon.colcon_core.shell:Creating package script '/home/edgar/Desktop/ldlidar_ros2_ws/install/laser_consumer/share/laser_consumer/package.bash'
[11.397s] INFO:colcon.colcon_core.shell:Creating package script '/home/edgar/Desktop/ldlidar_ros2_ws/install/laser_consumer/share/laser_consumer/package.zsh'
[11.397s] Level 1:colcon.colcon_core.environment:create_file_with_runtime_dependencies(/home/edgar/Desktop/ldlidar_ros2_ws/install/laser_consumer/share/colcon-core/packages/laser_consumer)
[11.463s] Level 1:colcon.colcon_core.environment:create_environment_scripts_only(laser_consumer)
[11.502s] Level 1:colcon.colcon_core.environment:checking '/home/edgar/Desktop/ldlidar_ros2_ws/install/laser_consumer' for CMake module files
[11.503s] Level 1:colcon.colcon_core.environment:checking '/home/edgar/Desktop/ldlidar_ros2_ws/install/laser_consumer' for CMake config files
[11.504s] Level 1:colcon.colcon_core.shell:create_environment_hook('laser_consumer', 'cmake_prefix_path')
[11.522s] INFO:colcon.colcon_core.shell:Creating environment hook '/home/edgar/Desktop/ldlidar_ros2_ws/install/laser_consumer/share/laser_consumer/hook/cmake_prefix_path.ps1'
[11.523s] INFO:colcon.colcon_core.shell:Creating environment descriptor '/home/edgar/Desktop/ldlidar_ros2_ws/install/laser_consumer/share/laser_consumer/hook/cmake_prefix_path.dsv'
[11.523s] INFO:colcon.colcon_core.shell:Creating environment hook '/home/edgar/Desktop/ldlidar_ros2_ws/install/laser_consumer/share/laser_consumer/hook/cmake_prefix_path.sh'
[11.524s] Level 1:colcon.colcon_core.environment:checking '/home/edgar/Desktop/ldlidar_ros2_ws/install/laser_consumer/lib'
[11.524s] Level 1:colcon.colcon_core.environment:checking '/home/edgar/Desktop/ldlidar_ros2_ws/install/laser_consumer/bin'
[11.524s] Level 1:colcon.colcon_core.environment:checking '/home/edgar/Desktop/ldlidar_ros2_ws/install/laser_consumer/lib/pkgconfig/laser_consumer.pc'
[11.524s] Level 1:colcon.colcon_core.environment:checking '/home/edgar/Desktop/ldlidar_ros2_ws/install/laser_consumer/lib/python3.10/site-packages'
[11.524s] Level 1:colcon.colcon_core.environment:checking '/home/edgar/Desktop/ldlidar_ros2_ws/install/laser_consumer/bin'
[11.540s] INFO:colcon.colcon_core.shell:Creating package script '/home/edgar/Desktop/ldlidar_ros2_ws/install/laser_consumer/share/laser_consumer/package.ps1'
[11.540s] INFO:colcon.colcon_core.shell:Creating package descriptor '/home/edgar/Desktop/ldlidar_ros2_ws/install/laser_consumer/share/laser_consumer/package.dsv'
[11.541s] INFO:colcon.colcon_core.shell:Creating package script '/home/edgar/Desktop/ldlidar_ros2_ws/install/laser_consumer/share/laser_consumer/package.sh'
[11.541s] INFO:colcon.colcon_core.shell:Creating package script '/home/edgar/Desktop/ldlidar_ros2_ws/install/laser_consumer/share/laser_consumer/package.bash'
[11.542s] INFO:colcon.colcon_core.shell:Creating package script '/home/edgar/Desktop/ldlidar_ros2_ws/install/laser_consumer/share/laser_consumer/package.zsh'
[11.542s] Level 1:colcon.colcon_core.environment:create_file_with_runtime_dependencies(/home/edgar/Desktop/ldlidar_ros2_ws/install/laser_consumer/share/colcon-core/packages/laser_consumer)
[11.542s] DEBUG:colcon.colcon_parallel_executor.executor.parallel:closing loop
[11.543s] DEBUG:colcon.colcon_parallel_executor.executor.parallel:loop closed
[11.543s] DEBUG:colcon.colcon_parallel_executor.executor.parallel:run_until_complete finished with '0'
[11.543s] DEBUG:colcon.colcon_core.event_reactor:joining thread
[11.580s] INFO:colcon.colcon_core.plugin_system:Skipping extension 'colcon_notification.desktop_notification.terminal_notifier': Not used on non-Darwin systems
[11.580s] INFO:colcon.colcon_core.plugin_system:Skipping extension 'colcon_notification.desktop_notification.win32': Not used on non-Windows systems
[11.580s] INFO:colcon.colcon_notification.desktop_notification:Sending desktop notification using 'notify2'
[11.691s] DEBUG:colcon.colcon_core.event_reactor:joined thread
[11.710s] INFO:colcon.colcon_core.shell:Creating prefix script '/home/edgar/Desktop/ldlidar_ros2_ws/install/local_setup.ps1'
[11.711s] INFO:colcon.colcon_core.shell:Creating prefix util module '/home/edgar/Desktop/ldlidar_ros2_ws/install/_local_setup_util_ps1.py'
[11.713s] INFO:colcon.colcon_core.shell:Creating prefix chain script '/home/edgar/Desktop/ldlidar_ros2_ws/install/setup.ps1'
[11.733s] INFO:colcon.colcon_core.shell:Creating prefix script '/home/edgar/Desktop/ldlidar_ros2_ws/install/local_setup.sh'
[11.733s] INFO:colcon.colcon_core.shell:Creating prefix util module '/home/edgar/Desktop/ldlidar_ros2_ws/install/_local_setup_util_sh.py'
[11.734s] INFO:colcon.colcon_core.shell:Creating prefix chain script '/home/edgar/Desktop/ldlidar_ros2_ws/install/setup.sh'
[11.751s] INFO:colcon.colcon_core.shell:Creating prefix script '/home/edgar/Desktop/ldlidar_ros2_ws/install/local_setup.bash'
[11.752s] INFO:colcon.colcon_core.shell:Creating prefix chain script '/home/edgar/Desktop/ldlidar_ros2_ws/install/setup.bash'
[11.770s] INFO:colcon.colcon_core.shell:Creating prefix script '/home/edgar/Desktop/ldlidar_ros2_ws/install/local_setup.zsh'
[11.770s] INFO:colcon.colcon_core.shell:Creating prefix chain script '/home/edgar/Desktop/ldlidar_ros2_ws/install/setup.zsh'
