[2.883s] DEBUG:colcon:Command line arguments: ['/usr/bin/colcon', 'build', '--symlink-install']
[2.883s] DEBUG:colcon:Parsed command line arguments: Namespace(log_base=None, log_level=None, verb_name='build', build_base='build', install_base='install', merge_install=False, symlink_install=True, test_result_base=None, continue_on_error=False, executor='parallel', parallel_workers=4, event_handlers=None, ignore_user_meta=False, metas=['./colcon.meta'], base_paths=['.'], packages_ignore=None, packages_ignore_regex=None, paths=None, packages_up_to=None, packages_up_to_regex=None, packages_above=None, packages_above_and_dependencies=None, packages_above_depth=None, packages_select_by_dep=None, packages_skip_by_dep=None, packages_skip_up_to=None, packages_select_build_failed=False, packages_skip_build_finished=False, packages_select_test_failures=False, packages_skip_test_passed=False, packages_select=None, packages_skip=None, packages_select_regex=None, packages_skip_regex=None, packages_start=None, packages_end=None, allow_overriding=[], cmake_args=None, cmake_target=None, cmake_target_skip_unavailable=False, cmake_clean_cache=False, cmake_clean_first=False, cmake_force_configure=False, ament_cmake_args=None, catkin_cmake_args=None, catkin_skip_building_tests=False, verb_parser=<colcon_defaults.argument_parser.defaults.DefaultArgumentsDecorator object at 0x7fa38838d0f0>, verb_extension=<colcon_core.verb.build.BuildVerb object at 0x7fa3883ae230>, main=<bound method BuildVerb.main of <colcon_core.verb.build.BuildVerb object at 0x7fa3883ae230>>)
[3.001s] Level 1:colcon.colcon_core.package_discovery:discover_packages(colcon_meta) check parameters
[3.002s] Level 1:colcon.colcon_core.package_discovery:discover_packages(recursive) check parameters
[3.002s] Level 1:colcon.colcon_core.package_discovery:discover_packages(ignore) check parameters
[3.002s] Level 1:colcon.colcon_core.package_discovery:discover_packages(path) check parameters
[3.002s] Level 1:colcon.colcon_core.package_discovery:discover_packages(colcon_meta) discover
[3.002s] Level 1:colcon.colcon_core.package_discovery:discover_packages(recursive) discover
[3.002s] INFO:colcon.colcon_core.package_discovery:Crawling recursively for packages in '/home/edgar/Desktop/ldlidar_ros2_ws'
[3.002s] Level 1:colcon.colcon_core.package_identification:_identify(.) by extensions ['ignore', 'ignore_ament_install']
[3.002s] Level 1:colcon.colcon_core.package_identification:_identify(.) by extension 'ignore'
[3.003s] Level 1:colcon.colcon_core.package_identification:_identify(.) by extension 'ignore_ament_install'
[3.003s] Level 1:colcon.colcon_core.package_identification:_identify(.) by extensions ['colcon_pkg']
[3.003s] Level 1:colcon.colcon_core.package_identification:_identify(.) by extension 'colcon_pkg'
[3.003s] Level 1:colcon.colcon_core.package_identification:_identify(.) by extensions ['colcon_meta']
[3.003s] Level 1:colcon.colcon_core.package_identification:_identify(.) by extension 'colcon_meta'
[3.003s] Level 1:colcon.colcon_core.package_identification:_identify(.) by extensions ['ros']
[3.003s] Level 1:colcon.colcon_core.package_identification:_identify(.) by extension 'ros'
[3.029s] Level 1:colcon.colcon_core.package_identification:_identify(.) by extensions ['cmake', 'python']
[3.029s] Level 1:colcon.colcon_core.package_identification:_identify(.) by extension 'cmake'
[3.030s] Level 1:colcon.colcon_core.package_identification:_identify(.) by extension 'python'
[3.030s] Level 1:colcon.colcon_core.package_identification:_identify(.) by extensions ['python_setup_py']
[3.030s] Level 1:colcon.colcon_core.package_identification:_identify(.) by extension 'python_setup_py'
[3.030s] Level 1:colcon.colcon_core.package_identification:_identify(build) by extensions ['ignore', 'ignore_ament_install']
[3.030s] Level 1:colcon.colcon_core.package_identification:_identify(build) by extension 'ignore'
[3.030s] Level 1:colcon.colcon_core.package_identification:_identify(build) ignored
[3.031s] Level 1:colcon.colcon_core.package_identification:_identify(install) by extensions ['ignore', 'ignore_ament_install']
[3.031s] Level 1:colcon.colcon_core.package_identification:_identify(install) by extension 'ignore'
[3.031s] Level 1:colcon.colcon_core.package_identification:_identify(install) ignored
[3.031s] Level 1:colcon.colcon_core.package_identification:_identify(log) by extensions ['ignore', 'ignore_ament_install']
[3.031s] Level 1:colcon.colcon_core.package_identification:_identify(log) by extension 'ignore'
[3.032s] Level 1:colcon.colcon_core.package_identification:_identify(log) ignored
[3.032s] Level 1:colcon.colcon_core.package_identification:_identify(src) by extensions ['ignore', 'ignore_ament_install']
[3.032s] Level 1:colcon.colcon_core.package_identification:_identify(src) by extension 'ignore'
[3.032s] Level 1:colcon.colcon_core.package_identification:_identify(src) by extension 'ignore_ament_install'
[3.032s] Level 1:colcon.colcon_core.package_identification:_identify(src) by extensions ['colcon_pkg']
[3.032s] Level 1:colcon.colcon_core.package_identification:_identify(src) by extension 'colcon_pkg'
[3.032s] Level 1:colcon.colcon_core.package_identification:_identify(src) by extensions ['colcon_meta']
[3.032s] Level 1:colcon.colcon_core.package_identification:_identify(src) by extension 'colcon_meta'
[3.033s] Level 1:colcon.colcon_core.package_identification:_identify(src) by extensions ['ros']
[3.033s] Level 1:colcon.colcon_core.package_identification:_identify(src) by extension 'ros'
[3.033s] Level 1:colcon.colcon_core.package_identification:_identify(src) by extensions ['cmake', 'python']
[3.033s] Level 1:colcon.colcon_core.package_identification:_identify(src) by extension 'cmake'
[3.033s] Level 1:colcon.colcon_core.package_identification:_identify(src) by extension 'python'
[3.033s] Level 1:colcon.colcon_core.package_identification:_identify(src) by extensions ['python_setup_py']
[3.033s] Level 1:colcon.colcon_core.package_identification:_identify(src) by extension 'python_setup_py'
[3.033s] Level 1:colcon.colcon_core.package_identification:_identify(src/laser_consumer) by extensions ['ignore', 'ignore_ament_install']
[3.034s] Level 1:colcon.colcon_core.package_identification:_identify(src/laser_consumer) by extension 'ignore'
[3.034s] Level 1:colcon.colcon_core.package_identification:_identify(src/laser_consumer) by extension 'ignore_ament_install'
[3.034s] Level 1:colcon.colcon_core.package_identification:_identify(src/laser_consumer) by extensions ['colcon_pkg']
[3.034s] Level 1:colcon.colcon_core.package_identification:_identify(src/laser_consumer) by extension 'colcon_pkg'
[3.034s] Level 1:colcon.colcon_core.package_identification:_identify(src/laser_consumer) by extensions ['colcon_meta']
[3.034s] Level 1:colcon.colcon_core.package_identification:_identify(src/laser_consumer) by extension 'colcon_meta'
[3.034s] Level 1:colcon.colcon_core.package_identification:_identify(src/laser_consumer) by extensions ['ros']
[3.034s] Level 1:colcon.colcon_core.package_identification:_identify(src/laser_consumer) by extension 'ros'
[3.040s] DEBUG:colcon.colcon_core.package_identification:Package 'src/laser_consumer' with type 'ros.ament_cmake' and name 'laser_consumer'
[3.041s] Level 1:colcon.colcon_core.package_identification:_identify(src/ldlidar_stl_ros2) by extensions ['ignore', 'ignore_ament_install']
[3.041s] Level 1:colcon.colcon_core.package_identification:_identify(src/ldlidar_stl_ros2) by extension 'ignore'
[3.041s] Level 1:colcon.colcon_core.package_identification:_identify(src/ldlidar_stl_ros2) by extension 'ignore_ament_install'
[3.041s] Level 1:colcon.colcon_core.package_identification:_identify(src/ldlidar_stl_ros2) by extensions ['colcon_pkg']
[3.041s] Level 1:colcon.colcon_core.package_identification:_identify(src/ldlidar_stl_ros2) by extension 'colcon_pkg'
[3.041s] Level 1:colcon.colcon_core.package_identification:_identify(src/ldlidar_stl_ros2) by extensions ['colcon_meta']
[3.041s] Level 1:colcon.colcon_core.package_identification:_identify(src/ldlidar_stl_ros2) by extension 'colcon_meta'
[3.041s] Level 1:colcon.colcon_core.package_identification:_identify(src/ldlidar_stl_ros2) by extensions ['ros']
[3.042s] Level 1:colcon.colcon_core.package_identification:_identify(src/ldlidar_stl_ros2) by extension 'ros'
[3.043s] DEBUG:colcon.colcon_core.package_identification:Package 'src/ldlidar_stl_ros2' with type 'ros.ament_cmake' and name 'ldlidar_stl_ros2'
[3.043s] Level 1:colcon.colcon_core.package_discovery:discover_packages(recursive) using defaults
[3.043s] Level 1:colcon.colcon_core.package_discovery:discover_packages(ignore) discover
[3.043s] Level 1:colcon.colcon_core.package_discovery:discover_packages(ignore) using defaults
[3.043s] Level 1:colcon.colcon_core.package_discovery:discover_packages(path) discover
[3.044s] Level 1:colcon.colcon_core.package_discovery:discover_packages(path) using defaults
[3.286s] Level 1:colcon.colcon_core.package_discovery:discover_packages(prefix_path) check parameters
[3.286s] Level 1:colcon.colcon_core.package_discovery:discover_packages(prefix_path) discover
[3.371s] DEBUG:colcon.colcon_installed_package_information.package_discovery:Found 281 installed packages in /opt/ros/iron
[3.376s] Level 1:colcon.colcon_core.package_discovery:discover_packages(prefix_path) using defaults
[3.613s] Level 5:colcon.colcon_core.verb:set package 'laser_consumer' build argument 'cmake_args' from command line to 'None'
[3.613s] Level 5:colcon.colcon_core.verb:set package 'laser_consumer' build argument 'cmake_target' from command line to 'None'
[3.613s] Level 5:colcon.colcon_core.verb:set package 'laser_consumer' build argument 'cmake_target_skip_unavailable' from command line to 'False'
[3.613s] Level 5:colcon.colcon_core.verb:set package 'laser_consumer' build argument 'cmake_clean_cache' from command line to 'False'
[3.613s] Level 5:colcon.colcon_core.verb:set package 'laser_consumer' build argument 'cmake_clean_first' from command line to 'False'
[3.613s] Level 5:colcon.colcon_core.verb:set package 'laser_consumer' build argument 'cmake_force_configure' from command line to 'False'
[3.613s] Level 5:colcon.colcon_core.verb:set package 'laser_consumer' build argument 'ament_cmake_args' from command line to 'None'
[3.613s] Level 5:colcon.colcon_core.verb:set package 'laser_consumer' build argument 'catkin_cmake_args' from command line to 'None'
[3.613s] Level 5:colcon.colcon_core.verb:set package 'laser_consumer' build argument 'catkin_skip_building_tests' from command line to 'False'
[3.613s] DEBUG:colcon.colcon_core.verb:Building package 'laser_consumer' with the following arguments: {'ament_cmake_args': None, 'build_base': '/home/edgar/Desktop/ldlidar_ros2_ws/build/laser_consumer', 'catkin_cmake_args': None, 'catkin_skip_building_tests': False, 'cmake_args': None, 'cmake_clean_cache': False, 'cmake_clean_first': False, 'cmake_force_configure': False, 'cmake_target': None, 'cmake_target_skip_unavailable': False, 'install_base': '/home/edgar/Desktop/ldlidar_ros2_ws/install/laser_consumer', 'merge_install': False, 'path': '/home/edgar/Desktop/ldlidar_ros2_ws/src/laser_consumer', 'symlink_install': True, 'test_result_base': None}
[3.653s] Level 5:colcon.colcon_core.verb:set package 'ldlidar_stl_ros2' build argument 'cmake_args' from command line to 'None'
[3.653s] Level 5:colcon.colcon_core.verb:set package 'ldlidar_stl_ros2' build argument 'cmake_target' from command line to 'None'
[3.653s] Level 5:colcon.colcon_core.verb:set package 'ldlidar_stl_ros2' build argument 'cmake_target_skip_unavailable' from command line to 'False'
[3.653s] Level 5:colcon.colcon_core.verb:set package 'ldlidar_stl_ros2' build argument 'cmake_clean_cache' from command line to 'False'
[3.653s] Level 5:colcon.colcon_core.verb:set package 'ldlidar_stl_ros2' build argument 'cmake_clean_first' from command line to 'False'
[3.653s] Level 5:colcon.colcon_core.verb:set package 'ldlidar_stl_ros2' build argument 'cmake_force_configure' from command line to 'False'
[3.654s] Level 5:colcon.colcon_core.verb:set package 'ldlidar_stl_ros2' build argument 'ament_cmake_args' from command line to 'None'
[3.654s] Level 5:colcon.colcon_core.verb:set package 'ldlidar_stl_ros2' build argument 'catkin_cmake_args' from command line to 'None'
[3.654s] Level 5:colcon.colcon_core.verb:set package 'ldlidar_stl_ros2' build argument 'catkin_skip_building_tests' from command line to 'False'
[3.654s] DEBUG:colcon.colcon_core.verb:Building package 'ldlidar_stl_ros2' with the following arguments: {'ament_cmake_args': None, 'build_base': '/home/edgar/Desktop/ldlidar_ros2_ws/build/ldlidar_stl_ros2', 'catkin_cmake_args': None, 'catkin_skip_building_tests': False, 'cmake_args': None, 'cmake_clean_cache': False, 'cmake_clean_first': False, 'cmake_force_configure': False, 'cmake_target': None, 'cmake_target_skip_unavailable': False, 'install_base': '/home/edgar/Desktop/ldlidar_ros2_ws/install/ldlidar_stl_ros2', 'merge_install': False, 'path': '/home/edgar/Desktop/ldlidar_ros2_ws/src/ldlidar_stl_ros2', 'symlink_install': True, 'test_result_base': None}
[3.693s] INFO:colcon.colcon_core.executor:Executing jobs using 'parallel' executor
[3.733s] DEBUG:colcon.colcon_parallel_executor.executor.parallel:run_until_complete
[3.734s] INFO:colcon.colcon_ros.task.ament_cmake.build:Building ROS package in '/home/edgar/Desktop/ldlidar_ros2_ws/src/laser_consumer' with build type 'ament_cmake'
[3.734s] INFO:colcon.colcon_cmake.task.cmake.build:Building CMake package in '/home/edgar/Desktop/ldlidar_ros2_ws/src/laser_consumer'
[3.788s] INFO:colcon.colcon_core.plugin_system:Skipping extension 'colcon_core.shell.bat': Not used on non-Windows systems
[3.788s] INFO:colcon.colcon_core.shell:Skip shell extension 'powershell' for command environment: Not usable outside of PowerShell
[3.788s] DEBUG:colcon.colcon_core.shell:Skip shell extension 'dsv' for command environment
[3.879s] INFO:colcon.colcon_ros.task.ament_cmake.build:Building ROS package in '/home/edgar/Desktop/ldlidar_ros2_ws/src/ldlidar_stl_ros2' with build type 'ament_cmake'
[3.879s] INFO:colcon.colcon_cmake.task.cmake.build:Building CMake package in '/home/edgar/Desktop/ldlidar_ros2_ws/src/ldlidar_stl_ros2'
[3.919s] INFO:colcon.colcon_core.shell:Skip shell extension 'powershell' for command environment: Not usable outside of PowerShell
[3.919s] DEBUG:colcon.colcon_core.shell:Skip shell extension 'dsv' for command environment
[4.011s] DEBUG:colcon.colcon_core.event_handler.log_command:Invoking command in '/home/edgar/Desktop/ldlidar_ros2_ws/build/laser_consumer': CMAKE_PREFIX_PATH=/opt/ros/iron /usr/bin/cmake --build /home/edgar/Desktop/ldlidar_ros2_ws/build/laser_consumer -- -j4 -l4
[4.034s] DEBUG:colcon.colcon_core.event_handler.log_command:Invoking command in '/home/edgar/Desktop/ldlidar_ros2_ws/build/ldlidar_stl_ros2': CMAKE_PREFIX_PATH=/opt/ros/iron /usr/bin/cmake --build /home/edgar/Desktop/ldlidar_ros2_ws/build/ldlidar_stl_ros2 -- -j4 -l4
[4.324s] DEBUG:colcon.colcon_core.event_handler.log_command:Invoked command in '/home/edgar/Desktop/ldlidar_ros2_ws/build/ldlidar_stl_ros2' returned '0': CMAKE_PREFIX_PATH=/opt/ros/iron /usr/bin/cmake --build /home/edgar/Desktop/ldlidar_ros2_ws/build/ldlidar_stl_ros2 -- -j4 -l4
[4.561s] DEBUG:colcon.colcon_core.event_handler.log_command:Invoking command in '/home/edgar/Desktop/ldlidar_ros2_ws/build/ldlidar_stl_ros2': CMAKE_PREFIX_PATH=/opt/ros/iron /usr/bin/cmake --install /home/edgar/Desktop/ldlidar_ros2_ws/build/ldlidar_stl_ros2
[4.709s] Level 1:colcon.colcon_core.environment:create_environment_scripts_only(ldlidar_stl_ros2)
[4.709s] DEBUG:colcon.colcon_core.event_handler.log_command:Invoked command in '/home/edgar/Desktop/ldlidar_ros2_ws/build/ldlidar_stl_ros2' returned '0': CMAKE_PREFIX_PATH=/opt/ros/iron /usr/bin/cmake --install /home/edgar/Desktop/ldlidar_ros2_ws/build/ldlidar_stl_ros2
[4.741s] Level 1:colcon.colcon_core.environment:checking '/home/edgar/Desktop/ldlidar_ros2_ws/install/ldlidar_stl_ros2' for CMake module files
[4.742s] Level 1:colcon.colcon_core.environment:checking '/home/edgar/Desktop/ldlidar_ros2_ws/install/ldlidar_stl_ros2' for CMake config files
[4.742s] Level 1:colcon.colcon_core.shell:create_environment_hook('ldlidar_stl_ros2', 'cmake_prefix_path')
[4.770s] INFO:colcon.colcon_core.shell:Creating environment hook '/home/edgar/Desktop/ldlidar_ros2_ws/install/ldlidar_stl_ros2/share/ldlidar_stl_ros2/hook/cmake_prefix_path.ps1'
[4.771s] INFO:colcon.colcon_core.shell:Creating environment descriptor '/home/edgar/Desktop/ldlidar_ros2_ws/install/ldlidar_stl_ros2/share/ldlidar_stl_ros2/hook/cmake_prefix_path.dsv'
[4.772s] INFO:colcon.colcon_core.shell:Creating environment hook '/home/edgar/Desktop/ldlidar_ros2_ws/install/ldlidar_stl_ros2/share/ldlidar_stl_ros2/hook/cmake_prefix_path.sh'
[4.773s] Level 1:colcon.colcon_core.environment:checking '/home/edgar/Desktop/ldlidar_ros2_ws/install/ldlidar_stl_ros2/lib'
[4.773s] Level 1:colcon.colcon_core.environment:checking '/home/edgar/Desktop/ldlidar_ros2_ws/install/ldlidar_stl_ros2/bin'
[4.774s] Level 1:colcon.colcon_core.environment:checking '/home/edgar/Desktop/ldlidar_ros2_ws/install/ldlidar_stl_ros2/lib/pkgconfig/ldlidar_stl_ros2.pc'
[4.774s] Level 1:colcon.colcon_core.environment:checking '/home/edgar/Desktop/ldlidar_ros2_ws/install/ldlidar_stl_ros2/lib/python3.10/site-packages'
[4.774s] Level 1:colcon.colcon_core.environment:checking '/home/edgar/Desktop/ldlidar_ros2_ws/install/ldlidar_stl_ros2/bin'
[4.802s] INFO:colcon.colcon_core.shell:Creating package script '/home/edgar/Desktop/ldlidar_ros2_ws/install/ldlidar_stl_ros2/share/ldlidar_stl_ros2/package.ps1'
[4.803s] INFO:colcon.colcon_core.shell:Creating package descriptor '/home/edgar/Desktop/ldlidar_ros2_ws/install/ldlidar_stl_ros2/share/ldlidar_stl_ros2/package.dsv'
[4.804s] INFO:colcon.colcon_core.shell:Creating package script '/home/edgar/Desktop/ldlidar_ros2_ws/install/ldlidar_stl_ros2/share/ldlidar_stl_ros2/package.sh'
[4.806s] INFO:colcon.colcon_core.shell:Creating package script '/home/edgar/Desktop/ldlidar_ros2_ws/install/ldlidar_stl_ros2/share/ldlidar_stl_ros2/package.bash'
[4.807s] INFO:colcon.colcon_core.shell:Creating package script '/home/edgar/Desktop/ldlidar_ros2_ws/install/ldlidar_stl_ros2/share/ldlidar_stl_ros2/package.zsh'
[4.808s] Level 1:colcon.colcon_core.environment:create_file_with_runtime_dependencies(/home/edgar/Desktop/ldlidar_ros2_ws/install/ldlidar_stl_ros2/share/colcon-core/packages/ldlidar_stl_ros2)
[4.940s] Level 1:colcon.colcon_core.environment:create_environment_scripts_only(ldlidar_stl_ros2)
[4.988s] Level 1:colcon.colcon_core.environment:checking '/home/edgar/Desktop/ldlidar_ros2_ws/install/ldlidar_stl_ros2' for CMake module files
[4.989s] Level 1:colcon.colcon_core.environment:checking '/home/edgar/Desktop/ldlidar_ros2_ws/install/ldlidar_stl_ros2' for CMake config files
[4.990s] Level 1:colcon.colcon_core.shell:create_environment_hook('ldlidar_stl_ros2', 'cmake_prefix_path')
[5.017s] INFO:colcon.colcon_core.shell:Creating environment hook '/home/edgar/Desktop/ldlidar_ros2_ws/install/ldlidar_stl_ros2/share/ldlidar_stl_ros2/hook/cmake_prefix_path.ps1'
[5.017s] INFO:colcon.colcon_core.shell:Creating environment descriptor '/home/edgar/Desktop/ldlidar_ros2_ws/install/ldlidar_stl_ros2/share/ldlidar_stl_ros2/hook/cmake_prefix_path.dsv'
[5.018s] INFO:colcon.colcon_core.shell:Creating environment hook '/home/edgar/Desktop/ldlidar_ros2_ws/install/ldlidar_stl_ros2/share/ldlidar_stl_ros2/hook/cmake_prefix_path.sh'
[5.018s] Level 1:colcon.colcon_core.environment:checking '/home/edgar/Desktop/ldlidar_ros2_ws/install/ldlidar_stl_ros2/lib'
[5.019s] Level 1:colcon.colcon_core.environment:checking '/home/edgar/Desktop/ldlidar_ros2_ws/install/ldlidar_stl_ros2/bin'
[5.019s] Level 1:colcon.colcon_core.environment:checking '/home/edgar/Desktop/ldlidar_ros2_ws/install/ldlidar_stl_ros2/lib/pkgconfig/ldlidar_stl_ros2.pc'
[5.019s] Level 1:colcon.colcon_core.environment:checking '/home/edgar/Desktop/ldlidar_ros2_ws/install/ldlidar_stl_ros2/lib/python3.10/site-packages'
[5.020s] Level 1:colcon.colcon_core.environment:checking '/home/edgar/Desktop/ldlidar_ros2_ws/install/ldlidar_stl_ros2/bin'
[5.048s] INFO:colcon.colcon_core.shell:Creating package script '/home/edgar/Desktop/ldlidar_ros2_ws/install/ldlidar_stl_ros2/share/ldlidar_stl_ros2/package.ps1'
[5.049s] INFO:colcon.colcon_core.shell:Creating package descriptor '/home/edgar/Desktop/ldlidar_ros2_ws/install/ldlidar_stl_ros2/share/ldlidar_stl_ros2/package.dsv'
[5.049s] INFO:colcon.colcon_core.shell:Creating package script '/home/edgar/Desktop/ldlidar_ros2_ws/install/ldlidar_stl_ros2/share/ldlidar_stl_ros2/package.sh'
[5.050s] INFO:colcon.colcon_core.shell:Creating package script '/home/edgar/Desktop/ldlidar_ros2_ws/install/ldlidar_stl_ros2/share/ldlidar_stl_ros2/package.bash'
[5.050s] INFO:colcon.colcon_core.shell:Creating package script '/home/edgar/Desktop/ldlidar_ros2_ws/install/ldlidar_stl_ros2/share/ldlidar_stl_ros2/package.zsh'
[5.051s] Level 1:colcon.colcon_core.environment:create_file_with_runtime_dependencies(/home/edgar/Desktop/ldlidar_ros2_ws/install/ldlidar_stl_ros2/share/colcon-core/packages/ldlidar_stl_ros2)
[19.804s] DEBUG:colcon.colcon_core.event_handler.log_command:Invoked command in '/home/edgar/Desktop/ldlidar_ros2_ws/build/laser_consumer' returned '0': CMAKE_PREFIX_PATH=/opt/ros/iron /usr/bin/cmake --build /home/edgar/Desktop/ldlidar_ros2_ws/build/laser_consumer -- -j4 -l4
[19.874s] DEBUG:colcon.colcon_core.event_handler.log_command:Invoking command in '/home/edgar/Desktop/ldlidar_ros2_ws/build/laser_consumer': CMAKE_PREFIX_PATH=/opt/ros/iron /usr/bin/cmake --install /home/edgar/Desktop/ldlidar_ros2_ws/build/laser_consumer
[20.006s] Level 1:colcon.colcon_core.environment:create_environment_scripts_only(laser_consumer)
[20.008s] DEBUG:colcon.colcon_core.event_handler.log_command:Invoked command in '/home/edgar/Desktop/ldlidar_ros2_ws/build/laser_consumer' returned '0': CMAKE_PREFIX_PATH=/opt/ros/iron /usr/bin/cmake --install /home/edgar/Desktop/ldlidar_ros2_ws/build/laser_consumer
[20.047s] Level 1:colcon.colcon_core.environment:checking '/home/edgar/Desktop/ldlidar_ros2_ws/install/laser_consumer' for CMake module files
[20.049s] Level 1:colcon.colcon_core.environment:checking '/home/edgar/Desktop/ldlidar_ros2_ws/install/laser_consumer' for CMake config files
[20.050s] Level 1:colcon.colcon_core.shell:create_environment_hook('laser_consumer', 'cmake_prefix_path')
[20.091s] INFO:colcon.colcon_core.shell:Creating environment hook '/home/edgar/Desktop/ldlidar_ros2_ws/install/laser_consumer/share/laser_consumer/hook/cmake_prefix_path.ps1'
[20.091s] INFO:colcon.colcon_core.shell:Creating environment descriptor '/home/edgar/Desktop/ldlidar_ros2_ws/install/laser_consumer/share/laser_consumer/hook/cmake_prefix_path.dsv'
[20.092s] INFO:colcon.colcon_core.shell:Creating environment hook '/home/edgar/Desktop/ldlidar_ros2_ws/install/laser_consumer/share/laser_consumer/hook/cmake_prefix_path.sh'
[20.093s] Level 1:colcon.colcon_core.environment:checking '/home/edgar/Desktop/ldlidar_ros2_ws/install/laser_consumer/lib'
[20.093s] Level 1:colcon.colcon_core.environment:checking '/home/edgar/Desktop/ldlidar_ros2_ws/install/laser_consumer/bin'
[20.093s] Level 1:colcon.colcon_core.environment:checking '/home/edgar/Desktop/ldlidar_ros2_ws/install/laser_consumer/lib/pkgconfig/laser_consumer.pc'
[20.094s] Level 1:colcon.colcon_core.environment:checking '/home/edgar/Desktop/ldlidar_ros2_ws/install/laser_consumer/lib/python3.10/site-packages'
[20.094s] Level 1:colcon.colcon_core.environment:checking '/home/edgar/Desktop/ldlidar_ros2_ws/install/laser_consumer/bin'
[20.135s] INFO:colcon.colcon_core.shell:Creating package script '/home/edgar/Desktop/ldlidar_ros2_ws/install/laser_consumer/share/laser_consumer/package.ps1'
[20.136s] INFO:colcon.colcon_core.shell:Creating package descriptor '/home/edgar/Desktop/ldlidar_ros2_ws/install/laser_consumer/share/laser_consumer/package.dsv'
[20.136s] INFO:colcon.colcon_core.shell:Creating package script '/home/edgar/Desktop/ldlidar_ros2_ws/install/laser_consumer/share/laser_consumer/package.sh'
[20.137s] INFO:colcon.colcon_core.shell:Creating package script '/home/edgar/Desktop/ldlidar_ros2_ws/install/laser_consumer/share/laser_consumer/package.bash'
[20.138s] INFO:colcon.colcon_core.shell:Creating package script '/home/edgar/Desktop/ldlidar_ros2_ws/install/laser_consumer/share/laser_consumer/package.zsh'
[20.139s] Level 1:colcon.colcon_core.environment:create_file_with_runtime_dependencies(/home/edgar/Desktop/ldlidar_ros2_ws/install/laser_consumer/share/colcon-core/packages/laser_consumer)
[20.353s] Level 1:colcon.colcon_core.environment:create_environment_scripts_only(laser_consumer)
[20.380s] Level 1:colcon.colcon_core.environment:checking '/home/edgar/Desktop/ldlidar_ros2_ws/install/laser_consumer' for CMake module files
[20.381s] Level 1:colcon.colcon_core.environment:checking '/home/edgar/Desktop/ldlidar_ros2_ws/install/laser_consumer' for CMake config files
[20.381s] Level 1:colcon.colcon_core.shell:create_environment_hook('laser_consumer', 'cmake_prefix_path')
[20.409s] INFO:colcon.colcon_core.shell:Creating environment hook '/home/edgar/Desktop/ldlidar_ros2_ws/install/laser_consumer/share/laser_consumer/hook/cmake_prefix_path.ps1'
[20.409s] INFO:colcon.colcon_core.shell:Creating environment descriptor '/home/edgar/Desktop/ldlidar_ros2_ws/install/laser_consumer/share/laser_consumer/hook/cmake_prefix_path.dsv'
[20.410s] INFO:colcon.colcon_core.shell:Creating environment hook '/home/edgar/Desktop/ldlidar_ros2_ws/install/laser_consumer/share/laser_consumer/hook/cmake_prefix_path.sh'
[20.410s] Level 1:colcon.colcon_core.environment:checking '/home/edgar/Desktop/ldlidar_ros2_ws/install/laser_consumer/lib'
[20.410s] Level 1:colcon.colcon_core.environment:checking '/home/edgar/Desktop/ldlidar_ros2_ws/install/laser_consumer/bin'
[20.411s] Level 1:colcon.colcon_core.environment:checking '/home/edgar/Desktop/ldlidar_ros2_ws/install/laser_consumer/lib/pkgconfig/laser_consumer.pc'
[20.411s] Level 1:colcon.colcon_core.environment:checking '/home/edgar/Desktop/ldlidar_ros2_ws/install/laser_consumer/lib/python3.10/site-packages'
[20.411s] Level 1:colcon.colcon_core.environment:checking '/home/edgar/Desktop/ldlidar_ros2_ws/install/laser_consumer/bin'
[20.439s] INFO:colcon.colcon_core.shell:Creating package script '/home/edgar/Desktop/ldlidar_ros2_ws/install/laser_consumer/share/laser_consumer/package.ps1'
[20.440s] INFO:colcon.colcon_core.shell:Creating package descriptor '/home/edgar/Desktop/ldlidar_ros2_ws/install/laser_consumer/share/laser_consumer/package.dsv'
[20.440s] INFO:colcon.colcon_core.shell:Creating package script '/home/edgar/Desktop/ldlidar_ros2_ws/install/laser_consumer/share/laser_consumer/package.sh'
[20.441s] INFO:colcon.colcon_core.shell:Creating package script '/home/edgar/Desktop/ldlidar_ros2_ws/install/laser_consumer/share/laser_consumer/package.bash'
[20.442s] INFO:colcon.colcon_core.shell:Creating package script '/home/edgar/Desktop/ldlidar_ros2_ws/install/laser_consumer/share/laser_consumer/package.zsh'
[20.442s] Level 1:colcon.colcon_core.environment:create_file_with_runtime_dependencies(/home/edgar/Desktop/ldlidar_ros2_ws/install/laser_consumer/share/colcon-core/packages/laser_consumer)
[20.442s] DEBUG:colcon.colcon_parallel_executor.executor.parallel:closing loop
[20.443s] DEBUG:colcon.colcon_parallel_executor.executor.parallel:loop closed
[20.443s] DEBUG:colcon.colcon_parallel_executor.executor.parallel:run_until_complete finished with '0'
[20.443s] DEBUG:colcon.colcon_core.event_reactor:joining thread
[20.509s] INFO:colcon.colcon_core.plugin_system:Skipping extension 'colcon_notification.desktop_notification.terminal_notifier': Not used on non-Darwin systems
[20.509s] INFO:colcon.colcon_core.plugin_system:Skipping extension 'colcon_notification.desktop_notification.win32': Not used on non-Windows systems
[20.509s] INFO:colcon.colcon_notification.desktop_notification:Sending desktop notification using 'notify2'
[20.790s] DEBUG:colcon.colcon_core.event_reactor:joined thread
[20.831s] INFO:colcon.colcon_core.shell:Creating prefix script '/home/edgar/Desktop/ldlidar_ros2_ws/install/local_setup.ps1'
[20.834s] INFO:colcon.colcon_core.shell:Creating prefix util module '/home/edgar/Desktop/ldlidar_ros2_ws/install/_local_setup_util_ps1.py'
[20.837s] INFO:colcon.colcon_core.shell:Creating prefix chain script '/home/edgar/Desktop/ldlidar_ros2_ws/install/setup.ps1'
[20.880s] INFO:colcon.colcon_core.shell:Creating prefix script '/home/edgar/Desktop/ldlidar_ros2_ws/install/local_setup.sh'
[20.881s] INFO:colcon.colcon_core.shell:Creating prefix util module '/home/edgar/Desktop/ldlidar_ros2_ws/install/_local_setup_util_sh.py'
[20.882s] INFO:colcon.colcon_core.shell:Creating prefix chain script '/home/edgar/Desktop/ldlidar_ros2_ws/install/setup.sh'
[20.924s] INFO:colcon.colcon_core.shell:Creating prefix script '/home/edgar/Desktop/ldlidar_ros2_ws/install/local_setup.bash'
[20.925s] INFO:colcon.colcon_core.shell:Creating prefix chain script '/home/edgar/Desktop/ldlidar_ros2_ws/install/setup.bash'
[20.967s] INFO:colcon.colcon_core.shell:Creating prefix script '/home/edgar/Desktop/ldlidar_ros2_ws/install/local_setup.zsh'
[20.968s] INFO:colcon.colcon_core.shell:Creating prefix chain script '/home/edgar/Desktop/ldlidar_ros2_ws/install/setup.zsh'
