[0.240s] Invoking command in '/home/edgar/Desktop/ldlidar_ros2_ws/build/laser_consumer': CMAKE_PREFIX_PATH=${CMAKE_PREFIX_PATH}:/opt/ros/iron /usr/bin/cmake --build /home/edgar/Desktop/ldlidar_ros2_ws/build/laser_consumer -- -j4 -l4
[0.319s] [ 50%] [32mBuilding CXX object CMakeFiles/laser_consumer.dir/src/laser_consumer.cpp.o[0m
[14.556s] [100%] [32m[1mLinking CXX executable laser_consumer[0m
[15.650s] [100%] Built target laser_consumer
[15.684s] Invoked command in '/home/edgar/Desktop/ldlidar_ros2_ws/build/laser_consumer' returned '0': CMAKE_PREFIX_PATH=${CMAKE_PREFIX_PATH}:/opt/ros/iron /usr/bin/cmake --build /home/edgar/Desktop/ldlidar_ros2_ws/build/laser_consumer -- -j4 -l4
[15.769s] Invoking command in '/home/edgar/Desktop/ldlidar_ros2_ws/build/laser_consumer': CMAKE_PREFIX_PATH=${CMAKE_PREFIX_PATH}:/opt/ros/iron /usr/bin/cmake --install /home/edgar/Desktop/ldlidar_ros2_ws/build/laser_consumer
[15.776s] -- Install configuration: ""
[15.777s] -- Execute custom install script
[15.778s] -- Up-to-date symlink: /home/edgar/Desktop/ldlidar_ros2_ws/install/laser_consumer/lib/laser_consumer/laser_consumer
[15.778s] -- Up-to-date symlink: /home/edgar/Desktop/ldlidar_ros2_ws/install/laser_consumer/share/ament_index/resource_index/package_run_dependencies/laser_consumer
[15.778s] -- Up-to-date symlink: /home/edgar/Desktop/ldlidar_ros2_ws/install/laser_consumer/share/ament_index/resource_index/parent_prefix_path/laser_consumer
[15.781s] -- Up-to-date symlink: /home/edgar/Desktop/ldlidar_ros2_ws/install/laser_consumer/share/laser_consumer/environment/ament_prefix_path.sh
[15.782s] -- Up-to-date symlink: /home/edgar/Desktop/ldlidar_ros2_ws/install/laser_consumer/share/laser_consumer/environment/ament_prefix_path.dsv
[15.783s] -- Up-to-date symlink: /home/edgar/Desktop/ldlidar_ros2_ws/install/laser_consumer/share/laser_consumer/environment/path.sh
[15.783s] -- Up-to-date symlink: /home/edgar/Desktop/ldlidar_ros2_ws/install/laser_consumer/share/laser_consumer/environment/path.dsv
[15.785s] -- Up-to-date symlink: /home/edgar/Desktop/ldlidar_ros2_ws/install/laser_consumer/share/laser_consumer/local_setup.bash
[15.785s] -- Up-to-date symlink: /home/edgar/Desktop/ldlidar_ros2_ws/install/laser_consumer/share/laser_consumer/local_setup.sh
[15.785s] -- Up-to-date symlink: /home/edgar/Desktop/ldlidar_ros2_ws/install/laser_consumer/share/laser_consumer/local_setup.zsh
[15.785s] -- Up-to-date symlink: /home/edgar/Desktop/ldlidar_ros2_ws/install/laser_consumer/share/laser_consumer/local_setup.dsv
[15.785s] -- Symlinking: /home/edgar/Desktop/ldlidar_ros2_ws/install/laser_consumer/share/laser_consumer/package.dsv
[15.796s] -- Up-to-date symlink: /home/edgar/Desktop/ldlidar_ros2_ws/install/laser_consumer/share/ament_index/resource_index/packages/laser_consumer
[15.797s] -- Up-to-date symlink: /home/edgar/Desktop/ldlidar_ros2_ws/install/laser_consumer/share/laser_consumer/cmake/laser_consumerConfig.cmake
[15.798s] -- Up-to-date symlink: /home/edgar/Desktop/ldlidar_ros2_ws/install/laser_consumer/share/laser_consumer/cmake/laser_consumerConfig-version.cmake
[15.798s] -- Up-to-date symlink: /home/edgar/Desktop/ldlidar_ros2_ws/install/laser_consumer/share/laser_consumer/package.xml
[15.800s] Invoked command in '/home/edgar/Desktop/ldlidar_ros2_ws/build/laser_consumer' returned '0': CMAKE_PREFIX_PATH=${CMAKE_PREFIX_PATH}:/opt/ros/iron /usr/bin/cmake --install /home/edgar/Desktop/ldlidar_ros2_ws/build/laser_consumer
