[0.138s] Invoking command in '/home/edgar/Desktop/ldlidar_ros2_ws/build/ldlidar_stl_ros2': CMAKE_PREFIX_PATH=/opt/ros/iron /usr/bin/cmake --build /home/edgar/Desktop/ldlidar_ros2_ws/build/ldlidar_stl_ros2 -- -j4 -l4
[0.213s] [100%] Built target ldlidar_stl_ros2_node
[0.237s] Invoked command in '/home/edgar/Desktop/ldlidar_ros2_ws/build/ldlidar_stl_ros2' returned '0': CMAKE_PREFIX_PATH=/opt/ros/iron /usr/bin/cmake --build /home/edgar/Desktop/ldlidar_ros2_ws/build/ldlidar_stl_ros2 -- -j4 -l4
[0.368s] Invoking command in '/home/edgar/Desktop/ldlidar_ros2_ws/build/ldlidar_stl_ros2': CMAKE_PREFIX_PATH=/opt/ros/iron /usr/bin/cmake --install /home/edgar/Desktop/ldlidar_ros2_ws/build/ldlidar_stl_ros2
[0.380s] -- Install configuration: ""
[0.381s] -- Execute custom install script
[0.382s] -- Up-to-date symlink: /home/edgar/Desktop/ldlidar_ros2_ws/install/ldlidar_stl_ros2/lib/ldlidar_stl_ros2/ldlidar_stl_ros2_node
[0.383s] -- Up-to-date symlink: /home/edgar/Desktop/ldlidar_ros2_ws/install/ldlidar_stl_ros2/share/ldlidar_stl_ros2//launch/ld06.launch.py
[0.383s] -- Up-to-date symlink: /home/edgar/Desktop/ldlidar_ros2_ws/install/ldlidar_stl_ros2/share/ldlidar_stl_ros2//launch/ld19.launch.py
[0.383s] -- Up-to-date symlink: /home/edgar/Desktop/ldlidar_ros2_ws/install/ldlidar_stl_ros2/share/ldlidar_stl_ros2//launch/stl27l.launch.py
[0.384s] -- Up-to-date symlink: /home/edgar/Desktop/ldlidar_ros2_ws/install/ldlidar_stl_ros2/share/ldlidar_stl_ros2//launch/viewer_ld06.launch.py
[0.384s] -- Up-to-date symlink: /home/edgar/Desktop/ldlidar_ros2_ws/install/ldlidar_stl_ros2/share/ldlidar_stl_ros2//launch/viewer_ld19.launch.py
[0.385s] -- Up-to-date symlink: /home/edgar/Desktop/ldlidar_ros2_ws/install/ldlidar_stl_ros2/share/ldlidar_stl_ros2//launch/viewer_stl27l.launch.py
[0.385s] -- Up-to-date symlink: /home/edgar/Desktop/ldlidar_ros2_ws/install/ldlidar_stl_ros2/share/ldlidar_stl_ros2//rviz2/ldlidar.rviz
[0.386s] -- Up-to-date symlink: /home/edgar/Desktop/ldlidar_ros2_ws/install/ldlidar_stl_ros2/share/ament_index/resource_index/package_run_dependencies/ldlidar_stl_ros2
[0.386s] -- Up-to-date symlink: /home/edgar/Desktop/ldlidar_ros2_ws/install/ldlidar_stl_ros2/share/ament_index/resource_index/parent_prefix_path/ldlidar_stl_ros2
[0.387s] -- Up-to-date symlink: /home/edgar/Desktop/ldlidar_ros2_ws/install/ldlidar_stl_ros2/share/ldlidar_stl_ros2/environment/ament_prefix_path.sh
[0.387s] -- Up-to-date symlink: /home/edgar/Desktop/ldlidar_ros2_ws/install/ldlidar_stl_ros2/share/ldlidar_stl_ros2/environment/ament_prefix_path.dsv
[0.388s] -- Up-to-date symlink: /home/edgar/Desktop/ldlidar_ros2_ws/install/ldlidar_stl_ros2/share/ldlidar_stl_ros2/environment/path.sh
[0.388s] -- Up-to-date symlink: /home/edgar/Desktop/ldlidar_ros2_ws/install/ldlidar_stl_ros2/share/ldlidar_stl_ros2/environment/path.dsv
[0.389s] -- Up-to-date symlink: /home/edgar/Desktop/ldlidar_ros2_ws/install/ldlidar_stl_ros2/share/ldlidar_stl_ros2/local_setup.bash
[0.389s] -- Up-to-date symlink: /home/edgar/Desktop/ldlidar_ros2_ws/install/ldlidar_stl_ros2/share/ldlidar_stl_ros2/local_setup.sh
[0.389s] -- Up-to-date symlink: /home/edgar/Desktop/ldlidar_ros2_ws/install/ldlidar_stl_ros2/share/ldlidar_stl_ros2/local_setup.zsh
[0.390s] -- Up-to-date symlink: /home/edgar/Desktop/ldlidar_ros2_ws/install/ldlidar_stl_ros2/share/ldlidar_stl_ros2/local_setup.dsv
[0.390s] -- Symlinking: /home/edgar/Desktop/ldlidar_ros2_ws/install/ldlidar_stl_ros2/share/ldlidar_stl_ros2/package.dsv
[0.404s] -- Up-to-date symlink: /home/edgar/Desktop/ldlidar_ros2_ws/install/ldlidar_stl_ros2/share/ament_index/resource_index/packages/ldlidar_stl_ros2
[0.404s] -- Up-to-date symlink: /home/edgar/Desktop/ldlidar_ros2_ws/install/ldlidar_stl_ros2/share/ldlidar_stl_ros2/cmake/ldlidar_stl_ros2Config.cmake
[0.404s] -- Up-to-date symlink: /home/edgar/Desktop/ldlidar_ros2_ws/install/ldlidar_stl_ros2/share/ldlidar_stl_ros2/cmake/ldlidar_stl_ros2Config-version.cmake
[0.404s] -- Up-to-date symlink: /home/edgar/Desktop/ldlidar_ros2_ws/install/ldlidar_stl_ros2/share/ldlidar_stl_ros2/package.xml
[0.405s] Invoked command in '/home/edgar/Desktop/ldlidar_ros2_ws/build/ldlidar_stl_ros2' returned '0': CMAKE_PREFIX_PATH=/opt/ros/iron /usr/bin/cmake --install /home/edgar/Desktop/ldlidar_ros2_ws/build/ldlidar_stl_ros2
