[35m[1mConsolidate compiler generated dependencies of target laser_consumer[0m
[ 50%] [32mBuilding CXX object CMakeFiles/laser_consumer.dir/src/laser_consumer.cpp.o[0m
[01m[K/home/edgar/Desktop/ldlidar_ros2_ws/src/laser_consumer/src/laser_consumer.cpp:[m[K In member function ‘[01m[Kvoid LidarReader::topic_callback(sensor_msgs::msg::LaserScan_<std::allocator<void> >::SharedPtr)[m[K’:
[01m[K/home/edgar/Desktop/ldlidar_ros2_ws/src/laser_consumer/src/laser_consumer.cpp:91:27:[m[K [01;31m[Kerror: [m[Kno match for ‘[01m[Koperator+[m[K’ (operand types are ‘[01m[Kcv::Point2f[m[K’ {aka ‘[01m[Kcv::Point_<float>[m[K’} and ‘[01m[Kcv::Point[m[K’ {aka ‘[01m[Kcv::Point_<int>[m[K’})
   91 |                 pt1 = [32m[Kpt1[m[K [01;31m[K+[m[K [34m[Kcenter[m[K;
      |                       [32m[K~~~[m[K [01;31m[K^[m[K [34m[K~~~~~~[m[K
      |                       [32m[K|[m[K     [34m[K|[m[K
      |                       [32m[K|[m[K     [34m[KPoint_<int>[m[K
      |                       [32m[KPoint_<float>[m[K
In file included from [01m[K/usr/include/opencv4/opencv2/core.hpp:56[m[K,
                 from [01m[K/usr/include/opencv4/opencv2/opencv.hpp:52[m[K,
                 from [01m[K/home/edgar/Desktop/ldlidar_ros2_ws/src/laser_consumer/src/laser_consumer.cpp:4[m[K:
[01m[K/usr/include/opencv4/opencv2/core/matx.hpp:1210:17:[m[K [01;36m[Knote: [m[Kcandidate: ‘[01m[Ktemplate<class _Tp, int m, int n> cv::Matx<_Tp, m, n> cv::operator+(const cv::Matx<_Tp, m, n>&, const cv::Matx<_Tp, m, n>&)[m[K’
 1210 | Matx<_Tp, m, n> [01;36m[Koperator[m[K + (const Matx<_Tp, m, n>& a, const Matx<_Tp, m, n>& b)
      |                 [01;36m[K^~~~~~~~[m[K
[01m[K/usr/include/opencv4/opencv2/core/matx.hpp:1210:17:[m[K [01;36m[Knote: [m[K  template argument deduction/substitution failed:
[01m[K/home/edgar/Desktop/ldlidar_ros2_ws/src/laser_consumer/src/laser_consumer.cpp:91:29:[m[K [01;36m[Knote: [m[K  ‘[01m[Kcv::Point2f[m[K’ {aka ‘[01m[Kcv::Point_<float>[m[K’} is not derived from ‘[01m[Kconst cv::Matx<_Tp, m, n>[m[K’
   91 |                 pt1 = pt1 + [01;36m[Kcenter[m[K;
      |                             [01;36m[K^~~~~~[m[K
In file included from [01m[K/usr/include/opencv4/opencv2/core.hpp:56[m[K,
                 from [01m[K/usr/include/opencv4/opencv2/opencv.hpp:52[m[K,
                 from [01m[K/home/edgar/Desktop/ldlidar_ros2_ws/src/laser_consumer/src/laser_consumer.cpp:4[m[K:
[01m[K/usr/include/opencv4/opencv2/core/matx.hpp:1366:14:[m[K [01;36m[Knote: [m[Kcandidate: ‘[01m[Ktemplate<class _Tp, int cn> cv::Vec<_Tp, m> cv::operator+(const cv::Vec<_Tp, m>&, const cv::Vec<_Tp, m>&)[m[K’
 1366 | Vec<_Tp, cn> [01;36m[Koperator[m[K + (const Vec<_Tp, cn>& a, const Vec<_Tp, cn>& b)
      |              [01;36m[K^~~~~~~~[m[K
[01m[K/usr/include/opencv4/opencv2/core/matx.hpp:1366:14:[m[K [01;36m[Knote: [m[K  template argument deduction/substitution failed:
[01m[K/home/edgar/Desktop/ldlidar_ros2_ws/src/laser_consumer/src/laser_consumer.cpp:91:29:[m[K [01;36m[Knote: [m[K  ‘[01m[Kcv::Point2f[m[K’ {aka ‘[01m[Kcv::Point_<float>[m[K’} is not derived from ‘[01m[Kconst cv::Vec<_Tp, m>[m[K’
   91 |                 pt1 = pt1 + [01;36m[Kcenter[m[K;
      |                             [01;36m[K^~~~~~[m[K
In file included from [01m[K/usr/include/opencv4/opencv2/core.hpp:57[m[K,
                 from [01m[K/usr/include/opencv4/opencv2/opencv.hpp:52[m[K,
                 from [01m[K/home/edgar/Desktop/ldlidar_ros2_ws/src/laser_consumer/src/laser_consumer.cpp:4[m[K:
[01m[K/usr/include/opencv4/opencv2/core/types.hpp:1041:14:[m[K [01;36m[Knote: [m[Kcandidate: ‘[01m[Ktemplate<class _Tp> cv::Complex<_Tp> cv::operator+(const cv::Complex<_Tp>&, const cv::Complex<_Tp>&)[m[K’
 1041 | Complex<_Tp> [01;36m[Koperator[m[K + (const Complex<_Tp>& a, const Complex<_Tp>& b)
      |              [01;36m[K^~~~~~~~[m[K
[01m[K/usr/include/opencv4/opencv2/core/types.hpp:1041:14:[m[K [01;36m[Knote: [m[K  template argument deduction/substitution failed:
[01m[K/home/edgar/Desktop/ldlidar_ros2_ws/src/laser_consumer/src/laser_consumer.cpp:91:29:[m[K [01;36m[Knote: [m[K  ‘[01m[Kcv::Point2f[m[K’ {aka ‘[01m[Kcv::Point_<float>[m[K’} is not derived from ‘[01m[Kconst cv::Complex<_Tp>[m[K’
   91 |                 pt1 = pt1 + [01;36m[Kcenter[m[K;
      |                             [01;36m[K^~~~~~[m[K
In file included from [01m[K/usr/include/opencv4/opencv2/core.hpp:57[m[K,
                 from [01m[K/usr/include/opencv4/opencv2/opencv.hpp:52[m[K,
                 from [01m[K/home/edgar/Desktop/ldlidar_ros2_ws/src/laser_consumer/src/laser_consumer.cpp:4[m[K:
[01m[K/usr/include/opencv4/opencv2/core/types.hpp:1091:14:[m[K [01;36m[Knote: [m[Kcandidate: ‘[01m[Ktemplate<class _Tp> cv::Complex<_Tp> cv::operator+(const cv::Complex<_Tp>&, _Tp)[m[K’
 1091 | Complex<_Tp> [01;36m[Koperator[m[K + (const Complex<_Tp>& a, _Tp b)
      |              [01;36m[K^~~~~~~~[m[K
[01m[K/usr/include/opencv4/opencv2/core/types.hpp:1091:14:[m[K [01;36m[Knote: [m[K  template argument deduction/substitution failed:
[01m[K/home/edgar/Desktop/ldlidar_ros2_ws/src/laser_consumer/src/laser_consumer.cpp:91:29:[m[K [01;36m[Knote: [m[K  ‘[01m[Kcv::Point2f[m[K’ {aka ‘[01m[Kcv::Point_<float>[m[K’} is not derived from ‘[01m[Kconst cv::Complex<_Tp>[m[K’
   91 |                 pt1 = pt1 + [01;36m[Kcenter[m[K;
      |                             [01;36m[K^~~~~~[m[K
In file included from [01m[K/usr/include/opencv4/opencv2/core.hpp:57[m[K,
                 from [01m[K/usr/include/opencv4/opencv2/opencv.hpp:52[m[K,
                 from [01m[K/home/edgar/Desktop/ldlidar_ros2_ws/src/laser_consumer/src/laser_consumer.cpp:4[m[K:
[01m[K/usr/include/opencv4/opencv2/core/types.hpp:1101:14:[m[K [01;36m[Knote: [m[Kcandidate: ‘[01m[Ktemplate<class _Tp> cv::Complex<_Tp> cv::operator+(_Tp, const cv::Complex<_Tp>&)[m[K’
 1101 | Complex<_Tp> [01;36m[Koperator[m[K + (_Tp b, const Complex<_Tp>& a)
      |              [01;36m[K^~~~~~~~[m[K
[01m[K/usr/include/opencv4/opencv2/core/types.hpp:1101:14:[m[K [01;36m[Knote: [m[K  template argument deduction/substitution failed:
[01m[K/home/edgar/Desktop/ldlidar_ros2_ws/src/laser_consumer/src/laser_consumer.cpp:91:29:[m[K [01;36m[Knote: [m[K  ‘[01m[Kcv::Point[m[K’ {aka ‘[01m[Kcv::Point_<int>[m[K’} is not derived from ‘[01m[Kconst cv::Complex<_Tp>[m[K’
   91 |                 pt1 = pt1 + [01;36m[Kcenter[m[K;
      |                             [01;36m[K^~~~~~[m[K
In file included from [01m[K/usr/include/opencv4/opencv2/core.hpp:57[m[K,
                 from [01m[K/usr/include/opencv4/opencv2/opencv.hpp:52[m[K,
                 from [01m[K/home/edgar/Desktop/ldlidar_ros2_ws/src/laser_consumer/src/laser_consumer.cpp:4[m[K:
[01m[K/usr/include/opencv4/opencv2/core/types.hpp:1333:13:[m[K [01;36m[Knote: [m[Kcandidate: ‘[01m[Ktemplate<class _Tp> cv::Point_<_Tp> cv::operator+(const cv::Point_<_Tp>&, const cv::Point_<_Tp>&)[m[K’
 1333 | Point_<_Tp> [01;36m[Koperator[m[K + (const Point_<_Tp>& a, const Point_<_Tp>& b)
      |             [01;36m[K^~~~~~~~[m[K
[01m[K/usr/include/opencv4/opencv2/core/types.hpp:1333:13:[m[K [01;36m[Knote: [m[K  template argument deduction/substitution failed:
[01m[K/home/edgar/Desktop/ldlidar_ros2_ws/src/laser_consumer/src/laser_consumer.cpp:91:29:[m[K [01;36m[Knote: [m[K  deduced conflicting types for parameter ‘[01m[K_Tp[m[K’ (‘[01m[Kfloat[m[K’ and ‘[01m[Kint[m[K’)
   91 |                 pt1 = pt1 + [01;36m[Kcenter[m[K;
      |                             [01;36m[K^~~~~~[m[K
In file included from [01m[K/usr/include/opencv4/opencv2/core.hpp:57[m[K,
                 from [01m[K/usr/include/opencv4/opencv2/opencv.hpp:52[m[K,
                 from [01m[K/home/edgar/Desktop/ldlidar_ros2_ws/src/laser_consumer/src/laser_consumer.cpp:4[m[K:
[01m[K/usr/include/opencv4/opencv2/core/types.hpp:1602:14:[m[K [01;36m[Knote: [m[Kcandidate: ‘[01m[Ktemplate<class _Tp> cv::Point3_<_Tp> cv::operator+(const cv::Point3_<_Tp>&, const cv::Point3_<_Tp>&)[m[K’
 1602 | Point3_<_Tp> [01;36m[Koperator[m[K + (const Point3_<_Tp>& a, const Point3_<_Tp>& b)
      |              [01;36m[K^~~~~~~~[m[K
[01m[K/usr/include/opencv4/opencv2/core/types.hpp:1602:14:[m[K [01;36m[Knote: [m[K  template argument deduction/substitution failed:
[01m[K/home/edgar/Desktop/ldlidar_ros2_ws/src/laser_consumer/src/laser_consumer.cpp:91:29:[m[K [01;36m[Knote: [m[K  ‘[01m[Kcv::Point2f[m[K’ {aka ‘[01m[Kcv::Point_<float>[m[K’} is not derived from ‘[01m[Kconst cv::Point3_<_Tp>[m[K’
   91 |                 pt1 = pt1 + [01;36m[Kcenter[m[K;
      |                             [01;36m[K^~~~~~[m[K
In file included from [01m[K/usr/include/opencv4/opencv2/core.hpp:57[m[K,
                 from [01m[K/usr/include/opencv4/opencv2/opencv.hpp:52[m[K,
                 from [01m[K/home/edgar/Desktop/ldlidar_ros2_ws/src/laser_consumer/src/laser_consumer.cpp:4[m[K:
[01m[K/usr/include/opencv4/opencv2/core/types.hpp:1799:12:[m[K [01;36m[Knote: [m[Kcandidate: ‘[01m[Ktemplate<class _Tp> cv::Size_<_Tp> cv::operator+(const cv::Size_<_Tp>&, const cv::Size_<_Tp>&)[m[K’
 1799 | Size_<_Tp> [01;36m[Koperator[m[K + (const Size_<_Tp>& a, const Size_<_Tp>& b)
      |            [01;36m[K^~~~~~~~[m[K
[01m[K/usr/include/opencv4/opencv2/core/types.hpp:1799:12:[m[K [01;36m[Knote: [m[K  template argument deduction/substitution failed:
[01m[K/home/edgar/Desktop/ldlidar_ros2_ws/src/laser_consumer/src/laser_consumer.cpp:91:29:[m[K [01;36m[Knote: [m[K  ‘[01m[Kcv::Point2f[m[K’ {aka ‘[01m[Kcv::Point_<float>[m[K’} is not derived from ‘[01m[Kconst cv::Size_<_Tp>[m[K’
   91 |                 pt1 = pt1 + [01;36m[Kcenter[m[K;
      |                             [01;36m[K^~~~~~[m[K
In file included from [01m[K/usr/include/opencv4/opencv2/core.hpp:57[m[K,
                 from [01m[K/usr/include/opencv4/opencv2/opencv.hpp:52[m[K,
                 from [01m[K/home/edgar/Desktop/ldlidar_ros2_ws/src/laser_consumer/src/laser_consumer.cpp:4[m[K:
[01m[K/usr/include/opencv4/opencv2/core/types.hpp:2012:12:[m[K [01;36m[Knote: [m[Kcandidate: ‘[01m[Ktemplate<class _Tp> cv::Rect_<_Tp> cv::operator+(const cv::Rect_<_Tp>&, const cv::Point_<_Tp>&)[m[K’
 2012 | Rect_<_Tp> [01;36m[Koperator[m[K + (const Rect_<_Tp>& a, const Point_<_Tp>& b)
      |            [01;36m[K^~~~~~~~[m[K
[01m[K/usr/include/opencv4/opencv2/core/types.hpp:2012:12:[m[K [01;36m[Knote: [m[K  template argument deduction/substitution failed:
[01m[K/home/edgar/Desktop/ldlidar_ros2_ws/src/laser_consumer/src/laser_consumer.cpp:91:29:[m[K [01;36m[Knote: [m[K  ‘[01m[Kcv::Point2f[m[K’ {aka ‘[01m[Kcv::Point_<float>[m[K’} is not derived from ‘[01m[Kconst cv::Rect_<_Tp>[m[K’
   91 |                 pt1 = pt1 + [01;36m[Kcenter[m[K;
      |                             [01;36m[K^~~~~~[m[K
In file included from [01m[K/usr/include/opencv4/opencv2/core.hpp:57[m[K,
                 from [01m[K/usr/include/opencv4/opencv2/opencv.hpp:52[m[K,
                 from [01m[K/home/edgar/Desktop/ldlidar_ros2_ws/src/laser_consumer/src/laser_consumer.cpp:4[m[K:
[01m[K/usr/include/opencv4/opencv2/core/types.hpp:2024:12:[m[K [01;36m[Knote: [m[Kcandidate: ‘[01m[Ktemplate<class _Tp> cv::Rect_<_Tp> cv::operator+(const cv::Rect_<_Tp>&, const cv::Size_<_Tp>&)[m[K’
 2024 | Rect_<_Tp> [01;36m[Koperator[m[K + (const Rect_<_Tp>& a, const Size_<_Tp>& b)
      |            [01;36m[K^~~~~~~~[m[K
[01m[K/usr/include/opencv4/opencv2/core/types.hpp:2024:12:[m[K [01;36m[Knote: [m[K  template argument deduction/substitution failed:
[01m[K/home/edgar/Desktop/ldlidar_ros2_ws/src/laser_consumer/src/laser_consumer.cpp:91:29:[m[K [01;36m[Knote: [m[K  ‘[01m[Kcv::Point2f[m[K’ {aka ‘[01m[Kcv::Point_<float>[m[K’} is not derived from ‘[01m[Kconst cv::Rect_<_Tp>[m[K’
   91 |                 pt1 = pt1 + [01;36m[Kcenter[m[K;
      |                             [01;36m[K^~~~~~[m[K
In file included from [01m[K/usr/include/opencv4/opencv2/core.hpp:57[m[K,
                 from [01m[K/usr/include/opencv4/opencv2/opencv.hpp:52[m[K,
                 from [01m[K/home/edgar/Desktop/ldlidar_ros2_ws/src/laser_consumer/src/laser_consumer.cpp:4[m[K:
[01m[K/usr/include/opencv4/opencv2/core/types.hpp:2316:14:[m[K [01;36m[Knote: [m[Kcandidate: ‘[01m[Ktemplate<class _Tp> cv::Scalar_<_Tp> cv::operator+(const cv::Scalar_<_Tp>&, const cv::Scalar_<_Tp>&)[m[K’
 2316 | Scalar_<_Tp> [01;36m[Koperator[m[K + (const Scalar_<_Tp>& a, const Scalar_<_Tp>& b)
      |              [01;36m[K^~~~~~~~[m[K
[01m[K/usr/include/opencv4/opencv2/core/types.hpp:2316:14:[m[K [01;36m[Knote: [m[K  template argument deduction/substitution failed:
[01m[K/home/edgar/Desktop/ldlidar_ros2_ws/src/laser_consumer/src/laser_consumer.cpp:91:29:[m[K [01;36m[Knote: [m[K  ‘[01m[Kcv::Point2f[m[K’ {aka ‘[01m[Kcv::Point_<float>[m[K’} is not derived from ‘[01m[Kconst cv::Scalar_<_Tp>[m[K’
   91 |                 pt1 = pt1 + [01;36m[Kcenter[m[K;
      |                             [01;36m[K^~~~~~[m[K
In file included from [01m[K/usr/include/opencv4/opencv2/core.hpp:58[m[K,
                 from [01m[K/usr/include/opencv4/opencv2/opencv.hpp:52[m[K,
                 from [01m[K/home/edgar/Desktop/ldlidar_ros2_ws/src/laser_consumer/src/laser_consumer.cpp:4[m[K:
[01m[K/usr/include/opencv4/opencv2/core/mat.hpp:3606:9:[m[K [01;36m[Knote: [m[Kcandidate: ‘[01m[Ktemplate<class _Tp, int m, int n> cv::MatExpr cv::operator+(const cv::Mat&, const cv::Matx<_Tp, m, n>&)[m[K’
 3606 | MatExpr [01;36m[Koperator[m[K + (const Mat& a, const Matx<_Tp, m, n>& b) { return a + Mat(b); }
      |         [01;36m[K^~~~~~~~[m[K
[01m[K/usr/include/opencv4/opencv2/core/mat.hpp:3606:9:[m[K [01;36m[Knote: [m[K  template argument deduction/substitution failed:
[01m[K/home/edgar/Desktop/ldlidar_ros2_ws/src/laser_consumer/src/laser_consumer.cpp:91:29:[m[K [01;36m[Knote: [m[K  ‘[01m[Kcv::Point[m[K’ {aka ‘[01m[Kcv::Point_<int>[m[K’} is not derived from ‘[01m[Kconst cv::Matx<_Tp, m, n>[m[K’
   91 |                 pt1 = pt1 + [01;36m[Kcenter[m[K;
      |                             [01;36m[K^~~~~~[m[K
In file included from [01m[K/usr/include/opencv4/opencv2/core.hpp:58[m[K,
                 from [01m[K/usr/include/opencv4/opencv2/opencv.hpp:52[m[K,
                 from [01m[K/home/edgar/Desktop/ldlidar_ros2_ws/src/laser_consumer/src/laser_consumer.cpp:4[m[K:
[01m[K/usr/include/opencv4/opencv2/core/mat.hpp:3608:9:[m[K [01;36m[Knote: [m[Kcandidate: ‘[01m[Ktemplate<class _Tp, int m, int n> cv::MatExpr cv::operator+(const cv::Matx<_Tp, m, n>&, const cv::Mat&)[m[K’
 3608 | MatExpr [01;36m[Koperator[m[K + (const Matx<_Tp, m, n>& a, const Mat& b) { return Mat(a) + b; }
      |         [01;36m[K^~~~~~~~[m[K
[01m[K/usr/include/opencv4/opencv2/core/mat.hpp:3608:9:[m[K [01;36m[Knote: [m[K  template argument deduction/substitution failed:
[01m[K/home/edgar/Desktop/ldlidar_ros2_ws/src/laser_consumer/src/laser_consumer.cpp:91:29:[m[K [01;36m[Knote: [m[K  ‘[01m[Kcv::Point2f[m[K’ {aka ‘[01m[Kcv::Point_<float>[m[K’} is not derived from ‘[01m[Kconst cv::Matx<_Tp, m, n>[m[K’
   91 |                 pt1 = pt1 + [01;36m[Kcenter[m[K;
      |                             [01;36m[K^~~~~~[m[K
In file included from [01m[K/usr/include/opencv4/opencv2/core/mat.hpp:3764[m[K,
                 from [01m[K/usr/include/opencv4/opencv2/core.hpp:58[m[K,
                 from [01m[K/usr/include/opencv4/opencv2/opencv.hpp:52[m[K,
                 from [01m[K/home/edgar/Desktop/ldlidar_ros2_ws/src/laser_consumer/src/laser_consumer.cpp:4[m[K:
[01m[K/usr/include/opencv4/opencv2/core/mat.inl.hpp:2587:24:[m[K [01;36m[Knote: [m[Kcandidate: ‘[01m[Ktemplate<class _Tp> cv::MatConstIterator_<_Tp> cv::operator+(const cv::MatConstIterator_<_Tp>&, ptrdiff_t)[m[K’
 2587 | MatConstIterator_<_Tp> [01;36m[Koperator[m[K + (const MatConstIterator_<_Tp>& a, ptrdiff_t ofs)
      |                        [01;36m[K^~~~~~~~[m[K
[01m[K/usr/include/opencv4/opencv2/core/mat.inl.hpp:2587:24:[m[K [01;36m[Knote: [m[K  template argument deduction/substitution failed:
[01m[K/home/edgar/Desktop/ldlidar_ros2_ws/src/laser_consumer/src/laser_consumer.cpp:91:29:[m[K [01;36m[Knote: [m[K  ‘[01m[Kcv::Point2f[m[K’ {aka ‘[01m[Kcv::Point_<float>[m[K’} is not derived from ‘[01m[Kconst cv::MatConstIterator_<_Tp>[m[K’
   91 |                 pt1 = pt1 + [01;36m[Kcenter[m[K;
      |                             [01;36m[K^~~~~~[m[K
In file included from [01m[K/usr/include/opencv4/opencv2/core/mat.hpp:3764[m[K,
                 from [01m[K/usr/include/opencv4/opencv2/core.hpp:58[m[K,
                 from [01m[K/usr/include/opencv4/opencv2/opencv.hpp:52[m[K,
                 from [01m[K/home/edgar/Desktop/ldlidar_ros2_ws/src/laser_consumer/src/laser_consumer.cpp:4[m[K:
[01m[K/usr/include/opencv4/opencv2/core/mat.inl.hpp:2594:24:[m[K [01;36m[Knote: [m[Kcandidate: ‘[01m[Ktemplate<class _Tp> cv::MatConstIterator_<_Tp> cv::operator+(ptrdiff_t, const cv::MatConstIterator_<_Tp>&)[m[K’
 2594 | MatConstIterator_<_Tp> [01;36m[Koperator[m[K + (ptrdiff_t ofs, const MatConstIterator_<_Tp>& a)
      |                        [01;36m[K^~~~~~~~[m[K
[01m[K/usr/include/opencv4/opencv2/core/mat.inl.hpp:2594:24:[m[K [01;36m[Knote: [m[K  template argument deduction/substitution failed:
[01m[K/home/edgar/Desktop/ldlidar_ros2_ws/src/laser_consumer/src/laser_consumer.cpp:91:29:[m[K [01;36m[Knote: [m[K  ‘[01m[Kcv::Point[m[K’ {aka ‘[01m[Kcv::Point_<int>[m[K’} is not derived from ‘[01m[Kconst cv::MatConstIterator_<_Tp>[m[K’
   91 |                 pt1 = pt1 + [01;36m[Kcenter[m[K;
      |                             [01;36m[K^~~~~~[m[K
In file included from [01m[K/usr/include/opencv4/opencv2/core/mat.hpp:3764[m[K,
                 from [01m[K/usr/include/opencv4/opencv2/core.hpp:58[m[K,
                 from [01m[K/usr/include/opencv4/opencv2/opencv.hpp:52[m[K,
                 from [01m[K/home/edgar/Desktop/ldlidar_ros2_ws/src/laser_consumer/src/laser_consumer.cpp:4[m[K:
[01m[K/usr/include/opencv4/opencv2/core/mat.inl.hpp:2724:19:[m[K [01;36m[Knote: [m[Kcandidate: ‘[01m[Ktemplate<class _Tp> cv::MatIterator_<_Tp> cv::operator+(const cv::MatIterator_<_Tp>&, ptrdiff_t)[m[K’
 2724 | MatIterator_<_Tp> [01;36m[Koperator[m[K + (const MatIterator_<_Tp>& a, ptrdiff_t ofs)
      |                   [01;36m[K^~~~~~~~[m[K
[01m[K/usr/include/opencv4/opencv2/core/mat.inl.hpp:2724:19:[m[K [01;36m[Knote: [m[K  template argument deduction/substitution failed:
[01m[K/home/edgar/Desktop/ldlidar_ros2_ws/src/laser_consumer/src/laser_consumer.cpp:91:29:[m[K [01;36m[Knote: [m[K  ‘[01m[Kcv::Point2f[m[K’ {aka ‘[01m[Kcv::Point_<float>[m[K’} is not derived from ‘[01m[Kconst cv::MatIterator_<_Tp>[m[K’
   91 |                 pt1 = pt1 + [01;36m[Kcenter[m[K;
      |                             [01;36m[K^~~~~~[m[K
In file included from [01m[K/usr/include/opencv4/opencv2/core/mat.hpp:3764[m[K,
                 from [01m[K/usr/include/opencv4/opencv2/core.hpp:58[m[K,
                 from [01m[K/usr/include/opencv4/opencv2/opencv.hpp:52[m[K,
                 from [01m[K/home/edgar/Desktop/ldlidar_ros2_ws/src/laser_consumer/src/laser_consumer.cpp:4[m[K:
[01m[K/usr/include/opencv4/opencv2/core/mat.inl.hpp:2731:19:[m[K [01;36m[Knote: [m[Kcandidate: ‘[01m[Ktemplate<class _Tp> cv::MatIterator_<_Tp> cv::operator+(ptrdiff_t, const cv::MatIterator_<_Tp>&)[m[K’
 2731 | MatIterator_<_Tp> [01;36m[Koperator[m[K + (ptrdiff_t ofs, const MatIterator_<_Tp>& a)
      |                   [01;36m[K^~~~~~~~[m[K
[01m[K/usr/include/opencv4/opencv2/core/mat.inl.hpp:2731:19:[m[K [01;36m[Knote: [m[K  template argument deduction/substitution failed:
[01m[K/home/edgar/Desktop/ldlidar_ros2_ws/src/laser_consumer/src/laser_consumer.cpp:91:29:[m[K [01;36m[Knote: [m[K  ‘[01m[Kcv::Point[m[K’ {aka ‘[01m[Kcv::Point_<int>[m[K’} is not derived from ‘[01m[Kconst cv::MatIterator_<_Tp>[m[K’
   91 |                 pt1 = pt1 + [01;36m[Kcenter[m[K;
      |                             [01;36m[K^~~~~~[m[K
In file included from [01m[K/usr/include/opencv4/opencv2/core.hpp:57[m[K,
                 from [01m[K/usr/include/opencv4/opencv2/opencv.hpp:52[m[K,
                 from [01m[K/home/edgar/Desktop/ldlidar_ros2_ws/src/laser_consumer/src/laser_consumer.cpp:4[m[K:
[01m[K/usr/include/opencv4/opencv2/core/types.hpp:2146:7:[m[K [01;36m[Knote: [m[Kcandidate: ‘[01m[Kcv::Range cv::operator+(const cv::Range&, int)[m[K’
 2146 | Range [01;36m[Koperator[m[K + (const Range& r1, int delta)
      |       [01;36m[K^~~~~~~~[m[K
[01m[K/usr/include/opencv4/opencv2/core/types.hpp:2146:32:[m[K [01;36m[Knote: [m[K  no known conversion for argument 1 from ‘[01m[Kcv::Point2f[m[K’ {aka ‘[01m[Kcv::Point_<float>[m[K’} to ‘[01m[Kconst cv::Range&[m[K’
 2146 | Range operator + ([01;36m[Kconst Range& r1[m[K, int delta)
      |                   [01;36m[K~~~~~~~~~~~~~^~[m[K
[01m[K/usr/include/opencv4/opencv2/core/types.hpp:2152:7:[m[K [01;36m[Knote: [m[Kcandidate: ‘[01m[Kcv::Range cv::operator+(int, const cv::Range&)[m[K’
 2152 | Range [01;36m[Koperator[m[K + (int delta, const Range& r1)
      |       [01;36m[K^~~~~~~~[m[K
[01m[K/usr/include/opencv4/opencv2/core/types.hpp:2152:23:[m[K [01;36m[Knote: [m[K  no known conversion for argument 1 from ‘[01m[Kcv::Point2f[m[K’ {aka ‘[01m[Kcv::Point_<float>[m[K’} to ‘[01m[Kint[m[K’
 2152 | Range operator + ([01;36m[Kint delta[m[K, const Range& r1)
      |                   [01;36m[K~~~~^~~~~[m[K
In file included from [01m[K/usr/include/opencv4/opencv2/core.hpp:58[m[K,
                 from [01m[K/usr/include/opencv4/opencv2/opencv.hpp:52[m[K,
                 from [01m[K/home/edgar/Desktop/ldlidar_ros2_ws/src/laser_consumer/src/laser_consumer.cpp:4[m[K:
[01m[K/usr/include/opencv4/opencv2/core/mat.hpp:3597:20:[m[K [01;36m[Knote: [m[Kcandidate: ‘[01m[Kcv::MatExpr cv::operator+(const cv::Mat&, const cv::Mat&)[m[K’
 3597 | CV_EXPORTS MatExpr [01;36m[Koperator[m[K + (const Mat& a, const Mat& b);
      |                    [01;36m[K^~~~~~~~[m[K
[01m[K/usr/include/opencv4/opencv2/core/mat.hpp:3597:43:[m[K [01;36m[Knote: [m[K  no known conversion for argument 1 from ‘[01m[Kcv::Point2f[m[K’ {aka ‘[01m[Kcv::Point_<float>[m[K’} to ‘[01m[Kconst cv::Mat&[m[K’
 3597 | CV_EXPORTS MatExpr operator + ([01;36m[Kconst Mat& a[m[K, const Mat& b);
      |                                [01;36m[K~~~~~~~~~~~^[m[K
[01m[K/usr/include/opencv4/opencv2/core/mat.hpp:3598:20:[m[K [01;36m[Knote: [m[Kcandidate: ‘[01m[Kcv::MatExpr cv::operator+(const cv::Mat&, const Scalar&)[m[K’
 3598 | CV_EXPORTS MatExpr [01;36m[Koperator[m[K + (const Mat& a, const Scalar& s);
      |                    [01;36m[K^~~~~~~~[m[K
[01m[K/usr/include/opencv4/opencv2/core/mat.hpp:3598:43:[m[K [01;36m[Knote: [m[K  no known conversion for argument 1 from ‘[01m[Kcv::Point2f[m[K’ {aka ‘[01m[Kcv::Point_<float>[m[K’} to ‘[01m[Kconst cv::Mat&[m[K’
 3598 | CV_EXPORTS MatExpr operator + ([01;36m[Kconst Mat& a[m[K, const Scalar& s);
      |                                [01;36m[K~~~~~~~~~~~^[m[K
[01m[K/usr/include/opencv4/opencv2/core/mat.hpp:3599:20:[m[K [01;36m[Knote: [m[Kcandidate: ‘[01m[Kcv::MatExpr cv::operator+(const Scalar&, const cv::Mat&)[m[K’
 3599 | CV_EXPORTS MatExpr [01;36m[Koperator[m[K + (const Scalar& s, const Mat& a);
      |                    [01;36m[K^~~~~~~~[m[K
[01m[K/usr/include/opencv4/opencv2/core/mat.hpp:3599:46:[m[K [01;36m[Knote: [m[K  no known conversion for argument 1 from ‘[01m[Kcv::Point2f[m[K’ {aka ‘[01m[Kcv::Point_<float>[m[K’} to ‘[01m[Kconst Scalar&[m[K’ {aka ‘[01m[Kconst cv::Scalar_<double>&[m[K’}
 3599 | CV_EXPORTS MatExpr operator + ([01;36m[Kconst Scalar& s[m[K, const Mat& a);
      |                                [01;36m[K~~~~~~~~~~~~~~^[m[K
[01m[K/usr/include/opencv4/opencv2/core/mat.hpp:3600:20:[m[K [01;36m[Knote: [m[Kcandidate: ‘[01m[Kcv::MatExpr cv::operator+(const cv::MatExpr&, const cv::Mat&)[m[K’
 3600 | CV_EXPORTS MatExpr [01;36m[Koperator[m[K + (const MatExpr& e, const Mat& m);
      |                    [01;36m[K^~~~~~~~[m[K
[01m[K/usr/include/opencv4/opencv2/core/mat.hpp:3600:47:[m[K [01;36m[Knote: [m[K  no known conversion for argument 1 from ‘[01m[Kcv::Point2f[m[K’ {aka ‘[01m[Kcv::Point_<float>[m[K’} to ‘[01m[Kconst cv::MatExpr&[m[K’
 3600 | CV_EXPORTS MatExpr operator + ([01;36m[Kconst MatExpr& e[m[K, const Mat& m);
      |                                [01;36m[K~~~~~~~~~~~~~~~^[m[K
[01m[K/usr/include/opencv4/opencv2/core/mat.hpp:3601:20:[m[K [01;36m[Knote: [m[Kcandidate: ‘[01m[Kcv::MatExpr cv::operator+(const cv::Mat&, const cv::MatExpr&)[m[K’
 3601 | CV_EXPORTS MatExpr [01;36m[Koperator[m[K + (const Mat& m, const MatExpr& e);
      |                    [01;36m[K^~~~~~~~[m[K
[01m[K/usr/include/opencv4/opencv2/core/mat.hpp:3601:43:[m[K [01;36m[Knote: [m[K  no known conversion for argument 1 from ‘[01m[Kcv::Point2f[m[K’ {aka ‘[01m[Kcv::Point_<float>[m[K’} to ‘[01m[Kconst cv::Mat&[m[K’
 3601 | CV_EXPORTS MatExpr operator + ([01;36m[Kconst Mat& m[m[K, const MatExpr& e);
      |                                [01;36m[K~~~~~~~~~~~^[m[K
[01m[K/usr/include/opencv4/opencv2/core/mat.hpp:3602:20:[m[K [01;36m[Knote: [m[Kcandidate: ‘[01m[Kcv::MatExpr cv::operator+(const cv::MatExpr&, const Scalar&)[m[K’
 3602 | CV_EXPORTS MatExpr [01;36m[Koperator[m[K + (const MatExpr& e, const Scalar& s);
      |                    [01;36m[K^~~~~~~~[m[K
[01m[K/usr/include/opencv4/opencv2/core/mat.hpp:3602:47:[m[K [01;36m[Knote: [m[K  no known conversion for argument 1 from ‘[01m[Kcv::Point2f[m[K’ {aka ‘[01m[Kcv::Point_<float>[m[K’} to ‘[01m[Kconst cv::MatExpr&[m[K’
 3602 | CV_EXPORTS MatExpr operator + ([01;36m[Kconst MatExpr& e[m[K, const Scalar& s);
      |                                [01;36m[K~~~~~~~~~~~~~~~^[m[K
[01m[K/usr/include/opencv4/opencv2/core/mat.hpp:3603:20:[m[K [01;36m[Knote: [m[Kcandidate: ‘[01m[Kcv::MatExpr cv::operator+(const Scalar&, const cv::MatExpr&)[m[K’
 3603 | CV_EXPORTS MatExpr [01;36m[Koperator[m[K + (const Scalar& s, const MatExpr& e);
      |                    [01;36m[K^~~~~~~~[m[K
[01m[K/usr/include/opencv4/opencv2/core/mat.hpp:3603:46:[m[K [01;36m[Knote: [m[K  no known conversion for argument 1 from ‘[01m[Kcv::Point2f[m[K’ {aka ‘[01m[Kcv::Point_<float>[m[K’} to ‘[01m[Kconst Scalar&[m[K’ {aka ‘[01m[Kconst cv::Scalar_<double>&[m[K’}
 3603 | CV_EXPORTS MatExpr operator + ([01;36m[Kconst Scalar& s[m[K, const MatExpr& e);
      |                                [01;36m[K~~~~~~~~~~~~~~^[m[K
[01m[K/usr/include/opencv4/opencv2/core/mat.hpp:3604:20:[m[K [01;36m[Knote: [m[Kcandidate: ‘[01m[Kcv::MatExpr cv::operator+(const cv::MatExpr&, const cv::MatExpr&)[m[K’
 3604 | CV_EXPORTS MatExpr [01;36m[Koperator[m[K + (const MatExpr& e1, const MatExpr& e2);
      |                    [01;36m[K^~~~~~~~[m[K
[01m[K/usr/include/opencv4/opencv2/core/mat.hpp:3604:47:[m[K [01;36m[Knote: [m[K  no known conversion for argument 1 from ‘[01m[Kcv::Point2f[m[K’ {aka ‘[01m[Kcv::Point_<float>[m[K’} to ‘[01m[Kconst cv::MatExpr&[m[K’
 3604 | CV_EXPORTS MatExpr operator + ([01;36m[Kconst MatExpr& e1[m[K, const MatExpr& e2);
      |                                [01;36m[K~~~~~~~~~~~~~~~^~[m[K
In file included from [01m[K/usr/include/opencv4/opencv2/core/mat.hpp:3764[m[K,
                 from [01m[K/usr/include/opencv4/opencv2/core.hpp:58[m[K,
                 from [01m[K/usr/include/opencv4/opencv2/opencv.hpp:52[m[K,
                 from [01m[K/home/edgar/Desktop/ldlidar_ros2_ws/src/laser_consumer/src/laser_consumer.cpp:4[m[K:
[01m[K/usr/include/opencv4/opencv2/core/mat.inl.hpp:2439:18:[m[K [01;36m[Knote: [m[Kcandidate: ‘[01m[Kcv::MatConstIterator cv::operator+(const cv::MatConstIterator&, ptrdiff_t)[m[K’
 2439 | MatConstIterator [01;36m[Koperator[m[K + (const MatConstIterator& a, ptrdiff_t ofs)
      |                  [01;36m[K^~~~~~~~[m[K
[01m[K/usr/include/opencv4/opencv2/core/mat.inl.hpp:2439:54:[m[K [01;36m[Knote: [m[K  no known conversion for argument 1 from ‘[01m[Kcv::Point2f[m[K’ {aka ‘[01m[Kcv::Point_<float>[m[K’} to ‘[01m[Kconst cv::MatConstIterator&[m[K’
 2439 | MatConstIterator operator + ([01;36m[Kconst MatConstIterator& a[m[K, ptrdiff_t ofs)
      |                              [01;36m[K~~~~~~~~~~~~~~~~~~~~~~~~^[m[K
[01m[K/usr/include/opencv4/opencv2/core/mat.inl.hpp:2446:18:[m[K [01;36m[Knote: [m[Kcandidate: ‘[01m[Kcv::MatConstIterator cv::operator+(ptrdiff_t, const cv::MatConstIterator&)[m[K’
 2446 | MatConstIterator [01;36m[Koperator[m[K + (ptrdiff_t ofs, const MatConstIterator& a)
      |                  [01;36m[K^~~~~~~~[m[K
[01m[K/usr/include/opencv4/opencv2/core/mat.inl.hpp:2446:40:[m[K [01;36m[Knote: [m[K  no known conversion for argument 1 from ‘[01m[Kcv::Point2f[m[K’ {aka ‘[01m[Kcv::Point_<float>[m[K’} to ‘[01m[Kptrdiff_t[m[K’ {aka ‘[01m[Klong int[m[K’}
 2446 | MatConstIterator operator + ([01;36m[Kptrdiff_t ofs[m[K, const MatConstIterator& a)
      |                              [01;36m[K~~~~~~~~~~^~~[m[K
[01m[K/home/edgar/Desktop/ldlidar_ros2_ws/src/laser_consumer/src/laser_consumer.cpp:92:27:[m[K [01;31m[Kerror: [m[Kno match for ‘[01m[Koperator+[m[K’ (operand types are ‘[01m[Kcv::Point2f[m[K’ {aka ‘[01m[Kcv::Point_<float>[m[K’} and ‘[01m[Kcv::Point[m[K’ {aka ‘[01m[Kcv::Point_<int>[m[K’})
   92 |                 pt2 = [32m[Kpt2[m[K [01;31m[K+[m[K [34m[Kcenter[m[K;
      |                       [32m[K~~~[m[K [01;31m[K^[m[K [34m[K~~~~~~[m[K
      |                       [32m[K|[m[K     [34m[K|[m[K
      |                       [32m[K|[m[K     [34m[KPoint_<int>[m[K
      |                       [32m[KPoint_<float>[m[K
In file included from [01m[K/usr/include/opencv4/opencv2/core.hpp:56[m[K,
                 from [01m[K/usr/include/opencv4/opencv2/opencv.hpp:52[m[K,
                 from [01m[K/home/edgar/Desktop/ldlidar_ros2_ws/src/laser_consumer/src/laser_consumer.cpp:4[m[K:
[01m[K/usr/include/opencv4/opencv2/core/matx.hpp:1210:17:[m[K [01;36m[Knote: [m[Kcandidate: ‘[01m[Ktemplate<class _Tp, int m, int n> cv::Matx<_Tp, m, n> cv::operator+(const cv::Matx<_Tp, m, n>&, const cv::Matx<_Tp, m, n>&)[m[K’
 1210 | Matx<_Tp, m, n> [01;36m[Koperator[m[K + (const Matx<_Tp, m, n>& a, const Matx<_Tp, m, n>& b)
      |                 [01;36m[K^~~~~~~~[m[K
[01m[K/usr/include/opencv4/opencv2/core/matx.hpp:1210:17:[m[K [01;36m[Knote: [m[K  template argument deduction/substitution failed:
[01m[K/home/edgar/Desktop/ldlidar_ros2_ws/src/laser_consumer/src/laser_consumer.cpp:92:29:[m[K [01;36m[Knote: [m[K  ‘[01m[Kcv::Point2f[m[K’ {aka ‘[01m[Kcv::Point_<float>[m[K’} is not derived from ‘[01m[Kconst cv::Matx<_Tp, m, n>[m[K’
   92 |                 pt2 = pt2 + [01;36m[Kcenter[m[K;
      |                             [01;36m[K^~~~~~[m[K
In file included from [01m[K/usr/include/opencv4/opencv2/core.hpp:56[m[K,
                 from [01m[K/usr/include/opencv4/opencv2/opencv.hpp:52[m[K,
                 from [01m[K/home/edgar/Desktop/ldlidar_ros2_ws/src/laser_consumer/src/laser_consumer.cpp:4[m[K:
[01m[K/usr/include/opencv4/opencv2/core/matx.hpp:1366:14:[m[K [01;36m[Knote: [m[Kcandidate: ‘[01m[Ktemplate<class _Tp, int cn> cv::Vec<_Tp, m> cv::operator+(const cv::Vec<_Tp, m>&, const cv::Vec<_Tp, m>&)[m[K’
 1366 | Vec<_Tp, cn> [01;36m[Koperator[m[K + (const Vec<_Tp, cn>& a, const Vec<_Tp, cn>& b)
      |              [01;36m[K^~~~~~~~[m[K
[01m[K/usr/include/opencv4/opencv2/core/matx.hpp:1366:14:[m[K [01;36m[Knote: [m[K  template argument deduction/substitution failed:
[01m[K/home/edgar/Desktop/ldlidar_ros2_ws/src/laser_consumer/src/laser_consumer.cpp:92:29:[m[K [01;36m[Knote: [m[K  ‘[01m[Kcv::Point2f[m[K’ {aka ‘[01m[Kcv::Point_<float>[m[K’} is not derived from ‘[01m[Kconst cv::Vec<_Tp, m>[m[K’
   92 |                 pt2 = pt2 + [01;36m[Kcenter[m[K;
      |                             [01;36m[K^~~~~~[m[K
In file included from [01m[K/usr/include/opencv4/opencv2/core.hpp:57[m[K,
                 from [01m[K/usr/include/opencv4/opencv2/opencv.hpp:52[m[K,
                 from [01m[K/home/edgar/Desktop/ldlidar_ros2_ws/src/laser_consumer/src/laser_consumer.cpp:4[m[K:
[01m[K/usr/include/opencv4/opencv2/core/types.hpp:1041:14:[m[K [01;36m[Knote: [m[Kcandidate: ‘[01m[Ktemplate<class _Tp> cv::Complex<_Tp> cv::operator+(const cv::Complex<_Tp>&, const cv::Complex<_Tp>&)[m[K’
 1041 | Complex<_Tp> [01;36m[Koperator[m[K + (const Complex<_Tp>& a, const Complex<_Tp>& b)
      |              [01;36m[K^~~~~~~~[m[K
[01m[K/usr/include/opencv4/opencv2/core/types.hpp:1041:14:[m[K [01;36m[Knote: [m[K  template argument deduction/substitution failed:
[01m[K/home/edgar/Desktop/ldlidar_ros2_ws/src/laser_consumer/src/laser_consumer.cpp:92:29:[m[K [01;36m[Knote: [m[K  ‘[01m[Kcv::Point2f[m[K’ {aka ‘[01m[Kcv::Point_<float>[m[K’} is not derived from ‘[01m[Kconst cv::Complex<_Tp>[m[K’
   92 |                 pt2 = pt2 + [01;36m[Kcenter[m[K;
      |                             [01;36m[K^~~~~~[m[K
In file included from [01m[K/usr/include/opencv4/opencv2/core.hpp:57[m[K,
                 from [01m[K/usr/include/opencv4/opencv2/opencv.hpp:52[m[K,
                 from [01m[K/home/edgar/Desktop/ldlidar_ros2_ws/src/laser_consumer/src/laser_consumer.cpp:4[m[K:
[01m[K/usr/include/opencv4/opencv2/core/types.hpp:1091:14:[m[K [01;36m[Knote: [m[Kcandidate: ‘[01m[Ktemplate<class _Tp> cv::Complex<_Tp> cv::operator+(const cv::Complex<_Tp>&, _Tp)[m[K’
 1091 | Complex<_Tp> [01;36m[Koperator[m[K + (const Complex<_Tp>& a, _Tp b)
      |              [01;36m[K^~~~~~~~[m[K
[01m[K/usr/include/opencv4/opencv2/core/types.hpp:1091:14:[m[K [01;36m[Knote: [m[K  template argument deduction/substitution failed:
[01m[K/home/edgar/Desktop/ldlidar_ros2_ws/src/laser_consumer/src/laser_consumer.cpp:92:29:[m[K [01;36m[Knote: [m[K  ‘[01m[Kcv::Point2f[m[K’ {aka ‘[01m[Kcv::Point_<float>[m[K’} is not derived from ‘[01m[Kconst cv::Complex<_Tp>[m[K’
   92 |                 pt2 = pt2 + [01;36m[Kcenter[m[K;
      |                             [01;36m[K^~~~~~[m[K
In file included from [01m[K/usr/include/opencv4/opencv2/core.hpp:57[m[K,
                 from [01m[K/usr/include/opencv4/opencv2/opencv.hpp:52[m[K,
                 from [01m[K/home/edgar/Desktop/ldlidar_ros2_ws/src/laser_consumer/src/laser_consumer.cpp:4[m[K:
[01m[K/usr/include/opencv4/opencv2/core/types.hpp:1101:14:[m[K [01;36m[Knote: [m[Kcandidate: ‘[01m[Ktemplate<class _Tp> cv::Complex<_Tp> cv::operator+(_Tp, const cv::Complex<_Tp>&)[m[K’
 1101 | Complex<_Tp> [01;36m[Koperator[m[K + (_Tp b, const Complex<_Tp>& a)
      |              [01;36m[K^~~~~~~~[m[K
[01m[K/usr/include/opencv4/opencv2/core/types.hpp:1101:14:[m[K [01;36m[Knote: [m[K  template argument deduction/substitution failed:
[01m[K/home/edgar/Desktop/ldlidar_ros2_ws/src/laser_consumer/src/laser_consumer.cpp:92:29:[m[K [01;36m[Knote: [m[K  ‘[01m[Kcv::Point[m[K’ {aka ‘[01m[Kcv::Point_<int>[m[K’} is not derived from ‘[01m[Kconst cv::Complex<_Tp>[m[K’
   92 |                 pt2 = pt2 + [01;36m[Kcenter[m[K;
      |                             [01;36m[K^~~~~~[m[K
In file included from [01m[K/usr/include/opencv4/opencv2/core.hpp:57[m[K,
                 from [01m[K/usr/include/opencv4/opencv2/opencv.hpp:52[m[K,
                 from [01m[K/home/edgar/Desktop/ldlidar_ros2_ws/src/laser_consumer/src/laser_consumer.cpp:4[m[K:
[01m[K/usr/include/opencv4/opencv2/core/types.hpp:1333:13:[m[K [01;36m[Knote: [m[Kcandidate: ‘[01m[Ktemplate<class _Tp> cv::Point_<_Tp> cv::operator+(const cv::Point_<_Tp>&, const cv::Point_<_Tp>&)[m[K’
 1333 | Point_<_Tp> [01;36m[Koperator[m[K + (const Point_<_Tp>& a, const Point_<_Tp>& b)
      |             [01;36m[K^~~~~~~~[m[K
[01m[K/usr/include/opencv4/opencv2/core/types.hpp:1333:13:[m[K [01;36m[Knote: [m[K  template argument deduction/substitution failed:
[01m[K/home/edgar/Desktop/ldlidar_ros2_ws/src/laser_consumer/src/laser_consumer.cpp:92:29:[m[K [01;36m[Knote: [m[K  deduced conflicting types for parameter ‘[01m[K_Tp[m[K’ (‘[01m[Kfloat[m[K’ and ‘[01m[Kint[m[K’)
   92 |                 pt2 = pt2 + [01;36m[Kcenter[m[K;
      |                             [01;36m[K^~~~~~[m[K
In file included from [01m[K/usr/include/opencv4/opencv2/core.hpp:57[m[K,
                 from [01m[K/usr/include/opencv4/opencv2/opencv.hpp:52[m[K,
                 from [01m[K/home/edgar/Desktop/ldlidar_ros2_ws/src/laser_consumer/src/laser_consumer.cpp:4[m[K:
[01m[K/usr/include/opencv4/opencv2/core/types.hpp:1602:14:[m[K [01;36m[Knote: [m[Kcandidate: ‘[01m[Ktemplate<class _Tp> cv::Point3_<_Tp> cv::operator+(const cv::Point3_<_Tp>&, const cv::Point3_<_Tp>&)[m[K’
 1602 | Point3_<_Tp> [01;36m[Koperator[m[K + (const Point3_<_Tp>& a, const Point3_<_Tp>& b)
      |              [01;36m[K^~~~~~~~[m[K
[01m[K/usr/include/opencv4/opencv2/core/types.hpp:1602:14:[m[K [01;36m[Knote: [m[K  template argument deduction/substitution failed:
[01m[K/home/edgar/Desktop/ldlidar_ros2_ws/src/laser_consumer/src/laser_consumer.cpp:92:29:[m[K [01;36m[Knote: [m[K  ‘[01m[Kcv::Point2f[m[K’ {aka ‘[01m[Kcv::Point_<float>[m[K’} is not derived from ‘[01m[Kconst cv::Point3_<_Tp>[m[K’
   92 |                 pt2 = pt2 + [01;36m[Kcenter[m[K;
      |                             [01;36m[K^~~~~~[m[K
In file included from [01m[K/usr/include/opencv4/opencv2/core.hpp:57[m[K,
                 from [01m[K/usr/include/opencv4/opencv2/opencv.hpp:52[m[K,
                 from [01m[K/home/edgar/Desktop/ldlidar_ros2_ws/src/laser_consumer/src/laser_consumer.cpp:4[m[K:
[01m[K/usr/include/opencv4/opencv2/core/types.hpp:1799:12:[m[K [01;36m[Knote: [m[Kcandidate: ‘[01m[Ktemplate<class _Tp> cv::Size_<_Tp> cv::operator+(const cv::Size_<_Tp>&, const cv::Size_<_Tp>&)[m[K’
 1799 | Size_<_Tp> [01;36m[Koperator[m[K + (const Size_<_Tp>& a, const Size_<_Tp>& b)
      |            [01;36m[K^~~~~~~~[m[K
[01m[K/usr/include/opencv4/opencv2/core/types.hpp:1799:12:[m[K [01;36m[Knote: [m[K  template argument deduction/substitution failed:
[01m[K/home/edgar/Desktop/ldlidar_ros2_ws/src/laser_consumer/src/laser_consumer.cpp:92:29:[m[K [01;36m[Knote: [m[K  ‘[01m[Kcv::Point2f[m[K’ {aka ‘[01m[Kcv::Point_<float>[m[K’} is not derived from ‘[01m[Kconst cv::Size_<_Tp>[m[K’
   92 |                 pt2 = pt2 + [01;36m[Kcenter[m[K;
      |                             [01;36m[K^~~~~~[m[K
In file included from [01m[K/usr/include/opencv4/opencv2/core.hpp:57[m[K,
                 from [01m[K/usr/include/opencv4/opencv2/opencv.hpp:52[m[K,
                 from [01m[K/home/edgar/Desktop/ldlidar_ros2_ws/src/laser_consumer/src/laser_consumer.cpp:4[m[K:
[01m[K/usr/include/opencv4/opencv2/core/types.hpp:2012:12:[m[K [01;36m[Knote: [m[Kcandidate: ‘[01m[Ktemplate<class _Tp> cv::Rect_<_Tp> cv::operator+(const cv::Rect_<_Tp>&, const cv::Point_<_Tp>&)[m[K’
 2012 | Rect_<_Tp> [01;36m[Koperator[m[K + (const Rect_<_Tp>& a, const Point_<_Tp>& b)
      |            [01;36m[K^~~~~~~~[m[K
[01m[K/usr/include/opencv4/opencv2/core/types.hpp:2012:12:[m[K [01;36m[Knote: [m[K  template argument deduction/substitution failed:
[01m[K/home/edgar/Desktop/ldlidar_ros2_ws/src/laser_consumer/src/laser_consumer.cpp:92:29:[m[K [01;36m[Knote: [m[K  ‘[01m[Kcv::Point2f[m[K’ {aka ‘[01m[Kcv::Point_<float>[m[K’} is not derived from ‘[01m[Kconst cv::Rect_<_Tp>[m[K’
   92 |                 pt2 = pt2 + [01;36m[Kcenter[m[K;
      |                             [01;36m[K^~~~~~[m[K
In file included from [01m[K/usr/include/opencv4/opencv2/core.hpp:57[m[K,
                 from [01m[K/usr/include/opencv4/opencv2/opencv.hpp:52[m[K,
                 from [01m[K/home/edgar/Desktop/ldlidar_ros2_ws/src/laser_consumer/src/laser_consumer.cpp:4[m[K:
[01m[K/usr/include/opencv4/opencv2/core/types.hpp:2024:12:[m[K [01;36m[Knote: [m[Kcandidate: ‘[01m[Ktemplate<class _Tp> cv::Rect_<_Tp> cv::operator+(const cv::Rect_<_Tp>&, const cv::Size_<_Tp>&)[m[K’
 2024 | Rect_<_Tp> [01;36m[Koperator[m[K + (const Rect_<_Tp>& a, const Size_<_Tp>& b)
      |            [01;36m[K^~~~~~~~[m[K
[01m[K/usr/include/opencv4/opencv2/core/types.hpp:2024:12:[m[K [01;36m[Knote: [m[K  template argument deduction/substitution failed:
[01m[K/home/edgar/Desktop/ldlidar_ros2_ws/src/laser_consumer/src/laser_consumer.cpp:92:29:[m[K [01;36m[Knote: [m[K  ‘[01m[Kcv::Point2f[m[K’ {aka ‘[01m[Kcv::Point_<float>[m[K’} is not derived from ‘[01m[Kconst cv::Rect_<_Tp>[m[K’
   92 |                 pt2 = pt2 + [01;36m[Kcenter[m[K;
      |                             [01;36m[K^~~~~~[m[K
In file included from [01m[K/usr/include/opencv4/opencv2/core.hpp:57[m[K,
                 from [01m[K/usr/include/opencv4/opencv2/opencv.hpp:52[m[K,
                 from [01m[K/home/edgar/Desktop/ldlidar_ros2_ws/src/laser_consumer/src/laser_consumer.cpp:4[m[K:
[01m[K/usr/include/opencv4/opencv2/core/types.hpp:2316:14:[m[K [01;36m[Knote: [m[Kcandidate: ‘[01m[Ktemplate<class _Tp> cv::Scalar_<_Tp> cv::operator+(const cv::Scalar_<_Tp>&, const cv::Scalar_<_Tp>&)[m[K’
 2316 | Scalar_<_Tp> [01;36m[Koperator[m[K + (const Scalar_<_Tp>& a, const Scalar_<_Tp>& b)
      |              [01;36m[K^~~~~~~~[m[K
[01m[K/usr/include/opencv4/opencv2/core/types.hpp:2316:14:[m[K [01;36m[Knote: [m[K  template argument deduction/substitution failed:
[01m[K/home/edgar/Desktop/ldlidar_ros2_ws/src/laser_consumer/src/laser_consumer.cpp:92:29:[m[K [01;36m[Knote: [m[K  ‘[01m[Kcv::Point2f[m[K’ {aka ‘[01m[Kcv::Point_<float>[m[K’} is not derived from ‘[01m[Kconst cv::Scalar_<_Tp>[m[K’
   92 |                 pt2 = pt2 + [01;36m[Kcenter[m[K;
      |                             [01;36m[K^~~~~~[m[K
In file included from [01m[K/usr/include/opencv4/opencv2/core.hpp:58[m[K,
                 from [01m[K/usr/include/opencv4/opencv2/opencv.hpp:52[m[K,
                 from [01m[K/home/edgar/Desktop/ldlidar_ros2_ws/src/laser_consumer/src/laser_consumer.cpp:4[m[K:
[01m[K/usr/include/opencv4/opencv2/core/mat.hpp:3606:9:[m[K [01;36m[Knote: [m[Kcandidate: ‘[01m[Ktemplate<class _Tp, int m, int n> cv::MatExpr cv::operator+(const cv::Mat&, const cv::Matx<_Tp, m, n>&)[m[K’
 3606 | MatExpr [01;36m[Koperator[m[K + (const Mat& a, const Matx<_Tp, m, n>& b) { return a + Mat(b); }
      |         [01;36m[K^~~~~~~~[m[K
[01m[K/usr/include/opencv4/opencv2/core/mat.hpp:3606:9:[m[K [01;36m[Knote: [m[K  template argument deduction/substitution failed:
[01m[K/home/edgar/Desktop/ldlidar_ros2_ws/src/laser_consumer/src/laser_consumer.cpp:92:29:[m[K [01;36m[Knote: [m[K  ‘[01m[Kcv::Point[m[K’ {aka ‘[01m[Kcv::Point_<int>[m[K’} is not derived from ‘[01m[Kconst cv::Matx<_Tp, m, n>[m[K’
   92 |                 pt2 = pt2 + [01;36m[Kcenter[m[K;
      |                             [01;36m[K^~~~~~[m[K
In file included from [01m[K/usr/include/opencv4/opencv2/core.hpp:58[m[K,
                 from [01m[K/usr/include/opencv4/opencv2/opencv.hpp:52[m[K,
                 from [01m[K/home/edgar/Desktop/ldlidar_ros2_ws/src/laser_consumer/src/laser_consumer.cpp:4[m[K:
[01m[K/usr/include/opencv4/opencv2/core/mat.hpp:3608:9:[m[K [01;36m[Knote: [m[Kcandidate: ‘[01m[Ktemplate<class _Tp, int m, int n> cv::MatExpr cv::operator+(const cv::Matx<_Tp, m, n>&, const cv::Mat&)[m[K’
 3608 | MatExpr [01;36m[Koperator[m[K + (const Matx<_Tp, m, n>& a, const Mat& b) { return Mat(a) + b; }
      |         [01;36m[K^~~~~~~~[m[K
[01m[K/usr/include/opencv4/opencv2/core/mat.hpp:3608:9:[m[K [01;36m[Knote: [m[K  template argument deduction/substitution failed:
[01m[K/home/edgar/Desktop/ldlidar_ros2_ws/src/laser_consumer/src/laser_consumer.cpp:92:29:[m[K [01;36m[Knote: [m[K  ‘[01m[Kcv::Point2f[m[K’ {aka ‘[01m[Kcv::Point_<float>[m[K’} is not derived from ‘[01m[Kconst cv::Matx<_Tp, m, n>[m[K’
   92 |                 pt2 = pt2 + [01;36m[Kcenter[m[K;
      |                             [01;36m[K^~~~~~[m[K
In file included from [01m[K/usr/include/opencv4/opencv2/core/mat.hpp:3764[m[K,
                 from [01m[K/usr/include/opencv4/opencv2/core.hpp:58[m[K,
                 from [01m[K/usr/include/opencv4/opencv2/opencv.hpp:52[m[K,
                 from [01m[K/home/edgar/Desktop/ldlidar_ros2_ws/src/laser_consumer/src/laser_consumer.cpp:4[m[K:
[01m[K/usr/include/opencv4/opencv2/core/mat.inl.hpp:2587:24:[m[K [01;36m[Knote: [m[Kcandidate: ‘[01m[Ktemplate<class _Tp> cv::MatConstIterator_<_Tp> cv::operator+(const cv::MatConstIterator_<_Tp>&, ptrdiff_t)[m[K’
 2587 | MatConstIterator_<_Tp> [01;36m[Koperator[m[K + (const MatConstIterator_<_Tp>& a, ptrdiff_t ofs)
      |                        [01;36m[K^~~~~~~~[m[K
[01m[K/usr/include/opencv4/opencv2/core/mat.inl.hpp:2587:24:[m[K [01;36m[Knote: [m[K  template argument deduction/substitution failed:
[01m[K/home/edgar/Desktop/ldlidar_ros2_ws/src/laser_consumer/src/laser_consumer.cpp:92:29:[m[K [01;36m[Knote: [m[K  ‘[01m[Kcv::Point2f[m[K’ {aka ‘[01m[Kcv::Point_<float>[m[K’} is not derived from ‘[01m[Kconst cv::MatConstIterator_<_Tp>[m[K’
   92 |                 pt2 = pt2 + [01;36m[Kcenter[m[K;
      |                             [01;36m[K^~~~~~[m[K
In file included from [01m[K/usr/include/opencv4/opencv2/core/mat.hpp:3764[m[K,
                 from [01m[K/usr/include/opencv4/opencv2/core.hpp:58[m[K,
                 from [01m[K/usr/include/opencv4/opencv2/opencv.hpp:52[m[K,
                 from [01m[K/home/edgar/Desktop/ldlidar_ros2_ws/src/laser_consumer/src/laser_consumer.cpp:4[m[K:
[01m[K/usr/include/opencv4/opencv2/core/mat.inl.hpp:2594:24:[m[K [01;36m[Knote: [m[Kcandidate: ‘[01m[Ktemplate<class _Tp> cv::MatConstIterator_<_Tp> cv::operator+(ptrdiff_t, const cv::MatConstIterator_<_Tp>&)[m[K’
 2594 | MatConstIterator_<_Tp> [01;36m[Koperator[m[K + (ptrdiff_t ofs, const MatConstIterator_<_Tp>& a)
      |                        [01;36m[K^~~~~~~~[m[K
[01m[K/usr/include/opencv4/opencv2/core/mat.inl.hpp:2594:24:[m[K [01;36m[Knote: [m[K  template argument deduction/substitution failed:
[01m[K/home/edgar/Desktop/ldlidar_ros2_ws/src/laser_consumer/src/laser_consumer.cpp:92:29:[m[K [01;36m[Knote: [m[K  ‘[01m[Kcv::Point[m[K’ {aka ‘[01m[Kcv::Point_<int>[m[K’} is not derived from ‘[01m[Kconst cv::MatConstIterator_<_Tp>[m[K’
   92 |                 pt2 = pt2 + [01;36m[Kcenter[m[K;
      |                             [01;36m[K^~~~~~[m[K
In file included from [01m[K/usr/include/opencv4/opencv2/core/mat.hpp:3764[m[K,
                 from [01m[K/usr/include/opencv4/opencv2/core.hpp:58[m[K,
                 from [01m[K/usr/include/opencv4/opencv2/opencv.hpp:52[m[K,
                 from [01m[K/home/edgar/Desktop/ldlidar_ros2_ws/src/laser_consumer/src/laser_consumer.cpp:4[m[K:
[01m[K/usr/include/opencv4/opencv2/core/mat.inl.hpp:2724:19:[m[K [01;36m[Knote: [m[Kcandidate: ‘[01m[Ktemplate<class _Tp> cv::MatIterator_<_Tp> cv::operator+(const cv::MatIterator_<_Tp>&, ptrdiff_t)[m[K’
 2724 | MatIterator_<_Tp> [01;36m[Koperator[m[K + (const MatIterator_<_Tp>& a, ptrdiff_t ofs)
      |                   [01;36m[K^~~~~~~~[m[K
[01m[K/usr/include/opencv4/opencv2/core/mat.inl.hpp:2724:19:[m[K [01;36m[Knote: [m[K  template argument deduction/substitution failed:
[01m[K/home/edgar/Desktop/ldlidar_ros2_ws/src/laser_consumer/src/laser_consumer.cpp:92:29:[m[K [01;36m[Knote: [m[K  ‘[01m[Kcv::Point2f[m[K’ {aka ‘[01m[Kcv::Point_<float>[m[K’} is not derived from ‘[01m[Kconst cv::MatIterator_<_Tp>[m[K’
   92 |                 pt2 = pt2 + [01;36m[Kcenter[m[K;
      |                             [01;36m[K^~~~~~[m[K
In file included from [01m[K/usr/include/opencv4/opencv2/core/mat.hpp:3764[m[K,
                 from [01m[K/usr/include/opencv4/opencv2/core.hpp:58[m[K,
                 from [01m[K/usr/include/opencv4/opencv2/opencv.hpp:52[m[K,
                 from [01m[K/home/edgar/Desktop/ldlidar_ros2_ws/src/laser_consumer/src/laser_consumer.cpp:4[m[K:
[01m[K/usr/include/opencv4/opencv2/core/mat.inl.hpp:2731:19:[m[K [01;36m[Knote: [m[Kcandidate: ‘[01m[Ktemplate<class _Tp> cv::MatIterator_<_Tp> cv::operator+(ptrdiff_t, const cv::MatIterator_<_Tp>&)[m[K’
 2731 | MatIterator_<_Tp> [01;36m[Koperator[m[K + (ptrdiff_t ofs, const MatIterator_<_Tp>& a)
      |                   [01;36m[K^~~~~~~~[m[K
[01m[K/usr/include/opencv4/opencv2/core/mat.inl.hpp:2731:19:[m[K [01;36m[Knote: [m[K  template argument deduction/substitution failed:
[01m[K/home/edgar/Desktop/ldlidar_ros2_ws/src/laser_consumer/src/laser_consumer.cpp:92:29:[m[K [01;36m[Knote: [m[K  ‘[01m[Kcv::Point[m[K’ {aka ‘[01m[Kcv::Point_<int>[m[K’} is not derived from ‘[01m[Kconst cv::MatIterator_<_Tp>[m[K’
   92 |                 pt2 = pt2 + [01;36m[Kcenter[m[K;
      |                             [01;36m[K^~~~~~[m[K
In file included from [01m[K/usr/include/opencv4/opencv2/core.hpp:57[m[K,
                 from [01m[K/usr/include/opencv4/opencv2/opencv.hpp:52[m[K,
                 from [01m[K/home/edgar/Desktop/ldlidar_ros2_ws/src/laser_consumer/src/laser_consumer.cpp:4[m[K:
[01m[K/usr/include/opencv4/opencv2/core/types.hpp:2146:7:[m[K [01;36m[Knote: [m[Kcandidate: ‘[01m[Kcv::Range cv::operator+(const cv::Range&, int)[m[K’
 2146 | Range [01;36m[Koperator[m[K + (const Range& r1, int delta)
      |       [01;36m[K^~~~~~~~[m[K
[01m[K/usr/include/opencv4/opencv2/core/types.hpp:2146:32:[m[K [01;36m[Knote: [m[K  no known conversion for argument 1 from ‘[01m[Kcv::Point2f[m[K’ {aka ‘[01m[Kcv::Point_<float>[m[K’} to ‘[01m[Kconst cv::Range&[m[K’
 2146 | Range operator + ([01;36m[Kconst Range& r1[m[K, int delta)
      |                   [01;36m[K~~~~~~~~~~~~~^~[m[K
[01m[K/usr/include/opencv4/opencv2/core/types.hpp:2152:7:[m[K [01;36m[Knote: [m[Kcandidate: ‘[01m[Kcv::Range cv::operator+(int, const cv::Range&)[m[K’
 2152 | Range [01;36m[Koperator[m[K + (int delta, const Range& r1)
      |       [01;36m[K^~~~~~~~[m[K
[01m[K/usr/include/opencv4/opencv2/core/types.hpp:2152:23:[m[K [01;36m[Knote: [m[K  no known conversion for argument 1 from ‘[01m[Kcv::Point2f[m[K’ {aka ‘[01m[Kcv::Point_<float>[m[K’} to ‘[01m[Kint[m[K’
 2152 | Range operator + ([01;36m[Kint delta[m[K, const Range& r1)
      |                   [01;36m[K~~~~^~~~~[m[K
In file included from [01m[K/usr/include/opencv4/opencv2/core.hpp:58[m[K,
                 from [01m[K/usr/include/opencv4/opencv2/opencv.hpp:52[m[K,
                 from [01m[K/home/edgar/Desktop/ldlidar_ros2_ws/src/laser_consumer/src/laser_consumer.cpp:4[m[K:
[01m[K/usr/include/opencv4/opencv2/core/mat.hpp:3597:20:[m[K [01;36m[Knote: [m[Kcandidate: ‘[01m[Kcv::MatExpr cv::operator+(const cv::Mat&, const cv::Mat&)[m[K’
 3597 | CV_EXPORTS MatExpr [01;36m[Koperator[m[K + (const Mat& a, const Mat& b);
      |                    [01;36m[K^~~~~~~~[m[K
[01m[K/usr/include/opencv4/opencv2/core/mat.hpp:3597:43:[m[K [01;36m[Knote: [m[K  no known conversion for argument 1 from ‘[01m[Kcv::Point2f[m[K’ {aka ‘[01m[Kcv::Point_<float>[m[K’} to ‘[01m[Kconst cv::Mat&[m[K’
 3597 | CV_EXPORTS MatExpr operator + ([01;36m[Kconst Mat& a[m[K, const Mat& b);
      |                                [01;36m[K~~~~~~~~~~~^[m[K
[01m[K/usr/include/opencv4/opencv2/core/mat.hpp:3598:20:[m[K [01;36m[Knote: [m[Kcandidate: ‘[01m[Kcv::MatExpr cv::operator+(const cv::Mat&, const Scalar&)[m[K’
 3598 | CV_EXPORTS MatExpr [01;36m[Koperator[m[K + (const Mat& a, const Scalar& s);
      |                    [01;36m[K^~~~~~~~[m[K
[01m[K/usr/include/opencv4/opencv2/core/mat.hpp:3598:43:[m[K [01;36m[Knote: [m[K  no known conversion for argument 1 from ‘[01m[Kcv::Point2f[m[K’ {aka ‘[01m[Kcv::Point_<float>[m[K’} to ‘[01m[Kconst cv::Mat&[m[K’
 3598 | CV_EXPORTS MatExpr operator + ([01;36m[Kconst Mat& a[m[K, const Scalar& s);
      |                                [01;36m[K~~~~~~~~~~~^[m[K
[01m[K/usr/include/opencv4/opencv2/core/mat.hpp:3599:20:[m[K [01;36m[Knote: [m[Kcandidate: ‘[01m[Kcv::MatExpr cv::operator+(const Scalar&, const cv::Mat&)[m[K’
 3599 | CV_EXPORTS MatExpr [01;36m[Koperator[m[K + (const Scalar& s, const Mat& a);
      |                    [01;36m[K^~~~~~~~[m[K
[01m[K/usr/include/opencv4/opencv2/core/mat.hpp:3599:46:[m[K [01;36m[Knote: [m[K  no known conversion for argument 1 from ‘[01m[Kcv::Point2f[m[K’ {aka ‘[01m[Kcv::Point_<float>[m[K’} to ‘[01m[Kconst Scalar&[m[K’ {aka ‘[01m[Kconst cv::Scalar_<double>&[m[K’}
 3599 | CV_EXPORTS MatExpr operator + ([01;36m[Kconst Scalar& s[m[K, const Mat& a);
      |                                [01;36m[K~~~~~~~~~~~~~~^[m[K
[01m[K/usr/include/opencv4/opencv2/core/mat.hpp:3600:20:[m[K [01;36m[Knote: [m[Kcandidate: ‘[01m[Kcv::MatExpr cv::operator+(const cv::MatExpr&, const cv::Mat&)[m[K’
 3600 | CV_EXPORTS MatExpr [01;36m[Koperator[m[K + (const MatExpr& e, const Mat& m);
      |                    [01;36m[K^~~~~~~~[m[K
[01m[K/usr/include/opencv4/opencv2/core/mat.hpp:3600:47:[m[K [01;36m[Knote: [m[K  no known conversion for argument 1 from ‘[01m[Kcv::Point2f[m[K’ {aka ‘[01m[Kcv::Point_<float>[m[K’} to ‘[01m[Kconst cv::MatExpr&[m[K’
 3600 | CV_EXPORTS MatExpr operator + ([01;36m[Kconst MatExpr& e[m[K, const Mat& m);
      |                                [01;36m[K~~~~~~~~~~~~~~~^[m[K
[01m[K/usr/include/opencv4/opencv2/core/mat.hpp:3601:20:[m[K [01;36m[Knote: [m[Kcandidate: ‘[01m[Kcv::MatExpr cv::operator+(const cv::Mat&, const cv::MatExpr&)[m[K’
 3601 | CV_EXPORTS MatExpr [01;36m[Koperator[m[K + (const Mat& m, const MatExpr& e);
      |                    [01;36m[K^~~~~~~~[m[K
[01m[K/usr/include/opencv4/opencv2/core/mat.hpp:3601:43:[m[K [01;36m[Knote: [m[K  no known conversion for argument 1 from ‘[01m[Kcv::Point2f[m[K’ {aka ‘[01m[Kcv::Point_<float>[m[K’} to ‘[01m[Kconst cv::Mat&[m[K’
 3601 | CV_EXPORTS MatExpr operator + ([01;36m[Kconst Mat& m[m[K, const MatExpr& e);
      |                                [01;36m[K~~~~~~~~~~~^[m[K
[01m[K/usr/include/opencv4/opencv2/core/mat.hpp:3602:20:[m[K [01;36m[Knote: [m[Kcandidate: ‘[01m[Kcv::MatExpr cv::operator+(const cv::MatExpr&, const Scalar&)[m[K’
 3602 | CV_EXPORTS MatExpr [01;36m[Koperator[m[K + (const MatExpr& e, const Scalar& s);
      |                    [01;36m[K^~~~~~~~[m[K
[01m[K/usr/include/opencv4/opencv2/core/mat.hpp:3602:47:[m[K [01;36m[Knote: [m[K  no known conversion for argument 1 from ‘[01m[Kcv::Point2f[m[K’ {aka ‘[01m[Kcv::Point_<float>[m[K’} to ‘[01m[Kconst cv::MatExpr&[m[K’
 3602 | CV_EXPORTS MatExpr operator + ([01;36m[Kconst MatExpr& e[m[K, const Scalar& s);
      |                                [01;36m[K~~~~~~~~~~~~~~~^[m[K
[01m[K/usr/include/opencv4/opencv2/core/mat.hpp:3603:20:[m[K [01;36m[Knote: [m[Kcandidate: ‘[01m[Kcv::MatExpr cv::operator+(const Scalar&, const cv::MatExpr&)[m[K’
 3603 | CV_EXPORTS MatExpr [01;36m[Koperator[m[K + (const Scalar& s, const MatExpr& e);
      |                    [01;36m[K^~~~~~~~[m[K
[01m[K/usr/include/opencv4/opencv2/core/mat.hpp:3603:46:[m[K [01;36m[Knote: [m[K  no known conversion for argument 1 from ‘[01m[Kcv::Point2f[m[K’ {aka ‘[01m[Kcv::Point_<float>[m[K’} to ‘[01m[Kconst Scalar&[m[K’ {aka ‘[01m[Kconst cv::Scalar_<double>&[m[K’}
 3603 | CV_EXPORTS MatExpr operator + ([01;36m[Kconst Scalar& s[m[K, const MatExpr& e);
      |                                [01;36m[K~~~~~~~~~~~~~~^[m[K
[01m[K/usr/include/opencv4/opencv2/core/mat.hpp:3604:20:[m[K [01;36m[Knote: [m[Kcandidate: ‘[01m[Kcv::MatExpr cv::operator+(const cv::MatExpr&, const cv::MatExpr&)[m[K’
 3604 | CV_EXPORTS MatExpr [01;36m[Koperator[m[K + (const MatExpr& e1, const MatExpr& e2);
      |                    [01;36m[K^~~~~~~~[m[K
[01m[K/usr/include/opencv4/opencv2/core/mat.hpp:3604:47:[m[K [01;36m[Knote: [m[K  no known conversion for argument 1 from ‘[01m[Kcv::Point2f[m[K’ {aka ‘[01m[Kcv::Point_<float>[m[K’} to ‘[01m[Kconst cv::MatExpr&[m[K’
 3604 | CV_EXPORTS MatExpr operator + ([01;36m[Kconst MatExpr& e1[m[K, const MatExpr& e2);
      |                                [01;36m[K~~~~~~~~~~~~~~~^~[m[K
In file included from [01m[K/usr/include/opencv4/opencv2/core/mat.hpp:3764[m[K,
                 from [01m[K/usr/include/opencv4/opencv2/core.hpp:58[m[K,
                 from [01m[K/usr/include/opencv4/opencv2/opencv.hpp:52[m[K,
                 from [01m[K/home/edgar/Desktop/ldlidar_ros2_ws/src/laser_consumer/src/laser_consumer.cpp:4[m[K:
[01m[K/usr/include/opencv4/opencv2/core/mat.inl.hpp:2439:18:[m[K [01;36m[Knote: [m[Kcandidate: ‘[01m[Kcv::MatConstIterator cv::operator+(const cv::MatConstIterator&, ptrdiff_t)[m[K’
 2439 | MatConstIterator [01;36m[Koperator[m[K + (const MatConstIterator& a, ptrdiff_t ofs)
      |                  [01;36m[K^~~~~~~~[m[K
[01m[K/usr/include/opencv4/opencv2/core/mat.inl.hpp:2439:54:[m[K [01;36m[Knote: [m[K  no known conversion for argument 1 from ‘[01m[Kcv::Point2f[m[K’ {aka ‘[01m[Kcv::Point_<float>[m[K’} to ‘[01m[Kconst cv::MatConstIterator&[m[K’
 2439 | MatConstIterator operator + ([01;36m[Kconst MatConstIterator& a[m[K, ptrdiff_t ofs)
      |                              [01;36m[K~~~~~~~~~~~~~~~~~~~~~~~~^[m[K
[01m[K/usr/include/opencv4/opencv2/core/mat.inl.hpp:2446:18:[m[K [01;36m[Knote: [m[Kcandidate: ‘[01m[Kcv::MatConstIterator cv::operator+(ptrdiff_t, const cv::MatConstIterator&)[m[K’
 2446 | MatConstIterator [01;36m[Koperator[m[K + (ptrdiff_t ofs, const MatConstIterator& a)
      |                  [01;36m[K^~~~~~~~[m[K
[01m[K/usr/include/opencv4/opencv2/core/mat.inl.hpp:2446:40:[m[K [01;36m[Knote: [m[K  no known conversion for argument 1 from ‘[01m[Kcv::Point2f[m[K’ {aka ‘[01m[Kcv::Point_<float>[m[K’} to ‘[01m[Kptrdiff_t[m[K’ {aka ‘[01m[Klong int[m[K’}
 2446 | MatConstIterator operator + ([01;36m[Kptrdiff_t ofs[m[K, const MatConstIterator& a)
      |                              [01;36m[K~~~~~~~~~~^~~[m[K
gmake[2]: *** [CMakeFiles/laser_consumer.dir/build.make:76: CMakeFiles/laser_consumer.dir/src/laser_consumer.cpp.o] Error 1
gmake[1]: *** [CMakeFiles/Makefile2:137: CMakeFiles/laser_consumer.dir/all] Error 2
gmake: *** [Makefile:146: all] Error 2
