[0.120s] Invoking command in '/home/edgar/Desktop/ldlidar_ros2_ws/build/laser_consumer': CMAKE_PREFIX_PATH=/opt/ros/iron /usr/bin/cmake --build /home/edgar/Desktop/ldlidar_ros2_ws/build/laser_consumer -- -j4 -l4
[0.185s] [35m[1mConsolidate compiler generated dependencies of target laser_consumer[0m
[0.207s] [ 50%] [32mBuilding CXX object CMakeFiles/laser_consumer.dir/src/laser_consumer.cpp.o[0m
[4.319s] [01m[K/home/edgar/Desktop/ldlidar_ros2_ws/src/laser_consumer/src/laser_consumer.cpp:[m[K In member function ‘[01m[Kvoid LidarReader::topic_callback(sensor_msgs::msg::LaserScan_<std::allocator<void> >::SharedPtr)[m[K’:
[4.319s] [01m[K/home/edgar/Desktop/ldlidar_ros2_ws/src/laser_consumer/src/laser_consumer.cpp:91:27:[m[K [01;31m[Kerror: [m[Kno match for ‘[01m[Koperator+[m[K’ (operand types are ‘[01m[Kcv::Point2f[m[K’ {aka ‘[01m[Kcv::Point_<float>[m[K’} and ‘[01m[Kcv::Point[m[K’ {aka ‘[01m[Kcv::Point_<int>[m[K’})
[4.319s]    91 |                 pt1 = [32m[Kpt1[m[K [01;31m[K+[m[K [34m[Kcenter[m[K;
[4.320s]       |                       [32m[K~~~[m[K [01;31m[K^[m[K [34m[K~~~~~~[m[K
[4.321s]       |                       [32m[K|[m[K     [34m[K|[m[K
[4.322s]       |                       [32m[K|[m[K     [34m[KPoint_<int>[m[K
[4.323s]       |                       [32m[KPoint_<float>[m[K
[4.323s] In file included from [01m[K/usr/include/opencv4/opencv2/core.hpp:56[m[K,
[4.324s]                  from [01m[K/usr/include/opencv4/opencv2/opencv.hpp:52[m[K,
[4.324s]                  from [01m[K/home/edgar/Desktop/ldlidar_ros2_ws/src/laser_consumer/src/laser_consumer.cpp:4[m[K:
[4.324s] [01m[K/usr/include/opencv4/opencv2/core/matx.hpp:1210:17:[m[K [01;36m[Knote: [m[Kcandidate: ‘[01m[Ktemplate<class _Tp, int m, int n> cv::Matx<_Tp, m, n> cv::operator+(const cv::Matx<_Tp, m, n>&, const cv::Matx<_Tp, m, n>&)[m[K’
[4.324s]  1210 | Matx<_Tp, m, n> [01;36m[Koperator[m[K + (const Matx<_Tp, m, n>& a, const Matx<_Tp, m, n>& b)
[4.324s]       |                 [01;36m[K^~~~~~~~[m[K
[4.324s] [01m[K/usr/include/opencv4/opencv2/core/matx.hpp:1210:17:[m[K [01;36m[Knote: [m[K  template argument deduction/substitution failed:
[4.325s] [01m[K/home/edgar/Desktop/ldlidar_ros2_ws/src/laser_consumer/src/laser_consumer.cpp:91:29:[m[K [01;36m[Knote: [m[K  ‘[01m[Kcv::Point2f[m[K’ {aka ‘[01m[Kcv::Point_<float>[m[K’} is not derived from ‘[01m[Kconst cv::Matx<_Tp, m, n>[m[K’
[4.325s]    91 |                 pt1 = pt1 + [01;36m[Kcenter[m[K;
[4.325s]       |                             [01;36m[K^~~~~~[m[K
[4.325s] In file included from [01m[K/usr/include/opencv4/opencv2/core.hpp:56[m[K,
[4.325s]                  from [01m[K/usr/include/opencv4/opencv2/opencv.hpp:52[m[K,
[4.326s]                  from [01m[K/home/edgar/Desktop/ldlidar_ros2_ws/src/laser_consumer/src/laser_consumer.cpp:4[m[K:
[4.326s] [01m[K/usr/include/opencv4/opencv2/core/matx.hpp:1366:14:[m[K [01;36m[Knote: [m[Kcandidate: ‘[01m[Ktemplate<class _Tp, int cn> cv::Vec<_Tp, m> cv::operator+(const cv::Vec<_Tp, m>&, const cv::Vec<_Tp, m>&)[m[K’
[4.326s]  1366 | Vec<_Tp, cn> [01;36m[Koperator[m[K + (const Vec<_Tp, cn>& a, const Vec<_Tp, cn>& b)
[4.326s]       |              [01;36m[K^~~~~~~~[m[K
[4.326s] [01m[K/usr/include/opencv4/opencv2/core/matx.hpp:1366:14:[m[K [01;36m[Knote: [m[K  template argument deduction/substitution failed:
[4.327s] [01m[K/home/edgar/Desktop/ldlidar_ros2_ws/src/laser_consumer/src/laser_consumer.cpp:91:29:[m[K [01;36m[Knote: [m[K  ‘[01m[Kcv::Point2f[m[K’ {aka ‘[01m[Kcv::Point_<float>[m[K’} is not derived from ‘[01m[Kconst cv::Vec<_Tp, m>[m[K’
[4.327s]    91 |                 pt1 = pt1 + [01;36m[Kcenter[m[K;
[4.327s]       |                             [01;36m[K^~~~~~[m[K
[4.327s] In file included from [01m[K/usr/include/opencv4/opencv2/core.hpp:57[m[K,
[4.327s]                  from [01m[K/usr/include/opencv4/opencv2/opencv.hpp:52[m[K,
[4.327s]                  from [01m[K/home/edgar/Desktop/ldlidar_ros2_ws/src/laser_consumer/src/laser_consumer.cpp:4[m[K:
[4.328s] [01m[K/usr/include/opencv4/opencv2/core/types.hpp:1041:14:[m[K [01;36m[Knote: [m[Kcandidate: ‘[01m[Ktemplate<class _Tp> cv::Complex<_Tp> cv::operator+(const cv::Complex<_Tp>&, const cv::Complex<_Tp>&)[m[K’
[4.328s]  1041 | Complex<_Tp> [01;36m[Koperator[m[K + (const Complex<_Tp>& a, const Complex<_Tp>& b)
[4.328s]       |              [01;36m[K^~~~~~~~[m[K
[4.328s] [01m[K/usr/include/opencv4/opencv2/core/types.hpp:1041:14:[m[K [01;36m[Knote: [m[K  template argument deduction/substitution failed:
[4.328s] [01m[K/home/edgar/Desktop/ldlidar_ros2_ws/src/laser_consumer/src/laser_consumer.cpp:91:29:[m[K [01;36m[Knote: [m[K  ‘[01m[Kcv::Point2f[m[K’ {aka ‘[01m[Kcv::Point_<float>[m[K’} is not derived from ‘[01m[Kconst cv::Complex<_Tp>[m[K’
[4.329s]    91 |                 pt1 = pt1 + [01;36m[Kcenter[m[K;
[4.329s]       |                             [01;36m[K^~~~~~[m[K
[4.329s] In file included from [01m[K/usr/include/opencv4/opencv2/core.hpp:57[m[K,
[4.329s]                  from [01m[K/usr/include/opencv4/opencv2/opencv.hpp:52[m[K,
[4.329s]                  from [01m[K/home/edgar/Desktop/ldlidar_ros2_ws/src/laser_consumer/src/laser_consumer.cpp:4[m[K:
[4.330s] [01m[K/usr/include/opencv4/opencv2/core/types.hpp:1091:14:[m[K [01;36m[Knote: [m[Kcandidate: ‘[01m[Ktemplate<class _Tp> cv::Complex<_Tp> cv::operator+(const cv::Complex<_Tp>&, _Tp)[m[K’
[4.330s]  1091 | Complex<_Tp> [01;36m[Koperator[m[K + (const Complex<_Tp>& a, _Tp b)
[4.330s]       |              [01;36m[K^~~~~~~~[m[K
[4.330s] [01m[K/usr/include/opencv4/opencv2/core/types.hpp:1091:14:[m[K [01;36m[Knote: [m[K  template argument deduction/substitution failed:
[4.330s] [01m[K/home/edgar/Desktop/ldlidar_ros2_ws/src/laser_consumer/src/laser_consumer.cpp:91:29:[m[K [01;36m[Knote: [m[K  ‘[01m[Kcv::Point2f[m[K’ {aka ‘[01m[Kcv::Point_<float>[m[K’} is not derived from ‘[01m[Kconst cv::Complex<_Tp>[m[K’
[4.330s]    91 |                 pt1 = pt1 + [01;36m[Kcenter[m[K;
[4.331s]       |                             [01;36m[K^~~~~~[m[K
[4.331s] In file included from [01m[K/usr/include/opencv4/opencv2/core.hpp:57[m[K,
[4.331s]                  from [01m[K/usr/include/opencv4/opencv2/opencv.hpp:52[m[K,
[4.331s]                  from [01m[K/home/edgar/Desktop/ldlidar_ros2_ws/src/laser_consumer/src/laser_consumer.cpp:4[m[K:
[4.331s] [01m[K/usr/include/opencv4/opencv2/core/types.hpp:1101:14:[m[K [01;36m[Knote: [m[Kcandidate: ‘[01m[Ktemplate<class _Tp> cv::Complex<_Tp> cv::operator+(_Tp, const cv::Complex<_Tp>&)[m[K’
[4.331s]  1101 | Complex<_Tp> [01;36m[Koperator[m[K + (_Tp b, const Complex<_Tp>& a)
[4.332s]       |              [01;36m[K^~~~~~~~[m[K
[4.332s] [01m[K/usr/include/opencv4/opencv2/core/types.hpp:1101:14:[m[K [01;36m[Knote: [m[K  template argument deduction/substitution failed:
[4.332s] [01m[K/home/edgar/Desktop/ldlidar_ros2_ws/src/laser_consumer/src/laser_consumer.cpp:91:29:[m[K [01;36m[Knote: [m[K  ‘[01m[Kcv::Point[m[K’ {aka ‘[01m[Kcv::Point_<int>[m[K’} is not derived from ‘[01m[Kconst cv::Complex<_Tp>[m[K’
[4.332s]    91 |                 pt1 = pt1 + [01;36m[Kcenter[m[K;
[4.332s]       |                             [01;36m[K^~~~~~[m[K
[4.333s] In file included from [01m[K/usr/include/opencv4/opencv2/core.hpp:57[m[K,
[4.333s]                  from [01m[K/usr/include/opencv4/opencv2/opencv.hpp:52[m[K,
[4.333s]                  from [01m[K/home/edgar/Desktop/ldlidar_ros2_ws/src/laser_consumer/src/laser_consumer.cpp:4[m[K:
[4.333s] [01m[K/usr/include/opencv4/opencv2/core/types.hpp:1333:13:[m[K [01;36m[Knote: [m[Kcandidate: ‘[01m[Ktemplate<class _Tp> cv::Point_<_Tp> cv::operator+(const cv::Point_<_Tp>&, const cv::Point_<_Tp>&)[m[K’
[4.333s]  1333 | Point_<_Tp> [01;36m[Koperator[m[K + (const Point_<_Tp>& a, const Point_<_Tp>& b)
[4.333s]       |             [01;36m[K^~~~~~~~[m[K
[4.334s] [01m[K/usr/include/opencv4/opencv2/core/types.hpp:1333:13:[m[K [01;36m[Knote: [m[K  template argument deduction/substitution failed:
[4.334s] [01m[K/home/edgar/Desktop/ldlidar_ros2_ws/src/laser_consumer/src/laser_consumer.cpp:91:29:[m[K [01;36m[Knote: [m[K  deduced conflicting types for parameter ‘[01m[K_Tp[m[K’ (‘[01m[Kfloat[m[K’ and ‘[01m[Kint[m[K’)
[4.334s]    91 |                 pt1 = pt1 + [01;36m[Kcenter[m[K;
[4.334s]       |                             [01;36m[K^~~~~~[m[K
[4.334s] In file included from [01m[K/usr/include/opencv4/opencv2/core.hpp:57[m[K,
[4.335s]                  from [01m[K/usr/include/opencv4/opencv2/opencv.hpp:52[m[K,
[4.335s]                  from [01m[K/home/edgar/Desktop/ldlidar_ros2_ws/src/laser_consumer/src/laser_consumer.cpp:4[m[K:
[4.335s] [01m[K/usr/include/opencv4/opencv2/core/types.hpp:1602:14:[m[K [01;36m[Knote: [m[Kcandidate: ‘[01m[Ktemplate<class _Tp> cv::Point3_<_Tp> cv::operator+(const cv::Point3_<_Tp>&, const cv::Point3_<_Tp>&)[m[K’
[4.335s]  1602 | Point3_<_Tp> [01;36m[Koperator[m[K + (const Point3_<_Tp>& a, const Point3_<_Tp>& b)
[4.335s]       |              [01;36m[K^~~~~~~~[m[K
[4.335s] [01m[K/usr/include/opencv4/opencv2/core/types.hpp:1602:14:[m[K [01;36m[Knote: [m[K  template argument deduction/substitution failed:
[4.336s] [01m[K/home/edgar/Desktop/ldlidar_ros2_ws/src/laser_consumer/src/laser_consumer.cpp:91:29:[m[K [01;36m[Knote: [m[K  ‘[01m[Kcv::Point2f[m[K’ {aka ‘[01m[Kcv::Point_<float>[m[K’} is not derived from ‘[01m[Kconst cv::Point3_<_Tp>[m[K’
[4.336s]    91 |                 pt1 = pt1 + [01;36m[Kcenter[m[K;
[4.336s]       |                             [01;36m[K^~~~~~[m[K
[4.336s] In file included from [01m[K/usr/include/opencv4/opencv2/core.hpp:57[m[K,
[4.336s]                  from [01m[K/usr/include/opencv4/opencv2/opencv.hpp:52[m[K,
[4.337s]                  from [01m[K/home/edgar/Desktop/ldlidar_ros2_ws/src/laser_consumer/src/laser_consumer.cpp:4[m[K:
[4.337s] [01m[K/usr/include/opencv4/opencv2/core/types.hpp:1799:12:[m[K [01;36m[Knote: [m[Kcandidate: ‘[01m[Ktemplate<class _Tp> cv::Size_<_Tp> cv::operator+(const cv::Size_<_Tp>&, const cv::Size_<_Tp>&)[m[K’
[4.337s]  1799 | Size_<_Tp> [01;36m[Koperator[m[K + (const Size_<_Tp>& a, const Size_<_Tp>& b)
[4.337s]       |            [01;36m[K^~~~~~~~[m[K
[4.337s] [01m[K/usr/include/opencv4/opencv2/core/types.hpp:1799:12:[m[K [01;36m[Knote: [m[K  template argument deduction/substitution failed:
[4.337s] [01m[K/home/edgar/Desktop/ldlidar_ros2_ws/src/laser_consumer/src/laser_consumer.cpp:91:29:[m[K [01;36m[Knote: [m[K  ‘[01m[Kcv::Point2f[m[K’ {aka ‘[01m[Kcv::Point_<float>[m[K’} is not derived from ‘[01m[Kconst cv::Size_<_Tp>[m[K’
[4.338s]    91 |                 pt1 = pt1 + [01;36m[Kcenter[m[K;
[4.338s]       |                             [01;36m[K^~~~~~[m[K
[4.338s] In file included from [01m[K/usr/include/opencv4/opencv2/core.hpp:57[m[K,
[4.338s]                  from [01m[K/usr/include/opencv4/opencv2/opencv.hpp:52[m[K,
[4.338s]                  from [01m[K/home/edgar/Desktop/ldlidar_ros2_ws/src/laser_consumer/src/laser_consumer.cpp:4[m[K:
[4.338s] [01m[K/usr/include/opencv4/opencv2/core/types.hpp:2012:12:[m[K [01;36m[Knote: [m[Kcandidate: ‘[01m[Ktemplate<class _Tp> cv::Rect_<_Tp> cv::operator+(const cv::Rect_<_Tp>&, const cv::Point_<_Tp>&)[m[K’
[4.339s]  2012 | Rect_<_Tp> [01;36m[Koperator[m[K + (const Rect_<_Tp>& a, const Point_<_Tp>& b)
[4.339s]       |            [01;36m[K^~~~~~~~[m[K
[4.339s] [01m[K/usr/include/opencv4/opencv2/core/types.hpp:2012:12:[m[K [01;36m[Knote: [m[K  template argument deduction/substitution failed:
[4.339s] [01m[K/home/edgar/Desktop/ldlidar_ros2_ws/src/laser_consumer/src/laser_consumer.cpp:91:29:[m[K [01;36m[Knote: [m[K  ‘[01m[Kcv::Point2f[m[K’ {aka ‘[01m[Kcv::Point_<float>[m[K’} is not derived from ‘[01m[Kconst cv::Rect_<_Tp>[m[K’
[4.339s]    91 |                 pt1 = pt1 + [01;36m[Kcenter[m[K;
[4.340s]       |                             [01;36m[K^~~~~~[m[K
[4.340s] In file included from [01m[K/usr/include/opencv4/opencv2/core.hpp:57[m[K,
[4.340s]                  from [01m[K/usr/include/opencv4/opencv2/opencv.hpp:52[m[K,
[4.340s]                  from [01m[K/home/edgar/Desktop/ldlidar_ros2_ws/src/laser_consumer/src/laser_consumer.cpp:4[m[K:
[4.340s] [01m[K/usr/include/opencv4/opencv2/core/types.hpp:2024:12:[m[K [01;36m[Knote: [m[Kcandidate: ‘[01m[Ktemplate<class _Tp> cv::Rect_<_Tp> cv::operator+(const cv::Rect_<_Tp>&, const cv::Size_<_Tp>&)[m[K’
[4.340s]  2024 | Rect_<_Tp> [01;36m[Koperator[m[K + (const Rect_<_Tp>& a, const Size_<_Tp>& b)
[4.341s]       |            [01;36m[K^~~~~~~~[m[K
[4.341s] [01m[K/usr/include/opencv4/opencv2/core/types.hpp:2024:12:[m[K [01;36m[Knote: [m[K  template argument deduction/substitution failed:
[4.341s] [01m[K/home/edgar/Desktop/ldlidar_ros2_ws/src/laser_consumer/src/laser_consumer.cpp:91:29:[m[K [01;36m[Knote: [m[K  ‘[01m[Kcv::Point2f[m[K’ {aka ‘[01m[Kcv::Point_<float>[m[K’} is not derived from ‘[01m[Kconst cv::Rect_<_Tp>[m[K’
[4.341s]    91 |                 pt1 = pt1 + [01;36m[Kcenter[m[K;
[4.341s]       |                             [01;36m[K^~~~~~[m[K
[4.341s] In file included from [01m[K/usr/include/opencv4/opencv2/core.hpp:57[m[K,
[4.341s]                  from [01m[K/usr/include/opencv4/opencv2/opencv.hpp:52[m[K,
[4.342s]                  from [01m[K/home/edgar/Desktop/ldlidar_ros2_ws/src/laser_consumer/src/laser_consumer.cpp:4[m[K:
[4.342s] [01m[K/usr/include/opencv4/opencv2/core/types.hpp:2316:14:[m[K [01;36m[Knote: [m[Kcandidate: ‘[01m[Ktemplate<class _Tp> cv::Scalar_<_Tp> cv::operator+(const cv::Scalar_<_Tp>&, const cv::Scalar_<_Tp>&)[m[K’
[4.342s]  2316 | Scalar_<_Tp> [01;36m[Koperator[m[K + (const Scalar_<_Tp>& a, const Scalar_<_Tp>& b)
[4.342s]       |              [01;36m[K^~~~~~~~[m[K
[4.343s] [01m[K/usr/include/opencv4/opencv2/core/types.hpp:2316:14:[m[K [01;36m[Knote: [m[K  template argument deduction/substitution failed:
[4.343s] [01m[K/home/edgar/Desktop/ldlidar_ros2_ws/src/laser_consumer/src/laser_consumer.cpp:91:29:[m[K [01;36m[Knote: [m[K  ‘[01m[Kcv::Point2f[m[K’ {aka ‘[01m[Kcv::Point_<float>[m[K’} is not derived from ‘[01m[Kconst cv::Scalar_<_Tp>[m[K’
[4.343s]    91 |                 pt1 = pt1 + [01;36m[Kcenter[m[K;
[4.343s]       |                             [01;36m[K^~~~~~[m[K
[4.343s] In file included from [01m[K/usr/include/opencv4/opencv2/core.hpp:58[m[K,
[4.344s]                  from [01m[K/usr/include/opencv4/opencv2/opencv.hpp:52[m[K,
[4.344s]                  from [01m[K/home/edgar/Desktop/ldlidar_ros2_ws/src/laser_consumer/src/laser_consumer.cpp:4[m[K:
[4.344s] [01m[K/usr/include/opencv4/opencv2/core/mat.hpp:3606:9:[m[K [01;36m[Knote: [m[Kcandidate: ‘[01m[Ktemplate<class _Tp, int m, int n> cv::MatExpr cv::operator+(const cv::Mat&, const cv::Matx<_Tp, m, n>&)[m[K’
[4.344s]  3606 | MatExpr [01;36m[Koperator[m[K + (const Mat& a, const Matx<_Tp, m, n>& b) { return a + Mat(b); }
[4.344s]       |         [01;36m[K^~~~~~~~[m[K
[4.344s] [01m[K/usr/include/opencv4/opencv2/core/mat.hpp:3606:9:[m[K [01;36m[Knote: [m[K  template argument deduction/substitution failed:
[4.345s] [01m[K/home/edgar/Desktop/ldlidar_ros2_ws/src/laser_consumer/src/laser_consumer.cpp:91:29:[m[K [01;36m[Knote: [m[K  ‘[01m[Kcv::Point[m[K’ {aka ‘[01m[Kcv::Point_<int>[m[K’} is not derived from ‘[01m[Kconst cv::Matx<_Tp, m, n>[m[K’
[4.345s]    91 |                 pt1 = pt1 + [01;36m[Kcenter[m[K;
[4.345s]       |                             [01;36m[K^~~~~~[m[K
[4.345s] In file included from [01m[K/usr/include/opencv4/opencv2/core.hpp:58[m[K,
[4.345s]                  from [01m[K/usr/include/opencv4/opencv2/opencv.hpp:52[m[K,
[4.345s]                  from [01m[K/home/edgar/Desktop/ldlidar_ros2_ws/src/laser_consumer/src/laser_consumer.cpp:4[m[K:
[4.346s] [01m[K/usr/include/opencv4/opencv2/core/mat.hpp:3608:9:[m[K [01;36m[Knote: [m[Kcandidate: ‘[01m[Ktemplate<class _Tp, int m, int n> cv::MatExpr cv::operator+(const cv::Matx<_Tp, m, n>&, const cv::Mat&)[m[K’
[4.346s]  3608 | MatExpr [01;36m[Koperator[m[K + (const Matx<_Tp, m, n>& a, const Mat& b) { return Mat(a) + b; }
[4.346s]       |         [01;36m[K^~~~~~~~[m[K
[4.346s] [01m[K/usr/include/opencv4/opencv2/core/mat.hpp:3608:9:[m[K [01;36m[Knote: [m[K  template argument deduction/substitution failed:
[4.346s] [01m[K/home/edgar/Desktop/ldlidar_ros2_ws/src/laser_consumer/src/laser_consumer.cpp:91:29:[m[K [01;36m[Knote: [m[K  ‘[01m[Kcv::Point2f[m[K’ {aka ‘[01m[Kcv::Point_<float>[m[K’} is not derived from ‘[01m[Kconst cv::Matx<_Tp, m, n>[m[K’
[4.347s]    91 |                 pt1 = pt1 + [01;36m[Kcenter[m[K;
[4.347s]       |                             [01;36m[K^~~~~~[m[K
[4.347s] In file included from [01m[K/usr/include/opencv4/opencv2/core/mat.hpp:3764[m[K,
[4.347s]                  from [01m[K/usr/include/opencv4/opencv2/core.hpp:58[m[K,
[4.347s]                  from [01m[K/usr/include/opencv4/opencv2/opencv.hpp:52[m[K,
[4.347s]                  from [01m[K/home/edgar/Desktop/ldlidar_ros2_ws/src/laser_consumer/src/laser_consumer.cpp:4[m[K:
[4.348s] [01m[K/usr/include/opencv4/opencv2/core/mat.inl.hpp:2587:24:[m[K [01;36m[Knote: [m[Kcandidate: ‘[01m[Ktemplate<class _Tp> cv::MatConstIterator_<_Tp> cv::operator+(const cv::MatConstIterator_<_Tp>&, ptrdiff_t)[m[K’
[4.348s]  2587 | MatConstIterator_<_Tp> [01;36m[Koperator[m[K + (const MatConstIterator_<_Tp>& a, ptrdiff_t ofs)
[4.348s]       |                        [01;36m[K^~~~~~~~[m[K
[4.348s] [01m[K/usr/include/opencv4/opencv2/core/mat.inl.hpp:2587:24:[m[K [01;36m[Knote: [m[K  template argument deduction/substitution failed:
[4.348s] [01m[K/home/edgar/Desktop/ldlidar_ros2_ws/src/laser_consumer/src/laser_consumer.cpp:91:29:[m[K [01;36m[Knote: [m[K  ‘[01m[Kcv::Point2f[m[K’ {aka ‘[01m[Kcv::Point_<float>[m[K’} is not derived from ‘[01m[Kconst cv::MatConstIterator_<_Tp>[m[K’
[4.349s]    91 |                 pt1 = pt1 + [01;36m[Kcenter[m[K;
[4.349s]       |                             [01;36m[K^~~~~~[m[K
[4.349s] In file included from [01m[K/usr/include/opencv4/opencv2/core/mat.hpp:3764[m[K,
[4.349s]                  from [01m[K/usr/include/opencv4/opencv2/core.hpp:58[m[K,
[4.349s]                  from [01m[K/usr/include/opencv4/opencv2/opencv.hpp:52[m[K,
[4.349s]                  from [01m[K/home/edgar/Desktop/ldlidar_ros2_ws/src/laser_consumer/src/laser_consumer.cpp:4[m[K:
[4.350s] [01m[K/usr/include/opencv4/opencv2/core/mat.inl.hpp:2594:24:[m[K [01;36m[Knote: [m[Kcandidate: ‘[01m[Ktemplate<class _Tp> cv::MatConstIterator_<_Tp> cv::operator+(ptrdiff_t, const cv::MatConstIterator_<_Tp>&)[m[K’
[4.350s]  2594 | MatConstIterator_<_Tp> [01;36m[Koperator[m[K + (ptrdiff_t ofs, const MatConstIterator_<_Tp>& a)
[4.350s]       |                        [01;36m[K^~~~~~~~[m[K
[4.350s] [01m[K/usr/include/opencv4/opencv2/core/mat.inl.hpp:2594:24:[m[K [01;36m[Knote: [m[K  template argument deduction/substitution failed:
[4.350s] [01m[K/home/edgar/Desktop/ldlidar_ros2_ws/src/laser_consumer/src/laser_consumer.cpp:91:29:[m[K [01;36m[Knote: [m[K  ‘[01m[Kcv::Point[m[K’ {aka ‘[01m[Kcv::Point_<int>[m[K’} is not derived from ‘[01m[Kconst cv::MatConstIterator_<_Tp>[m[K’
[4.351s]    91 |                 pt1 = pt1 + [01;36m[Kcenter[m[K;
[4.351s]       |                             [01;36m[K^~~~~~[m[K
[4.351s] In file included from [01m[K/usr/include/opencv4/opencv2/core/mat.hpp:3764[m[K,
[4.351s]                  from [01m[K/usr/include/opencv4/opencv2/core.hpp:58[m[K,
[4.351s]                  from [01m[K/usr/include/opencv4/opencv2/opencv.hpp:52[m[K,
[4.351s]                  from [01m[K/home/edgar/Desktop/ldlidar_ros2_ws/src/laser_consumer/src/laser_consumer.cpp:4[m[K:
[4.352s] [01m[K/usr/include/opencv4/opencv2/core/mat.inl.hpp:2724:19:[m[K [01;36m[Knote: [m[Kcandidate: ‘[01m[Ktemplate<class _Tp> cv::MatIterator_<_Tp> cv::operator+(const cv::MatIterator_<_Tp>&, ptrdiff_t)[m[K’
[4.352s]  2724 | MatIterator_<_Tp> [01;36m[Koperator[m[K + (const MatIterator_<_Tp>& a, ptrdiff_t ofs)
[4.352s]       |                   [01;36m[K^~~~~~~~[m[K
[4.352s] [01m[K/usr/include/opencv4/opencv2/core/mat.inl.hpp:2724:19:[m[K [01;36m[Knote: [m[K  template argument deduction/substitution failed:
[4.352s] [01m[K/home/edgar/Desktop/ldlidar_ros2_ws/src/laser_consumer/src/laser_consumer.cpp:91:29:[m[K [01;36m[Knote: [m[K  ‘[01m[Kcv::Point2f[m[K’ {aka ‘[01m[Kcv::Point_<float>[m[K’} is not derived from ‘[01m[Kconst cv::MatIterator_<_Tp>[m[K’
[4.353s]    91 |                 pt1 = pt1 + [01;36m[Kcenter[m[K;
[4.353s]       |                             [01;36m[K^~~~~~[m[K
[4.353s] In file included from [01m[K/usr/include/opencv4/opencv2/core/mat.hpp:3764[m[K,
[4.353s]                  from [01m[K/usr/include/opencv4/opencv2/core.hpp:58[m[K,
[4.353s]                  from [01m[K/usr/include/opencv4/opencv2/opencv.hpp:52[m[K,
[4.353s]                  from [01m[K/home/edgar/Desktop/ldlidar_ros2_ws/src/laser_consumer/src/laser_consumer.cpp:4[m[K:
[4.354s] [01m[K/usr/include/opencv4/opencv2/core/mat.inl.hpp:2731:19:[m[K [01;36m[Knote: [m[Kcandidate: ‘[01m[Ktemplate<class _Tp> cv::MatIterator_<_Tp> cv::operator+(ptrdiff_t, const cv::MatIterator_<_Tp>&)[m[K’
[4.354s]  2731 | MatIterator_<_Tp> [01;36m[Koperator[m[K + (ptrdiff_t ofs, const MatIterator_<_Tp>& a)
[4.354s]       |                   [01;36m[K^~~~~~~~[m[K
[4.354s] [01m[K/usr/include/opencv4/opencv2/core/mat.inl.hpp:2731:19:[m[K [01;36m[Knote: [m[K  template argument deduction/substitution failed:
[4.354s] [01m[K/home/edgar/Desktop/ldlidar_ros2_ws/src/laser_consumer/src/laser_consumer.cpp:91:29:[m[K [01;36m[Knote: [m[K  ‘[01m[Kcv::Point[m[K’ {aka ‘[01m[Kcv::Point_<int>[m[K’} is not derived from ‘[01m[Kconst cv::MatIterator_<_Tp>[m[K’
[4.355s]    91 |                 pt1 = pt1 + [01;36m[Kcenter[m[K;
[4.355s]       |                             [01;36m[K^~~~~~[m[K
[4.355s] In file included from [01m[K/usr/include/opencv4/opencv2/core.hpp:57[m[K,
[4.355s]                  from [01m[K/usr/include/opencv4/opencv2/opencv.hpp:52[m[K,
[4.355s]                  from [01m[K/home/edgar/Desktop/ldlidar_ros2_ws/src/laser_consumer/src/laser_consumer.cpp:4[m[K:
[4.355s] [01m[K/usr/include/opencv4/opencv2/core/types.hpp:2146:7:[m[K [01;36m[Knote: [m[Kcandidate: ‘[01m[Kcv::Range cv::operator+(const cv::Range&, int)[m[K’
[4.356s]  2146 | Range [01;36m[Koperator[m[K + (const Range& r1, int delta)
[4.356s]       |       [01;36m[K^~~~~~~~[m[K
[4.356s] [01m[K/usr/include/opencv4/opencv2/core/types.hpp:2146:32:[m[K [01;36m[Knote: [m[K  no known conversion for argument 1 from ‘[01m[Kcv::Point2f[m[K’ {aka ‘[01m[Kcv::Point_<float>[m[K’} to ‘[01m[Kconst cv::Range&[m[K’
[4.356s]  2146 | Range operator + ([01;36m[Kconst Range& r1[m[K, int delta)
[4.356s]       |                   [01;36m[K~~~~~~~~~~~~~^~[m[K
[4.357s] [01m[K/usr/include/opencv4/opencv2/core/types.hpp:2152:7:[m[K [01;36m[Knote: [m[Kcandidate: ‘[01m[Kcv::Range cv::operator+(int, const cv::Range&)[m[K’
[4.357s]  2152 | Range [01;36m[Koperator[m[K + (int delta, const Range& r1)
[4.357s]       |       [01;36m[K^~~~~~~~[m[K
[4.357s] [01m[K/usr/include/opencv4/opencv2/core/types.hpp:2152:23:[m[K [01;36m[Knote: [m[K  no known conversion for argument 1 from ‘[01m[Kcv::Point2f[m[K’ {aka ‘[01m[Kcv::Point_<float>[m[K’} to ‘[01m[Kint[m[K’
[4.357s]  2152 | Range operator + ([01;36m[Kint delta[m[K, const Range& r1)
[4.357s]       |                   [01;36m[K~~~~^~~~~[m[K
[4.358s] In file included from [01m[K/usr/include/opencv4/opencv2/core.hpp:58[m[K,
[4.358s]                  from [01m[K/usr/include/opencv4/opencv2/opencv.hpp:52[m[K,
[4.358s]                  from [01m[K/home/edgar/Desktop/ldlidar_ros2_ws/src/laser_consumer/src/laser_consumer.cpp:4[m[K:
[4.358s] [01m[K/usr/include/opencv4/opencv2/core/mat.hpp:3597:20:[m[K [01;36m[Knote: [m[Kcandidate: ‘[01m[Kcv::MatExpr cv::operator+(const cv::Mat&, const cv::Mat&)[m[K’
[4.358s]  3597 | CV_EXPORTS MatExpr [01;36m[Koperator[m[K + (const Mat& a, const Mat& b);
[4.359s]       |                    [01;36m[K^~~~~~~~[m[K
[4.359s] [01m[K/usr/include/opencv4/opencv2/core/mat.hpp:3597:43:[m[K [01;36m[Knote: [m[K  no known conversion for argument 1 from ‘[01m[Kcv::Point2f[m[K’ {aka ‘[01m[Kcv::Point_<float>[m[K’} to ‘[01m[Kconst cv::Mat&[m[K’
[4.359s]  3597 | CV_EXPORTS MatExpr operator + ([01;36m[Kconst Mat& a[m[K, const Mat& b);
[4.359s]       |                                [01;36m[K~~~~~~~~~~~^[m[K
[4.359s] [01m[K/usr/include/opencv4/opencv2/core/mat.hpp:3598:20:[m[K [01;36m[Knote: [m[Kcandidate: ‘[01m[Kcv::MatExpr cv::operator+(const cv::Mat&, const Scalar&)[m[K’
[4.359s]  3598 | CV_EXPORTS MatExpr [01;36m[Koperator[m[K + (const Mat& a, const Scalar& s);
[4.360s]       |                    [01;36m[K^~~~~~~~[m[K
[4.360s] [01m[K/usr/include/opencv4/opencv2/core/mat.hpp:3598:43:[m[K [01;36m[Knote: [m[K  no known conversion for argument 1 from ‘[01m[Kcv::Point2f[m[K’ {aka ‘[01m[Kcv::Point_<float>[m[K’} to ‘[01m[Kconst cv::Mat&[m[K’
[4.360s]  3598 | CV_EXPORTS MatExpr operator + ([01;36m[Kconst Mat& a[m[K, const Scalar& s);
[4.360s]       |                                [01;36m[K~~~~~~~~~~~^[m[K
[4.360s] [01m[K/usr/include/opencv4/opencv2/core/mat.hpp:3599:20:[m[K [01;36m[Knote: [m[Kcandidate: ‘[01m[Kcv::MatExpr cv::operator+(const Scalar&, const cv::Mat&)[m[K’
[4.361s]  3599 | CV_EXPORTS MatExpr [01;36m[Koperator[m[K + (const Scalar& s, const Mat& a);
[4.361s]       |                    [01;36m[K^~~~~~~~[m[K
[4.361s] [01m[K/usr/include/opencv4/opencv2/core/mat.hpp:3599:46:[m[K [01;36m[Knote: [m[K  no known conversion for argument 1 from ‘[01m[Kcv::Point2f[m[K’ {aka ‘[01m[Kcv::Point_<float>[m[K’} to ‘[01m[Kconst Scalar&[m[K’ {aka ‘[01m[Kconst cv::Scalar_<double>&[m[K’}
[4.361s]  3599 | CV_EXPORTS MatExpr operator + ([01;36m[Kconst Scalar& s[m[K, const Mat& a);
[4.361s]       |                                [01;36m[K~~~~~~~~~~~~~~^[m[K
[4.361s] [01m[K/usr/include/opencv4/opencv2/core/mat.hpp:3600:20:[m[K [01;36m[Knote: [m[Kcandidate: ‘[01m[Kcv::MatExpr cv::operator+(const cv::MatExpr&, const cv::Mat&)[m[K’
[4.362s]  3600 | CV_EXPORTS MatExpr [01;36m[Koperator[m[K + (const MatExpr& e, const Mat& m);
[4.362s]       |                    [01;36m[K^~~~~~~~[m[K
[4.362s] [01m[K/usr/include/opencv4/opencv2/core/mat.hpp:3600:47:[m[K [01;36m[Knote: [m[K  no known conversion for argument 1 from ‘[01m[Kcv::Point2f[m[K’ {aka ‘[01m[Kcv::Point_<float>[m[K’} to ‘[01m[Kconst cv::MatExpr&[m[K’
[4.362s]  3600 | CV_EXPORTS MatExpr operator + ([01;36m[Kconst MatExpr& e[m[K, const Mat& m);
[4.362s]       |                                [01;36m[K~~~~~~~~~~~~~~~^[m[K
[4.363s] [01m[K/usr/include/opencv4/opencv2/core/mat.hpp:3601:20:[m[K [01;36m[Knote: [m[Kcandidate: ‘[01m[Kcv::MatExpr cv::operator+(const cv::Mat&, const cv::MatExpr&)[m[K’
[4.363s]  3601 | CV_EXPORTS MatExpr [01;36m[Koperator[m[K + (const Mat& m, const MatExpr& e);
[4.363s]       |                    [01;36m[K^~~~~~~~[m[K
[4.363s] [01m[K/usr/include/opencv4/opencv2/core/mat.hpp:3601:43:[m[K [01;36m[Knote: [m[K  no known conversion for argument 1 from ‘[01m[Kcv::Point2f[m[K’ {aka ‘[01m[Kcv::Point_<float>[m[K’} to ‘[01m[Kconst cv::Mat&[m[K’
[4.363s]  3601 | CV_EXPORTS MatExpr operator + ([01;36m[Kconst Mat& m[m[K, const MatExpr& e);
[4.363s]       |                                [01;36m[K~~~~~~~~~~~^[m[K
[4.364s] [01m[K/usr/include/opencv4/opencv2/core/mat.hpp:3602:20:[m[K [01;36m[Knote: [m[Kcandidate: ‘[01m[Kcv::MatExpr cv::operator+(const cv::MatExpr&, const Scalar&)[m[K’
[4.364s]  3602 | CV_EXPORTS MatExpr [01;36m[Koperator[m[K + (const MatExpr& e, const Scalar& s);
[4.364s]       |                    [01;36m[K^~~~~~~~[m[K
[4.364s] [01m[K/usr/include/opencv4/opencv2/core/mat.hpp:3602:47:[m[K [01;36m[Knote: [m[K  no known conversion for argument 1 from ‘[01m[Kcv::Point2f[m[K’ {aka ‘[01m[Kcv::Point_<float>[m[K’} to ‘[01m[Kconst cv::MatExpr&[m[K’
[4.364s]  3602 | CV_EXPORTS MatExpr operator + ([01;36m[Kconst MatExpr& e[m[K, const Scalar& s);
[4.364s]       |                                [01;36m[K~~~~~~~~~~~~~~~^[m[K
[4.365s] [01m[K/usr/include/opencv4/opencv2/core/mat.hpp:3603:20:[m[K [01;36m[Knote: [m[Kcandidate: ‘[01m[Kcv::MatExpr cv::operator+(const Scalar&, const cv::MatExpr&)[m[K’
[4.365s]  3603 | CV_EXPORTS MatExpr [01;36m[Koperator[m[K + (const Scalar& s, const MatExpr& e);
[4.365s]       |                    [01;36m[K^~~~~~~~[m[K
[4.365s] [01m[K/usr/include/opencv4/opencv2/core/mat.hpp:3603:46:[m[K [01;36m[Knote: [m[K  no known conversion for argument 1 from ‘[01m[Kcv::Point2f[m[K’ {aka ‘[01m[Kcv::Point_<float>[m[K’} to ‘[01m[Kconst Scalar&[m[K’ {aka ‘[01m[Kconst cv::Scalar_<double>&[m[K’}
[4.365s]  3603 | CV_EXPORTS MatExpr operator + ([01;36m[Kconst Scalar& s[m[K, const MatExpr& e);
[4.366s]       |                                [01;36m[K~~~~~~~~~~~~~~^[m[K
[4.366s] [01m[K/usr/include/opencv4/opencv2/core/mat.hpp:3604:20:[m[K [01;36m[Knote: [m[Kcandidate: ‘[01m[Kcv::MatExpr cv::operator+(const cv::MatExpr&, const cv::MatExpr&)[m[K’
[4.366s]  3604 | CV_EXPORTS MatExpr [01;36m[Koperator[m[K + (const MatExpr& e1, const MatExpr& e2);
[4.366s]       |                    [01;36m[K^~~~~~~~[m[K
[4.366s] [01m[K/usr/include/opencv4/opencv2/core/mat.hpp:3604:47:[m[K [01;36m[Knote: [m[K  no known conversion for argument 1 from ‘[01m[Kcv::Point2f[m[K’ {aka ‘[01m[Kcv::Point_<float>[m[K’} to ‘[01m[Kconst cv::MatExpr&[m[K’
[4.366s]  3604 | CV_EXPORTS MatExpr operator + ([01;36m[Kconst MatExpr& e1[m[K, const MatExpr& e2);
[4.367s]       |                                [01;36m[K~~~~~~~~~~~~~~~^~[m[K
[4.367s] In file included from [01m[K/usr/include/opencv4/opencv2/core/mat.hpp:3764[m[K,
[4.367s]                  from [01m[K/usr/include/opencv4/opencv2/core.hpp:58[m[K,
[4.367s]                  from [01m[K/usr/include/opencv4/opencv2/opencv.hpp:52[m[K,
[4.367s]                  from [01m[K/home/edgar/Desktop/ldlidar_ros2_ws/src/laser_consumer/src/laser_consumer.cpp:4[m[K:
[4.368s] [01m[K/usr/include/opencv4/opencv2/core/mat.inl.hpp:2439:18:[m[K [01;36m[Knote: [m[Kcandidate: ‘[01m[Kcv::MatConstIterator cv::operator+(const cv::MatConstIterator&, ptrdiff_t)[m[K’
[4.368s]  2439 | MatConstIterator [01;36m[Koperator[m[K + (const MatConstIterator& a, ptrdiff_t ofs)
[4.368s]       |                  [01;36m[K^~~~~~~~[m[K
[4.368s] [01m[K/usr/include/opencv4/opencv2/core/mat.inl.hpp:2439:54:[m[K [01;36m[Knote: [m[K  no known conversion for argument 1 from ‘[01m[Kcv::Point2f[m[K’ {aka ‘[01m[Kcv::Point_<float>[m[K’} to ‘[01m[Kconst cv::MatConstIterator&[m[K’
[4.368s]  2439 | MatConstIterator operator + ([01;36m[Kconst MatConstIterator& a[m[K, ptrdiff_t ofs)
[4.369s]       |                              [01;36m[K~~~~~~~~~~~~~~~~~~~~~~~~^[m[K
[4.369s] [01m[K/usr/include/opencv4/opencv2/core/mat.inl.hpp:2446:18:[m[K [01;36m[Knote: [m[Kcandidate: ‘[01m[Kcv::MatConstIterator cv::operator+(ptrdiff_t, const cv::MatConstIterator&)[m[K’
[4.369s]  2446 | MatConstIterator [01;36m[Koperator[m[K + (ptrdiff_t ofs, const MatConstIterator& a)
[4.369s]       |                  [01;36m[K^~~~~~~~[m[K
[4.369s] [01m[K/usr/include/opencv4/opencv2/core/mat.inl.hpp:2446:40:[m[K [01;36m[Knote: [m[K  no known conversion for argument 1 from ‘[01m[Kcv::Point2f[m[K’ {aka ‘[01m[Kcv::Point_<float>[m[K’} to ‘[01m[Kptrdiff_t[m[K’ {aka ‘[01m[Klong int[m[K’}
[4.370s]  2446 | MatConstIterator operator + ([01;36m[Kptrdiff_t ofs[m[K, const MatConstIterator& a)
[4.370s]       |                              [01;36m[K~~~~~~~~~~^~~[m[K
[4.370s] [01m[K/home/edgar/Desktop/ldlidar_ros2_ws/src/laser_consumer/src/laser_consumer.cpp:92:27:[m[K [01;31m[Kerror: [m[Kno match for ‘[01m[Koperator+[m[K’ (operand types are ‘[01m[Kcv::Point2f[m[K’ {aka ‘[01m[Kcv::Point_<float>[m[K’} and ‘[01m[Kcv::Point[m[K’ {aka ‘[01m[Kcv::Point_<int>[m[K’})
[4.370s]    92 |                 pt2 = [32m[Kpt2[m[K [01;31m[K+[m[K [34m[Kcenter[m[K;
[4.370s]       |                       [32m[K~~~[m[K [01;31m[K^[m[K [34m[K~~~~~~[m[K
[4.370s]       |                       [32m[K|[m[K     [34m[K|[m[K
[4.371s]       |                       [32m[K|[m[K     [34m[KPoint_<int>[m[K
[4.371s]       |                       [32m[KPoint_<float>[m[K
[4.371s] In file included from [01m[K/usr/include/opencv4/opencv2/core.hpp:56[m[K,
[4.371s]                  from [01m[K/usr/include/opencv4/opencv2/opencv.hpp:52[m[K,
[4.371s]                  from [01m[K/home/edgar/Desktop/ldlidar_ros2_ws/src/laser_consumer/src/laser_consumer.cpp:4[m[K:
[4.372s] [01m[K/usr/include/opencv4/opencv2/core/matx.hpp:1210:17:[m[K [01;36m[Knote: [m[Kcandidate: ‘[01m[Ktemplate<class _Tp, int m, int n> cv::Matx<_Tp, m, n> cv::operator+(const cv::Matx<_Tp, m, n>&, const cv::Matx<_Tp, m, n>&)[m[K’
[4.372s]  1210 | Matx<_Tp, m, n> [01;36m[Koperator[m[K + (const Matx<_Tp, m, n>& a, const Matx<_Tp, m, n>& b)
[4.372s]       |                 [01;36m[K^~~~~~~~[m[K
[4.372s] [01m[K/usr/include/opencv4/opencv2/core/matx.hpp:1210:17:[m[K [01;36m[Knote: [m[K  template argument deduction/substitution failed:
[4.372s] [01m[K/home/edgar/Desktop/ldlidar_ros2_ws/src/laser_consumer/src/laser_consumer.cpp:92:29:[m[K [01;36m[Knote: [m[K  ‘[01m[Kcv::Point2f[m[K’ {aka ‘[01m[Kcv::Point_<float>[m[K’} is not derived from ‘[01m[Kconst cv::Matx<_Tp, m, n>[m[K’
[4.372s]    92 |                 pt2 = pt2 + [01;36m[Kcenter[m[K;
[4.373s]       |                             [01;36m[K^~~~~~[m[K
[4.373s] In file included from [01m[K/usr/include/opencv4/opencv2/core.hpp:56[m[K,
[4.373s]                  from [01m[K/usr/include/opencv4/opencv2/opencv.hpp:52[m[K,
[4.373s]                  from [01m[K/home/edgar/Desktop/ldlidar_ros2_ws/src/laser_consumer/src/laser_consumer.cpp:4[m[K:
[4.373s] [01m[K/usr/include/opencv4/opencv2/core/matx.hpp:1366:14:[m[K [01;36m[Knote: [m[Kcandidate: ‘[01m[Ktemplate<class _Tp, int cn> cv::Vec<_Tp, m> cv::operator+(const cv::Vec<_Tp, m>&, const cv::Vec<_Tp, m>&)[m[K’
[4.374s]  1366 | Vec<_Tp, cn> [01;36m[Koperator[m[K + (const Vec<_Tp, cn>& a, const Vec<_Tp, cn>& b)
[4.374s]       |              [01;36m[K^~~~~~~~[m[K
[4.374s] [01m[K/usr/include/opencv4/opencv2/core/matx.hpp:1366:14:[m[K [01;36m[Knote: [m[K  template argument deduction/substitution failed:
[4.374s] [01m[K/home/edgar/Desktop/ldlidar_ros2_ws/src/laser_consumer/src/laser_consumer.cpp:92:29:[m[K [01;36m[Knote: [m[K  ‘[01m[Kcv::Point2f[m[K’ {aka ‘[01m[Kcv::Point_<float>[m[K’} is not derived from ‘[01m[Kconst cv::Vec<_Tp, m>[m[K’
[4.374s]    92 |                 pt2 = pt2 + [01;36m[Kcenter[m[K;
[4.375s]       |                             [01;36m[K^~~~~~[m[K
[4.375s] In file included from [01m[K/usr/include/opencv4/opencv2/core.hpp:57[m[K,
[4.375s]                  from [01m[K/usr/include/opencv4/opencv2/opencv.hpp:52[m[K,
[4.375s]                  from [01m[K/home/edgar/Desktop/ldlidar_ros2_ws/src/laser_consumer/src/laser_consumer.cpp:4[m[K:
[4.375s] [01m[K/usr/include/opencv4/opencv2/core/types.hpp:1041:14:[m[K [01;36m[Knote: [m[Kcandidate: ‘[01m[Ktemplate<class _Tp> cv::Complex<_Tp> cv::operator+(const cv::Complex<_Tp>&, const cv::Complex<_Tp>&)[m[K’
[4.375s]  1041 | Complex<_Tp> [01;36m[Koperator[m[K + (const Complex<_Tp>& a, const Complex<_Tp>& b)
[4.376s]       |              [01;36m[K^~~~~~~~[m[K
[4.376s] [01m[K/usr/include/opencv4/opencv2/core/types.hpp:1041:14:[m[K [01;36m[Knote: [m[K  template argument deduction/substitution failed:
[4.376s] [01m[K/home/edgar/Desktop/ldlidar_ros2_ws/src/laser_consumer/src/laser_consumer.cpp:92:29:[m[K [01;36m[Knote: [m[K  ‘[01m[Kcv::Point2f[m[K’ {aka ‘[01m[Kcv::Point_<float>[m[K’} is not derived from ‘[01m[Kconst cv::Complex<_Tp>[m[K’
[4.376s]    92 |                 pt2 = pt2 + [01;36m[Kcenter[m[K;
[4.376s]       |                             [01;36m[K^~~~~~[m[K
[4.377s] In file included from [01m[K/usr/include/opencv4/opencv2/core.hpp:57[m[K,
[4.377s]                  from [01m[K/usr/include/opencv4/opencv2/opencv.hpp:52[m[K,
[4.377s]                  from [01m[K/home/edgar/Desktop/ldlidar_ros2_ws/src/laser_consumer/src/laser_consumer.cpp:4[m[K:
[4.377s] [01m[K/usr/include/opencv4/opencv2/core/types.hpp:1091:14:[m[K [01;36m[Knote: [m[Kcandidate: ‘[01m[Ktemplate<class _Tp> cv::Complex<_Tp> cv::operator+(const cv::Complex<_Tp>&, _Tp)[m[K’
[4.377s]  1091 | Complex<_Tp> [01;36m[Koperator[m[K + (const Complex<_Tp>& a, _Tp b)
[4.377s]       |              [01;36m[K^~~~~~~~[m[K
[4.378s] [01m[K/usr/include/opencv4/opencv2/core/types.hpp:1091:14:[m[K [01;36m[Knote: [m[K  template argument deduction/substitution failed:
[4.378s] [01m[K/home/edgar/Desktop/ldlidar_ros2_ws/src/laser_consumer/src/laser_consumer.cpp:92:29:[m[K [01;36m[Knote: [m[K  ‘[01m[Kcv::Point2f[m[K’ {aka ‘[01m[Kcv::Point_<float>[m[K’} is not derived from ‘[01m[Kconst cv::Complex<_Tp>[m[K’
[4.378s]    92 |                 pt2 = pt2 + [01;36m[Kcenter[m[K;
[4.378s]       |                             [01;36m[K^~~~~~[m[K
[4.378s] In file included from [01m[K/usr/include/opencv4/opencv2/core.hpp:57[m[K,
[4.379s]                  from [01m[K/usr/include/opencv4/opencv2/opencv.hpp:52[m[K,
[4.379s]                  from [01m[K/home/edgar/Desktop/ldlidar_ros2_ws/src/laser_consumer/src/laser_consumer.cpp:4[m[K:
[4.379s] [01m[K/usr/include/opencv4/opencv2/core/types.hpp:1101:14:[m[K [01;36m[Knote: [m[Kcandidate: ‘[01m[Ktemplate<class _Tp> cv::Complex<_Tp> cv::operator+(_Tp, const cv::Complex<_Tp>&)[m[K’
[4.379s]  1101 | Complex<_Tp> [01;36m[Koperator[m[K + (_Tp b, const Complex<_Tp>& a)
[4.379s]       |              [01;36m[K^~~~~~~~[m[K
[4.380s] [01m[K/usr/include/opencv4/opencv2/core/types.hpp:1101:14:[m[K [01;36m[Knote: [m[K  template argument deduction/substitution failed:
[4.380s] [01m[K/home/edgar/Desktop/ldlidar_ros2_ws/src/laser_consumer/src/laser_consumer.cpp:92:29:[m[K [01;36m[Knote: [m[K  ‘[01m[Kcv::Point[m[K’ {aka ‘[01m[Kcv::Point_<int>[m[K’} is not derived from ‘[01m[Kconst cv::Complex<_Tp>[m[K’
[4.380s]    92 |                 pt2 = pt2 + [01;36m[Kcenter[m[K;
[4.380s]       |                             [01;36m[K^~~~~~[m[K
[4.380s] In file included from [01m[K/usr/include/opencv4/opencv2/core.hpp:57[m[K,
[4.380s]                  from [01m[K/usr/include/opencv4/opencv2/opencv.hpp:52[m[K,
[4.381s]                  from [01m[K/home/edgar/Desktop/ldlidar_ros2_ws/src/laser_consumer/src/laser_consumer.cpp:4[m[K:
[4.381s] [01m[K/usr/include/opencv4/opencv2/core/types.hpp:1333:13:[m[K [01;36m[Knote: [m[Kcandidate: ‘[01m[Ktemplate<class _Tp> cv::Point_<_Tp> cv::operator+(const cv::Point_<_Tp>&, const cv::Point_<_Tp>&)[m[K’
[4.381s]  1333 | Point_<_Tp> [01;36m[Koperator[m[K + (const Point_<_Tp>& a, const Point_<_Tp>& b)
[4.381s]       |             [01;36m[K^~~~~~~~[m[K
[4.381s] [01m[K/usr/include/opencv4/opencv2/core/types.hpp:1333:13:[m[K [01;36m[Knote: [m[K  template argument deduction/substitution failed:
[4.382s] [01m[K/home/edgar/Desktop/ldlidar_ros2_ws/src/laser_consumer/src/laser_consumer.cpp:92:29:[m[K [01;36m[Knote: [m[K  deduced conflicting types for parameter ‘[01m[K_Tp[m[K’ (‘[01m[Kfloat[m[K’ and ‘[01m[Kint[m[K’)
[4.382s]    92 |                 pt2 = pt2 + [01;36m[Kcenter[m[K;
[4.382s]       |                             [01;36m[K^~~~~~[m[K
[4.382s] In file included from [01m[K/usr/include/opencv4/opencv2/core.hpp:57[m[K,
[4.382s]                  from [01m[K/usr/include/opencv4/opencv2/opencv.hpp:52[m[K,
[4.382s]                  from [01m[K/home/edgar/Desktop/ldlidar_ros2_ws/src/laser_consumer/src/laser_consumer.cpp:4[m[K:
[4.383s] [01m[K/usr/include/opencv4/opencv2/core/types.hpp:1602:14:[m[K [01;36m[Knote: [m[Kcandidate: ‘[01m[Ktemplate<class _Tp> cv::Point3_<_Tp> cv::operator+(const cv::Point3_<_Tp>&, const cv::Point3_<_Tp>&)[m[K’
[4.383s]  1602 | Point3_<_Tp> [01;36m[Koperator[m[K + (const Point3_<_Tp>& a, const Point3_<_Tp>& b)
[4.383s]       |              [01;36m[K^~~~~~~~[m[K
[4.383s] [01m[K/usr/include/opencv4/opencv2/core/types.hpp:1602:14:[m[K [01;36m[Knote: [m[K  template argument deduction/substitution failed:
[4.383s] [01m[K/home/edgar/Desktop/ldlidar_ros2_ws/src/laser_consumer/src/laser_consumer.cpp:92:29:[m[K [01;36m[Knote: [m[K  ‘[01m[Kcv::Point2f[m[K’ {aka ‘[01m[Kcv::Point_<float>[m[K’} is not derived from ‘[01m[Kconst cv::Point3_<_Tp>[m[K’
[4.384s]    92 |                 pt2 = pt2 + [01;36m[Kcenter[m[K;
[4.384s]       |                             [01;36m[K^~~~~~[m[K
[4.384s] In file included from [01m[K/usr/include/opencv4/opencv2/core.hpp:57[m[K,
[4.384s]                  from [01m[K/usr/include/opencv4/opencv2/opencv.hpp:52[m[K,
[4.384s]                  from [01m[K/home/edgar/Desktop/ldlidar_ros2_ws/src/laser_consumer/src/laser_consumer.cpp:4[m[K:
[4.384s] [01m[K/usr/include/opencv4/opencv2/core/types.hpp:1799:12:[m[K [01;36m[Knote: [m[Kcandidate: ‘[01m[Ktemplate<class _Tp> cv::Size_<_Tp> cv::operator+(const cv::Size_<_Tp>&, const cv::Size_<_Tp>&)[m[K’
[4.385s]  1799 | Size_<_Tp> [01;36m[Koperator[m[K + (const Size_<_Tp>& a, const Size_<_Tp>& b)
[4.385s]       |            [01;36m[K^~~~~~~~[m[K
[4.385s] [01m[K/usr/include/opencv4/opencv2/core/types.hpp:1799:12:[m[K [01;36m[Knote: [m[K  template argument deduction/substitution failed:
[4.385s] [01m[K/home/edgar/Desktop/ldlidar_ros2_ws/src/laser_consumer/src/laser_consumer.cpp:92:29:[m[K [01;36m[Knote: [m[K  ‘[01m[Kcv::Point2f[m[K’ {aka ‘[01m[Kcv::Point_<float>[m[K’} is not derived from ‘[01m[Kconst cv::Size_<_Tp>[m[K’
[4.385s]    92 |                 pt2 = pt2 + [01;36m[Kcenter[m[K;
[4.386s]       |                             [01;36m[K^~~~~~[m[K
[4.386s] In file included from [01m[K/usr/include/opencv4/opencv2/core.hpp:57[m[K,
[4.386s]                  from [01m[K/usr/include/opencv4/opencv2/opencv.hpp:52[m[K,
[4.386s]                  from [01m[K/home/edgar/Desktop/ldlidar_ros2_ws/src/laser_consumer/src/laser_consumer.cpp:4[m[K:
[4.386s] [01m[K/usr/include/opencv4/opencv2/core/types.hpp:2012:12:[m[K [01;36m[Knote: [m[Kcandidate: ‘[01m[Ktemplate<class _Tp> cv::Rect_<_Tp> cv::operator+(const cv::Rect_<_Tp>&, const cv::Point_<_Tp>&)[m[K’
[4.386s]  2012 | Rect_<_Tp> [01;36m[Koperator[m[K + (const Rect_<_Tp>& a, const Point_<_Tp>& b)
[4.387s]       |            [01;36m[K^~~~~~~~[m[K
[4.387s] [01m[K/usr/include/opencv4/opencv2/core/types.hpp:2012:12:[m[K [01;36m[Knote: [m[K  template argument deduction/substitution failed:
[4.387s] [01m[K/home/edgar/Desktop/ldlidar_ros2_ws/src/laser_consumer/src/laser_consumer.cpp:92:29:[m[K [01;36m[Knote: [m[K  ‘[01m[Kcv::Point2f[m[K’ {aka ‘[01m[Kcv::Point_<float>[m[K’} is not derived from ‘[01m[Kconst cv::Rect_<_Tp>[m[K’
[4.387s]    92 |                 pt2 = pt2 + [01;36m[Kcenter[m[K;
[4.387s]       |                             [01;36m[K^~~~~~[m[K
[4.388s] In file included from [01m[K/usr/include/opencv4/opencv2/core.hpp:57[m[K,
[4.388s]                  from [01m[K/usr/include/opencv4/opencv2/opencv.hpp:52[m[K,
[4.388s]                  from [01m[K/home/edgar/Desktop/ldlidar_ros2_ws/src/laser_consumer/src/laser_consumer.cpp:4[m[K:
[4.388s] [01m[K/usr/include/opencv4/opencv2/core/types.hpp:2024:12:[m[K [01;36m[Knote: [m[Kcandidate: ‘[01m[Ktemplate<class _Tp> cv::Rect_<_Tp> cv::operator+(const cv::Rect_<_Tp>&, const cv::Size_<_Tp>&)[m[K’
[4.388s]  2024 | Rect_<_Tp> [01;36m[Koperator[m[K + (const Rect_<_Tp>& a, const Size_<_Tp>& b)
[4.388s]       |            [01;36m[K^~~~~~~~[m[K
[4.389s] [01m[K/usr/include/opencv4/opencv2/core/types.hpp:2024:12:[m[K [01;36m[Knote: [m[K  template argument deduction/substitution failed:
[4.389s] [01m[K/home/edgar/Desktop/ldlidar_ros2_ws/src/laser_consumer/src/laser_consumer.cpp:92:29:[m[K [01;36m[Knote: [m[K  ‘[01m[Kcv::Point2f[m[K’ {aka ‘[01m[Kcv::Point_<float>[m[K’} is not derived from ‘[01m[Kconst cv::Rect_<_Tp>[m[K’
[4.389s]    92 |                 pt2 = pt2 + [01;36m[Kcenter[m[K;
[4.389s]       |                             [01;36m[K^~~~~~[m[K
[4.389s] In file included from [01m[K/usr/include/opencv4/opencv2/core.hpp:57[m[K,
[4.390s]                  from [01m[K/usr/include/opencv4/opencv2/opencv.hpp:52[m[K,
[4.390s]                  from [01m[K/home/edgar/Desktop/ldlidar_ros2_ws/src/laser_consumer/src/laser_consumer.cpp:4[m[K:
[4.390s] [01m[K/usr/include/opencv4/opencv2/core/types.hpp:2316:14:[m[K [01;36m[Knote: [m[Kcandidate: ‘[01m[Ktemplate<class _Tp> cv::Scalar_<_Tp> cv::operator+(const cv::Scalar_<_Tp>&, const cv::Scalar_<_Tp>&)[m[K’
[4.390s]  2316 | Scalar_<_Tp> [01;36m[Koperator[m[K + (const Scalar_<_Tp>& a, const Scalar_<_Tp>& b)
[4.390s]       |              [01;36m[K^~~~~~~~[m[K
[4.390s] [01m[K/usr/include/opencv4/opencv2/core/types.hpp:2316:14:[m[K [01;36m[Knote: [m[K  template argument deduction/substitution failed:
[4.391s] [01m[K/home/edgar/Desktop/ldlidar_ros2_ws/src/laser_consumer/src/laser_consumer.cpp:92:29:[m[K [01;36m[Knote: [m[K  ‘[01m[Kcv::Point2f[m[K’ {aka ‘[01m[Kcv::Point_<float>[m[K’} is not derived from ‘[01m[Kconst cv::Scalar_<_Tp>[m[K’
[4.391s]    92 |                 pt2 = pt2 + [01;36m[Kcenter[m[K;
[4.391s]       |                             [01;36m[K^~~~~~[m[K
[4.391s] In file included from [01m[K/usr/include/opencv4/opencv2/core.hpp:58[m[K,
[4.391s]                  from [01m[K/usr/include/opencv4/opencv2/opencv.hpp:52[m[K,
[4.392s]                  from [01m[K/home/edgar/Desktop/ldlidar_ros2_ws/src/laser_consumer/src/laser_consumer.cpp:4[m[K:
[4.392s] [01m[K/usr/include/opencv4/opencv2/core/mat.hpp:3606:9:[m[K [01;36m[Knote: [m[Kcandidate: ‘[01m[Ktemplate<class _Tp, int m, int n> cv::MatExpr cv::operator+(const cv::Mat&, const cv::Matx<_Tp, m, n>&)[m[K’
[4.392s]  3606 | MatExpr [01;36m[Koperator[m[K + (const Mat& a, const Matx<_Tp, m, n>& b) { return a + Mat(b); }
[4.392s]       |         [01;36m[K^~~~~~~~[m[K
[4.392s] [01m[K/usr/include/opencv4/opencv2/core/mat.hpp:3606:9:[m[K [01;36m[Knote: [m[K  template argument deduction/substitution failed:
[4.392s] [01m[K/home/edgar/Desktop/ldlidar_ros2_ws/src/laser_consumer/src/laser_consumer.cpp:92:29:[m[K [01;36m[Knote: [m[K  ‘[01m[Kcv::Point[m[K’ {aka ‘[01m[Kcv::Point_<int>[m[K’} is not derived from ‘[01m[Kconst cv::Matx<_Tp, m, n>[m[K’
[4.393s]    92 |                 pt2 = pt2 + [01;36m[Kcenter[m[K;
[4.393s]       |                             [01;36m[K^~~~~~[m[K
[4.393s] In file included from [01m[K/usr/include/opencv4/opencv2/core.hpp:58[m[K,
[4.393s]                  from [01m[K/usr/include/opencv4/opencv2/opencv.hpp:52[m[K,
[4.393s]                  from [01m[K/home/edgar/Desktop/ldlidar_ros2_ws/src/laser_consumer/src/laser_consumer.cpp:4[m[K:
[4.394s] [01m[K/usr/include/opencv4/opencv2/core/mat.hpp:3608:9:[m[K [01;36m[Knote: [m[Kcandidate: ‘[01m[Ktemplate<class _Tp, int m, int n> cv::MatExpr cv::operator+(const cv::Matx<_Tp, m, n>&, const cv::Mat&)[m[K’
[4.394s]  3608 | MatExpr [01;36m[Koperator[m[K + (const Matx<_Tp, m, n>& a, const Mat& b) { return Mat(a) + b; }
[4.394s]       |         [01;36m[K^~~~~~~~[m[K
[4.394s] [01m[K/usr/include/opencv4/opencv2/core/mat.hpp:3608:9:[m[K [01;36m[Knote: [m[K  template argument deduction/substitution failed:
[4.394s] [01m[K/home/edgar/Desktop/ldlidar_ros2_ws/src/laser_consumer/src/laser_consumer.cpp:92:29:[m[K [01;36m[Knote: [m[K  ‘[01m[Kcv::Point2f[m[K’ {aka ‘[01m[Kcv::Point_<float>[m[K’} is not derived from ‘[01m[Kconst cv::Matx<_Tp, m, n>[m[K’
[4.394s]    92 |                 pt2 = pt2 + [01;36m[Kcenter[m[K;
[4.395s]       |                             [01;36m[K^~~~~~[m[K
[4.395s] In file included from [01m[K/usr/include/opencv4/opencv2/core/mat.hpp:3764[m[K,
[4.395s]                  from [01m[K/usr/include/opencv4/opencv2/core.hpp:58[m[K,
[4.395s]                  from [01m[K/usr/include/opencv4/opencv2/opencv.hpp:52[m[K,
[4.395s]                  from [01m[K/home/edgar/Desktop/ldlidar_ros2_ws/src/laser_consumer/src/laser_consumer.cpp:4[m[K:
[4.395s] [01m[K/usr/include/opencv4/opencv2/core/mat.inl.hpp:2587:24:[m[K [01;36m[Knote: [m[Kcandidate: ‘[01m[Ktemplate<class _Tp> cv::MatConstIterator_<_Tp> cv::operator+(const cv::MatConstIterator_<_Tp>&, ptrdiff_t)[m[K’
[4.396s]  2587 | MatConstIterator_<_Tp> [01;36m[Koperator[m[K + (const MatConstIterator_<_Tp>& a, ptrdiff_t ofs)
[4.396s]       |                        [01;36m[K^~~~~~~~[m[K
[4.396s] [01m[K/usr/include/opencv4/opencv2/core/mat.inl.hpp:2587:24:[m[K [01;36m[Knote: [m[K  template argument deduction/substitution failed:
[4.396s] [01m[K/home/edgar/Desktop/ldlidar_ros2_ws/src/laser_consumer/src/laser_consumer.cpp:92:29:[m[K [01;36m[Knote: [m[K  ‘[01m[Kcv::Point2f[m[K’ {aka ‘[01m[Kcv::Point_<float>[m[K’} is not derived from ‘[01m[Kconst cv::MatConstIterator_<_Tp>[m[K’
[4.396s]    92 |                 pt2 = pt2 + [01;36m[Kcenter[m[K;
[4.396s]       |                             [01;36m[K^~~~~~[m[K
[4.397s] In file included from [01m[K/usr/include/opencv4/opencv2/core/mat.hpp:3764[m[K,
[4.397s]                  from [01m[K/usr/include/opencv4/opencv2/core.hpp:58[m[K,
[4.397s]                  from [01m[K/usr/include/opencv4/opencv2/opencv.hpp:52[m[K,
[4.397s]                  from [01m[K/home/edgar/Desktop/ldlidar_ros2_ws/src/laser_consumer/src/laser_consumer.cpp:4[m[K:
[4.397s] [01m[K/usr/include/opencv4/opencv2/core/mat.inl.hpp:2594:24:[m[K [01;36m[Knote: [m[Kcandidate: ‘[01m[Ktemplate<class _Tp> cv::MatConstIterator_<_Tp> cv::operator+(ptrdiff_t, const cv::MatConstIterator_<_Tp>&)[m[K’
[4.398s]  2594 | MatConstIterator_<_Tp> [01;36m[Koperator[m[K + (ptrdiff_t ofs, const MatConstIterator_<_Tp>& a)
[4.398s]       |                        [01;36m[K^~~~~~~~[m[K
[4.398s] [01m[K/usr/include/opencv4/opencv2/core/mat.inl.hpp:2594:24:[m[K [01;36m[Knote: [m[K  template argument deduction/substitution failed:
[4.398s] [01m[K/home/edgar/Desktop/ldlidar_ros2_ws/src/laser_consumer/src/laser_consumer.cpp:92:29:[m[K [01;36m[Knote: [m[K  ‘[01m[Kcv::Point[m[K’ {aka ‘[01m[Kcv::Point_<int>[m[K’} is not derived from ‘[01m[Kconst cv::MatConstIterator_<_Tp>[m[K’
[4.398s]    92 |                 pt2 = pt2 + [01;36m[Kcenter[m[K;
[4.399s]       |                             [01;36m[K^~~~~~[m[K
[4.399s] In file included from [01m[K/usr/include/opencv4/opencv2/core/mat.hpp:3764[m[K,
[4.399s]                  from [01m[K/usr/include/opencv4/opencv2/core.hpp:58[m[K,
[4.399s]                  from [01m[K/usr/include/opencv4/opencv2/opencv.hpp:52[m[K,
[4.399s]                  from [01m[K/home/edgar/Desktop/ldlidar_ros2_ws/src/laser_consumer/src/laser_consumer.cpp:4[m[K:
[4.399s] [01m[K/usr/include/opencv4/opencv2/core/mat.inl.hpp:2724:19:[m[K [01;36m[Knote: [m[Kcandidate: ‘[01m[Ktemplate<class _Tp> cv::MatIterator_<_Tp> cv::operator+(const cv::MatIterator_<_Tp>&, ptrdiff_t)[m[K’
[4.400s]  2724 | MatIterator_<_Tp> [01;36m[Koperator[m[K + (const MatIterator_<_Tp>& a, ptrdiff_t ofs)
[4.400s]       |                   [01;36m[K^~~~~~~~[m[K
[4.400s] [01m[K/usr/include/opencv4/opencv2/core/mat.inl.hpp:2724:19:[m[K [01;36m[Knote: [m[K  template argument deduction/substitution failed:
[4.400s] [01m[K/home/edgar/Desktop/ldlidar_ros2_ws/src/laser_consumer/src/laser_consumer.cpp:92:29:[m[K [01;36m[Knote: [m[K  ‘[01m[Kcv::Point2f[m[K’ {aka ‘[01m[Kcv::Point_<float>[m[K’} is not derived from ‘[01m[Kconst cv::MatIterator_<_Tp>[m[K’
[4.400s]    92 |                 pt2 = pt2 + [01;36m[Kcenter[m[K;
[4.401s]       |                             [01;36m[K^~~~~~[m[K
[4.401s] In file included from [01m[K/usr/include/opencv4/opencv2/core/mat.hpp:3764[m[K,
[4.401s]                  from [01m[K/usr/include/opencv4/opencv2/core.hpp:58[m[K,
[4.401s]                  from [01m[K/usr/include/opencv4/opencv2/opencv.hpp:52[m[K,
[4.401s]                  from [01m[K/home/edgar/Desktop/ldlidar_ros2_ws/src/laser_consumer/src/laser_consumer.cpp:4[m[K:
[4.401s] [01m[K/usr/include/opencv4/opencv2/core/mat.inl.hpp:2731:19:[m[K [01;36m[Knote: [m[Kcandidate: ‘[01m[Ktemplate<class _Tp> cv::MatIterator_<_Tp> cv::operator+(ptrdiff_t, const cv::MatIterator_<_Tp>&)[m[K’
[4.402s]  2731 | MatIterator_<_Tp> [01;36m[Koperator[m[K + (ptrdiff_t ofs, const MatIterator_<_Tp>& a)
[4.402s]       |                   [01;36m[K^~~~~~~~[m[K
[4.402s] [01m[K/usr/include/opencv4/opencv2/core/mat.inl.hpp:2731:19:[m[K [01;36m[Knote: [m[K  template argument deduction/substitution failed:
[4.402s] [01m[K/home/edgar/Desktop/ldlidar_ros2_ws/src/laser_consumer/src/laser_consumer.cpp:92:29:[m[K [01;36m[Knote: [m[K  ‘[01m[Kcv::Point[m[K’ {aka ‘[01m[Kcv::Point_<int>[m[K’} is not derived from ‘[01m[Kconst cv::MatIterator_<_Tp>[m[K’
[4.402s]    92 |                 pt2 = pt2 + [01;36m[Kcenter[m[K;
[4.402s]       |                             [01;36m[K^~~~~~[m[K
[4.403s] In file included from [01m[K/usr/include/opencv4/opencv2/core.hpp:57[m[K,
[4.403s]                  from [01m[K/usr/include/opencv4/opencv2/opencv.hpp:52[m[K,
[4.403s]                  from [01m[K/home/edgar/Desktop/ldlidar_ros2_ws/src/laser_consumer/src/laser_consumer.cpp:4[m[K:
[4.403s] [01m[K/usr/include/opencv4/opencv2/core/types.hpp:2146:7:[m[K [01;36m[Knote: [m[Kcandidate: ‘[01m[Kcv::Range cv::operator+(const cv::Range&, int)[m[K’
[4.403s]  2146 | Range [01;36m[Koperator[m[K + (const Range& r1, int delta)
[4.404s]       |       [01;36m[K^~~~~~~~[m[K
[4.404s] [01m[K/usr/include/opencv4/opencv2/core/types.hpp:2146:32:[m[K [01;36m[Knote: [m[K  no known conversion for argument 1 from ‘[01m[Kcv::Point2f[m[K’ {aka ‘[01m[Kcv::Point_<float>[m[K’} to ‘[01m[Kconst cv::Range&[m[K’
[4.404s]  2146 | Range operator + ([01;36m[Kconst Range& r1[m[K, int delta)
[4.404s]       |                   [01;36m[K~~~~~~~~~~~~~^~[m[K
[4.404s] [01m[K/usr/include/opencv4/opencv2/core/types.hpp:2152:7:[m[K [01;36m[Knote: [m[Kcandidate: ‘[01m[Kcv::Range cv::operator+(int, const cv::Range&)[m[K’
[4.404s]  2152 | Range [01;36m[Koperator[m[K + (int delta, const Range& r1)
[4.405s]       |       [01;36m[K^~~~~~~~[m[K
[4.405s] [01m[K/usr/include/opencv4/opencv2/core/types.hpp:2152:23:[m[K [01;36m[Knote: [m[K  no known conversion for argument 1 from ‘[01m[Kcv::Point2f[m[K’ {aka ‘[01m[Kcv::Point_<float>[m[K’} to ‘[01m[Kint[m[K’
[4.405s]  2152 | Range operator + ([01;36m[Kint delta[m[K, const Range& r1)
[4.405s]       |                   [01;36m[K~~~~^~~~~[m[K
[4.405s] In file included from [01m[K/usr/include/opencv4/opencv2/core.hpp:58[m[K,
[4.406s]                  from [01m[K/usr/include/opencv4/opencv2/opencv.hpp:52[m[K,
[4.406s]                  from [01m[K/home/edgar/Desktop/ldlidar_ros2_ws/src/laser_consumer/src/laser_consumer.cpp:4[m[K:
[4.406s] [01m[K/usr/include/opencv4/opencv2/core/mat.hpp:3597:20:[m[K [01;36m[Knote: [m[Kcandidate: ‘[01m[Kcv::MatExpr cv::operator+(const cv::Mat&, const cv::Mat&)[m[K’
[4.406s]  3597 | CV_EXPORTS MatExpr [01;36m[Koperator[m[K + (const Mat& a, const Mat& b);
[4.406s]       |                    [01;36m[K^~~~~~~~[m[K
[4.406s] [01m[K/usr/include/opencv4/opencv2/core/mat.hpp:3597:43:[m[K [01;36m[Knote: [m[K  no known conversion for argument 1 from ‘[01m[Kcv::Point2f[m[K’ {aka ‘[01m[Kcv::Point_<float>[m[K’} to ‘[01m[Kconst cv::Mat&[m[K’
[4.407s]  3597 | CV_EXPORTS MatExpr operator + ([01;36m[Kconst Mat& a[m[K, const Mat& b);
[4.407s]       |                                [01;36m[K~~~~~~~~~~~^[m[K
[4.407s] [01m[K/usr/include/opencv4/opencv2/core/mat.hpp:3598:20:[m[K [01;36m[Knote: [m[Kcandidate: ‘[01m[Kcv::MatExpr cv::operator+(const cv::Mat&, const Scalar&)[m[K’
[4.407s]  3598 | CV_EXPORTS MatExpr [01;36m[Koperator[m[K + (const Mat& a, const Scalar& s);
[4.407s]       |                    [01;36m[K^~~~~~~~[m[K
[4.407s] [01m[K/usr/include/opencv4/opencv2/core/mat.hpp:3598:43:[m[K [01;36m[Knote: [m[K  no known conversion for argument 1 from ‘[01m[Kcv::Point2f[m[K’ {aka ‘[01m[Kcv::Point_<float>[m[K’} to ‘[01m[Kconst cv::Mat&[m[K’
[4.408s]  3598 | CV_EXPORTS MatExpr operator + ([01;36m[Kconst Mat& a[m[K, const Scalar& s);
[4.408s]       |                                [01;36m[K~~~~~~~~~~~^[m[K
[4.408s] [01m[K/usr/include/opencv4/opencv2/core/mat.hpp:3599:20:[m[K [01;36m[Knote: [m[Kcandidate: ‘[01m[Kcv::MatExpr cv::operator+(const Scalar&, const cv::Mat&)[m[K’
[4.408s]  3599 | CV_EXPORTS MatExpr [01;36m[Koperator[m[K + (const Scalar& s, const Mat& a);
[4.408s]       |                    [01;36m[K^~~~~~~~[m[K
[4.409s] [01m[K/usr/include/opencv4/opencv2/core/mat.hpp:3599:46:[m[K [01;36m[Knote: [m[K  no known conversion for argument 1 from ‘[01m[Kcv::Point2f[m[K’ {aka ‘[01m[Kcv::Point_<float>[m[K’} to ‘[01m[Kconst Scalar&[m[K’ {aka ‘[01m[Kconst cv::Scalar_<double>&[m[K’}
[4.409s]  3599 | CV_EXPORTS MatExpr operator + ([01;36m[Kconst Scalar& s[m[K, const Mat& a);
[4.409s]       |                                [01;36m[K~~~~~~~~~~~~~~^[m[K
[4.409s] [01m[K/usr/include/opencv4/opencv2/core/mat.hpp:3600:20:[m[K [01;36m[Knote: [m[Kcandidate: ‘[01m[Kcv::MatExpr cv::operator+(const cv::MatExpr&, const cv::Mat&)[m[K’
[4.409s]  3600 | CV_EXPORTS MatExpr [01;36m[Koperator[m[K + (const MatExpr& e, const Mat& m);
[4.409s]       |                    [01;36m[K^~~~~~~~[m[K
[4.410s] [01m[K/usr/include/opencv4/opencv2/core/mat.hpp:3600:47:[m[K [01;36m[Knote: [m[K  no known conversion for argument 1 from ‘[01m[Kcv::Point2f[m[K’ {aka ‘[01m[Kcv::Point_<float>[m[K’} to ‘[01m[Kconst cv::MatExpr&[m[K’
[4.410s]  3600 | CV_EXPORTS MatExpr operator + ([01;36m[Kconst MatExpr& e[m[K, const Mat& m);
[4.410s]       |                                [01;36m[K~~~~~~~~~~~~~~~^[m[K
[4.410s] [01m[K/usr/include/opencv4/opencv2/core/mat.hpp:3601:20:[m[K [01;36m[Knote: [m[Kcandidate: ‘[01m[Kcv::MatExpr cv::operator+(const cv::Mat&, const cv::MatExpr&)[m[K’
[4.410s]  3601 | CV_EXPORTS MatExpr [01;36m[Koperator[m[K + (const Mat& m, const MatExpr& e);
[4.411s]       |                    [01;36m[K^~~~~~~~[m[K
[4.411s] [01m[K/usr/include/opencv4/opencv2/core/mat.hpp:3601:43:[m[K [01;36m[Knote: [m[K  no known conversion for argument 1 from ‘[01m[Kcv::Point2f[m[K’ {aka ‘[01m[Kcv::Point_<float>[m[K’} to ‘[01m[Kconst cv::Mat&[m[K’
[4.411s]  3601 | CV_EXPORTS MatExpr operator + ([01;36m[Kconst Mat& m[m[K, const MatExpr& e);
[4.411s]       |                                [01;36m[K~~~~~~~~~~~^[m[K
[4.411s] [01m[K/usr/include/opencv4/opencv2/core/mat.hpp:3602:20:[m[K [01;36m[Knote: [m[Kcandidate: ‘[01m[Kcv::MatExpr cv::operator+(const cv::MatExpr&, const Scalar&)[m[K’
[4.411s]  3602 | CV_EXPORTS MatExpr [01;36m[Koperator[m[K + (const MatExpr& e, const Scalar& s);
[4.412s]       |                    [01;36m[K^~~~~~~~[m[K
[4.412s] [01m[K/usr/include/opencv4/opencv2/core/mat.hpp:3602:47:[m[K [01;36m[Knote: [m[K  no known conversion for argument 1 from ‘[01m[Kcv::Point2f[m[K’ {aka ‘[01m[Kcv::Point_<float>[m[K’} to ‘[01m[Kconst cv::MatExpr&[m[K’
[4.412s]  3602 | CV_EXPORTS MatExpr operator + ([01;36m[Kconst MatExpr& e[m[K, const Scalar& s);
[4.412s]       |                                [01;36m[K~~~~~~~~~~~~~~~^[m[K
[4.412s] [01m[K/usr/include/opencv4/opencv2/core/mat.hpp:3603:20:[m[K [01;36m[Knote: [m[Kcandidate: ‘[01m[Kcv::MatExpr cv::operator+(const Scalar&, const cv::MatExpr&)[m[K’
[4.413s]  3603 | CV_EXPORTS MatExpr [01;36m[Koperator[m[K + (const Scalar& s, const MatExpr& e);
[4.413s]       |                    [01;36m[K^~~~~~~~[m[K
[4.413s] [01m[K/usr/include/opencv4/opencv2/core/mat.hpp:3603:46:[m[K [01;36m[Knote: [m[K  no known conversion for argument 1 from ‘[01m[Kcv::Point2f[m[K’ {aka ‘[01m[Kcv::Point_<float>[m[K’} to ‘[01m[Kconst Scalar&[m[K’ {aka ‘[01m[Kconst cv::Scalar_<double>&[m[K’}
[4.413s]  3603 | CV_EXPORTS MatExpr operator + ([01;36m[Kconst Scalar& s[m[K, const MatExpr& e);
[4.413s]       |                                [01;36m[K~~~~~~~~~~~~~~^[m[K
[4.413s] [01m[K/usr/include/opencv4/opencv2/core/mat.hpp:3604:20:[m[K [01;36m[Knote: [m[Kcandidate: ‘[01m[Kcv::MatExpr cv::operator+(const cv::MatExpr&, const cv::MatExpr&)[m[K’
[4.414s]  3604 | CV_EXPORTS MatExpr [01;36m[Koperator[m[K + (const MatExpr& e1, const MatExpr& e2);
[4.414s]       |                    [01;36m[K^~~~~~~~[m[K
[4.414s] [01m[K/usr/include/opencv4/opencv2/core/mat.hpp:3604:47:[m[K [01;36m[Knote: [m[K  no known conversion for argument 1 from ‘[01m[Kcv::Point2f[m[K’ {aka ‘[01m[Kcv::Point_<float>[m[K’} to ‘[01m[Kconst cv::MatExpr&[m[K’
[4.414s]  3604 | CV_EXPORTS MatExpr operator + ([01;36m[Kconst MatExpr& e1[m[K, const MatExpr& e2);
[4.415s]       |                                [01;36m[K~~~~~~~~~~~~~~~^~[m[K
[4.415s] In file included from [01m[K/usr/include/opencv4/opencv2/core/mat.hpp:3764[m[K,
[4.415s]                  from [01m[K/usr/include/opencv4/opencv2/core.hpp:58[m[K,
[4.415s]                  from [01m[K/usr/include/opencv4/opencv2/opencv.hpp:52[m[K,
[4.415s]                  from [01m[K/home/edgar/Desktop/ldlidar_ros2_ws/src/laser_consumer/src/laser_consumer.cpp:4[m[K:
[4.415s] [01m[K/usr/include/opencv4/opencv2/core/mat.inl.hpp:2439:18:[m[K [01;36m[Knote: [m[Kcandidate: ‘[01m[Kcv::MatConstIterator cv::operator+(const cv::MatConstIterator&, ptrdiff_t)[m[K’
[4.416s]  2439 | MatConstIterator [01;36m[Koperator[m[K + (const MatConstIterator& a, ptrdiff_t ofs)
[4.416s]       |                  [01;36m[K^~~~~~~~[m[K
[4.416s] [01m[K/usr/include/opencv4/opencv2/core/mat.inl.hpp:2439:54:[m[K [01;36m[Knote: [m[K  no known conversion for argument 1 from ‘[01m[Kcv::Point2f[m[K’ {aka ‘[01m[Kcv::Point_<float>[m[K’} to ‘[01m[Kconst cv::MatConstIterator&[m[K’
[4.416s]  2439 | MatConstIterator operator + ([01;36m[Kconst MatConstIterator& a[m[K, ptrdiff_t ofs)
[4.416s]       |                              [01;36m[K~~~~~~~~~~~~~~~~~~~~~~~~^[m[K
[4.417s] [01m[K/usr/include/opencv4/opencv2/core/mat.inl.hpp:2446:18:[m[K [01;36m[Knote: [m[Kcandidate: ‘[01m[Kcv::MatConstIterator cv::operator+(ptrdiff_t, const cv::MatConstIterator&)[m[K’
[4.417s]  2446 | MatConstIterator [01;36m[Koperator[m[K + (ptrdiff_t ofs, const MatConstIterator& a)
[4.417s]       |                  [01;36m[K^~~~~~~~[m[K
[4.417s] [01m[K/usr/include/opencv4/opencv2/core/mat.inl.hpp:2446:40:[m[K [01;36m[Knote: [m[K  no known conversion for argument 1 from ‘[01m[Kcv::Point2f[m[K’ {aka ‘[01m[Kcv::Point_<float>[m[K’} to ‘[01m[Kptrdiff_t[m[K’ {aka ‘[01m[Klong int[m[K’}
[4.417s]  2446 | MatConstIterator operator + ([01;36m[Kptrdiff_t ofs[m[K, const MatConstIterator& a)
[4.417s]       |                              [01;36m[K~~~~~~~~~~^~~[m[K
[6.637s] gmake[2]: *** [CMakeFiles/laser_consumer.dir/build.make:76: CMakeFiles/laser_consumer.dir/src/laser_consumer.cpp.o] Error 1
[6.637s] gmake[1]: *** [CMakeFiles/Makefile2:137: CMakeFiles/laser_consumer.dir/all] Error 2
[6.637s] gmake: *** [Makefile:146: all] Error 2
[6.640s] Invoked command in '/home/edgar/Desktop/ldlidar_ros2_ws/build/laser_consumer' returned '2': CMAKE_PREFIX_PATH=/opt/ros/iron /usr/bin/cmake --build /home/edgar/Desktop/ldlidar_ros2_ws/build/laser_consumer -- -j4 -l4
